{"meta": {"format": 3, "version": "7.10.6", "timestamp": "2026-03-29T14:58:11.146911", "branch_coverage": false, "show_contexts": false}, "files": {"llx/__init__.py": {"executed_lines": [1, 17, 19, 20, 21, 23], "summary": {"covered_lines": 5, "num_statements": 5, "percent_covered": 100.0, "percent_covered_display": "100", "missing_lines": 0, "excluded_lines": 0}, "missing_lines": [], "excluded_lines": [], "functions": {"": {"executed_lines": [1, 17, 19, 20, 21, 23], "summary": {"covered_lines": 5, "num_statements": 5, "percent_covered": 100.0, "percent_covered_display": "100", "missing_lines": 0, "excluded_lines": 0}, "missing_lines": [], "excluded_lines": []}}, "classes": {"": {"executed_lines": [1, 17, 19, 20, 21, 23], "summary": {"covered_lines": 5, "num_statements": 5, "percent_covered": 100.0, "percent_covered_display": "100", "missing_lines": 0, "excluded_lines": 0}, "missing_lines": [], "excluded_lines": []}}}, "llx/__main__.py": {"executed_lines": [], "summary": {"covered_lines": 0, "num_statements": 2, "percent_covered": 0.0, "percent_covered_display": "0", "missing_lines": 2, "excluded_lines": 0}, "missing_lines": [2, 4], "excluded_lines": [], "functions": {"": {"executed_lines": [], "summary": {"covered_lines": 0, "num_statements": 2, "percent_covered": 0.0, "percent_covered_display": "0", "missing_lines": 2, "excluded_lines": 0}, "missing_lines": [2, 4], "excluded_lines": []}}, "classes": {"": {"executed_lines": [], "summary": {"covered_lines": 0, "num_statements": 2, "percent_covered": 0.0, "percent_covered_display": "0", "missing_lines": 2, "excluded_lines": 0}, "missing_lines": [2, 4], "excluded_lines": []}}}, "llx/analysis/__init__.py": {"executed_lines": [1], "summary": {"covered_lines": 0, "num_statements": 0, "percent_covered": 100.0, "percent_covered_display": "100", "missing_lines": 0, "excluded_lines": 0}, "missing_lines": [], "excluded_lines": [], "functions": {"": {"executed_lines": [1], "summary": {"covered_lines": 0, "num_statements": 0, "percent_covered": 100.0, "percent_covered_display": "100", "missing_lines": 0, "excluded_lines": 0}, "missing_lines": [], "excluded_lines": []}}, "classes": {"": {"executed_lines": [1], "summary": {"covered_lines": 0, "num_statements": 0, "percent_covered": 100.0, "percent_covered_display": "100", "missing_lines": 0, "excluded_lines": 0}, "missing_lines": [], "excluded_lines": []}}}, "llx/analysis/collector.py": {"executed_lines": [1, 9, 10, 11, 12, 13, 15, 19, 20, 21, 22, 23, 24, 25, 26, 27, 28, 31, 32, 33, 34, 35, 36, 37, 38, 41, 42, 43, 44, 45, 46, 47, 48, 51, 52, 53, 56, 57, 58, 59, 62, 63, 64, 70, 71, 72, 73, 74, 77, 78, 79, 80, 83, 84, 85, 86, 89, 90, 93, 94, 97, 98, 99, 101, 102, 104, 105, 106, 107, 108, 109, 110, 112, 113, 115, 116, 117, 118, 119, 120, 122, 123, 125, 126, 127, 128, 129, 130, 133, 142, 143, 145, 147, 148, 149, 150, 151, 152, 153, 155, 156, 157, 164, 170, 173, 175, 176, 177, 178, 179, 180, 181, 182, 183, 184, 185, 188, 195, 198, 201, 205, 208, 210, 214, 217, 219, 223, 225, 226, 227, 228, 229, 230, 231, 234, 235, 236, 237, 240, 242, 243, 244, 254, 255, 256, 257, 260, 262, 263, 264, 265, 266, 267, 268, 271, 274, 275, 276, 279, 280, 281, 282, 285, 292, 293, 294, 297, 298, 299, 302, 303, 306, 323, 334, 358, 366, 375, 382, 411, 413, 414, 420, 422, 423, 436, 438, 439, 440, 441, 459, 462, 464, 465, 468, 470, 471, 474, 476, 477], "summary": {"covered_lines": 197, "num_statements": 302, "percent_covered": 65.23178807947019, "percent_covered_display": "65", "missing_lines": 105, "excluded_lines": 0}, "missing_lines": [186, 187, 202, 209, 211, 218, 220, 245, 246, 247, 248, 249, 250, 251, 308, 309, 310, 311, 312, 313, 314, 315, 316, 317, 318, 319, 320, 325, 326, 327, 329, 330, 331, 336, 337, 338, 339, 340, 341, 342, 343, 344, 345, 346, 347, 348, 349, 350, 351, 352, 353, 354, 355, 360, 361, 362, 363, 368, 369, 370, 371, 372, 377, 378, 379, 391, 392, 393, 394, 397, 398, 399, 400, 401, 402, 404, 415, 416, 417, 424, 425, 426, 427, 428, 429, 442, 443, 444, 445, 446, 447, 448, 450, 451, 453, 454, 455, 456, 457, 458, 478, 479, 480, 481, 482], "excluded_lines": [], "functions": {"ProjectMetrics.complexity_score": {"executed_lines": [104, 105, 106, 107, 108, 109, 110], "summary": {"covered_lines": 7, "num_statements": 7, "percent_covered": 100.0, "percent_covered_display": "100", "missing_lines": 0, "excluded_lines": 0}, "missing_lines": [], "excluded_lines": []}, "ProjectMetrics.scale_score": {"executed_lines": [115, 116, 117, 118, 119, 120], "summary": {"covered_lines": 6, "num_statements": 6, "percent_covered": 100.0, "percent_covered_display": "100", "missing_lines": 0, "excluded_lines": 0}, "missing_lines": [], "excluded_lines": []}, "ProjectMetrics.coupling_score": {"executed_lines": [125, 126, 127, 128, 129, 130], "summary": {"covered_lines": 6, "num_statements": 6, "percent_covered": 100.0, "percent_covered_display": "100", "missing_lines": 0, "excluded_lines": 0}, "missing_lines": [], "excluded_lines": []}, "analyze_project": {"executed_lines": [142, 143, 145, 147, 148, 149, 150, 151, 152, 153, 155, 156, 157], "summary": {"covered_lines": 13, "num_statements": 13, "percent_covered": 100.0, "percent_covered_display": "100", "missing_lines": 0, "excluded_lines": 0}, "missing_lines": [], "excluded_lines": []}, "_collect_filesystem_metrics": {"executed_lines": [175, 176, 177, 178, 179, 180, 181, 182, 183, 184, 185, 188], "summary": {"covered_lines": 12, "num_statements": 14, "percent_covered": 85.71428571428571, "percent_covered_display": "86", "missing_lines": 2, "excluded_lines": 0}, "missing_lines": [186, 187], "excluded_lines": []}, "_collect_code2llm_metrics": {"executed_lines": [198, 201, 205, 208, 210, 214, 217, 219], "summary": {"covered_lines": 8, "num_statements": 13, "percent_covered": 61.53846153846154, "percent_covered_display": "62", "missing_lines": 5, "excluded_lines": 0}, "missing_lines": [202, 209, 211, 218, 220], "excluded_lines": []}, "_apply_analysis_yaml": {"executed_lines": [225, 226, 227, 228, 229, 230, 231, 234, 235, 236, 237], "summary": {"covered_lines": 11, "num_statements": 11, "percent_covered": 100.0, "percent_covered_display": "100", "missing_lines": 0, "excluded_lines": 0}, "missing_lines": [], "excluded_lines": []}, "_extract_metrics_target": {"executed_lines": [242, 243, 244, 254, 255, 256, 257], "summary": {"covered_lines": 7, "num_statements": 14, "percent_covered": 50.0, "percent_covered_display": "50", "missing_lines": 7, "excluded_lines": 0}, "missing_lines": [245, 246, 247, 248, 249, 250, 251], "excluded_lines": []}, "_extract_evolution_stats": {"executed_lines": [262, 263, 264, 265, 266, 267, 268], "summary": {"covered_lines": 7, "num_statements": 7, "percent_covered": 100.0, "percent_covered_display": "100", "missing_lines": 0, "excluded_lines": 0}, "missing_lines": [], "excluded_lines": []}, "_extract_evolution_actions": {"executed_lines": [274, 275, 276, 279, 280, 281, 282], "summary": {"covered_lines": 7, "num_statements": 7, "percent_covered": 100.0, "percent_covered_display": "100", "missing_lines": 0, "excluded_lines": 0}, "missing_lines": [], "excluded_lines": []}, "_apply_evolution_yaml": {"executed_lines": [292, 293, 294, 297, 298, 299, 302, 303], "summary": {"covered_lines": 8, "num_statements": 8, "percent_covered": 100.0, "percent_covered_display": "100", "missing_lines": 0, "excluded_lines": 0}, "missing_lines": [], "excluded_lines": []}, "_apply_evolution_text": {"executed_lines": [], "summary": {"covered_lines": 0, "num_statements": 13, "percent_covered": 0.0, "percent_covered_display": "0", "missing_lines": 13, "excluded_lines": 0}, "missing_lines": [308, 309, 310, 311, 312, 313, 314, 315, 316, 317, 318, 319, 320], "excluded_lines": []}, "_apply_map_yaml": {"executed_lines": [], "summary": {"covered_lines": 0, "num_statements": 6, "percent_covered": 0.0, "percent_covered_display": "0", "missing_lines": 6, "excluded_lines": 0}, "missing_lines": [325, 326, 327, 329, 330, 331], "excluded_lines": []}, "_parse_map_stats_line": {"executed_lines": [], "summary": {"covered_lines": 0, "num_statements": 20, "percent_covered": 0.0, "percent_covered_display": "0", "missing_lines": 20, "excluded_lines": 0}, "missing_lines": [336, 337, 338, 339, 340, 341, 342, 343, 344, 345, 346, 347, 348, 349, 350, 351, 352, 353, 354, 355], "excluded_lines": []}, "_parse_map_alerts_line": {"executed_lines": [], "summary": {"covered_lines": 0, "num_statements": 4, "percent_covered": 0.0, "percent_covered_display": "0", "missing_lines": 4, "excluded_lines": 0}, "missing_lines": [360, 361, 362, 363], "excluded_lines": []}, "_parse_map_hotspots_line": {"executed_lines": [], "summary": {"covered_lines": 0, "num_statements": 5, "percent_covered": 0.0, "percent_covered_display": "0", "missing_lines": 5, "excluded_lines": 0}, "missing_lines": [368, 369, 370, 371, 372], "excluded_lines": []}, "_count_map_modules": {"executed_lines": [], "summary": {"covered_lines": 0, "num_statements": 3, "percent_covered": 0.0, "percent_covered_display": "0", "missing_lines": 3, "excluded_lines": 0}, "missing_lines": [377, 378, 379], "excluded_lines": []}, "_apply_map_text": {"executed_lines": [], "summary": {"covered_lines": 0, "num_statements": 11, "percent_covered": 0.0, "percent_covered_display": "0", "missing_lines": 11, "excluded_lines": 0}, "missing_lines": [391, 392, 393, 394, 397, 398, 399, 400, 401, 402, 404], "excluded_lines": []}, "_collect_redup_metrics": {"executed_lines": [413, 414], "summary": {"covered_lines": 2, "num_statements": 5, "percent_covered": 40.0, "percent_covered_display": "40", "missing_lines": 3, "excluded_lines": 0}, "missing_lines": [415, 416, 417], "excluded_lines": []}, "_collect_vallm_metrics": {"executed_lines": [422, 423], "summary": {"covered_lines": 2, "num_statements": 8, "percent_covered": 25.0, "percent_covered_display": "25", "missing_lines": 6, "excluded_lines": 0}, "missing_lines": [424, 425, 426, 427, 428, 429], "excluded_lines": []}, "_load_file": {"executed_lines": [438, 439, 440, 441, 459], "summary": {"covered_lines": 5, "num_statements": 20, "percent_covered": 25.0, "percent_covered_display": "25", "missing_lines": 15, "excluded_lines": 0}, "missing_lines": [442, 443, 444, 445, 446, 447, 448, 450, 451, 453, 454, 455, 456, 457, 458], "excluded_lines": []}, "_extract_cc_value": {"executed_lines": [464, 465], "summary": {"covered_lines": 2, "num_statements": 2, "percent_covered": 100.0, "percent_covered_display": "100", "missing_lines": 0, "excluded_lines": 0}, "missing_lines": [], "excluded_lines": []}, "_estimate_context_tokens": {"executed_lines": [470, 471], "summary": {"covered_lines": 2, "num_statements": 2, "percent_covered": 100.0, "percent_covered_display": "100", "missing_lines": 0, "excluded_lines": 0}, "missing_lines": [], "excluded_lines": []}, "_classify_scope": {"executed_lines": [476, 477], "summary": {"covered_lines": 2, "num_statements": 7, "percent_covered": 28.571428571428573, "percent_covered_display": "29", "missing_lines": 5, "excluded_lines": 0}, "missing_lines": [478, 479, 480, 481, 482], "excluded_lines": []}, "": {"executed_lines": [1, 9, 10, 11, 12, 13, 15, 19, 20, 21, 22, 23, 24, 25, 26, 27, 28, 31, 32, 33, 34, 35, 36, 37, 38, 41, 42, 43, 44, 45, 46, 47, 48, 51, 52, 53, 56, 57, 58, 59, 62, 63, 64, 70, 71, 72, 73, 74, 77, 78, 79, 80, 83, 84, 85, 86, 89, 90, 93, 94, 97, 98, 99, 101, 102, 112, 113, 122, 123, 133, 164, 170, 173, 195, 223, 240, 260, 271, 285, 306, 323, 334, 358, 366, 375, 382, 411, 420, 436, 462, 468, 474], "summary": {"covered_lines": 90, "num_statements": 90, "percent_covered": 100.0, "percent_covered_display": "100", "missing_lines": 0, "excluded_lines": 0}, "missing_lines": [], "excluded_lines": []}}, "classes": {"ProjectMetrics": {"executed_lines": [104, 105, 106, 107, 108, 109, 110, 115, 116, 117, 118, 119, 120, 125, 126, 127, 128, 129, 130], "summary": {"covered_lines": 19, "num_statements": 19, "percent_covered": 100.0, "percent_covered_display": "100", "missing_lines": 0, "excluded_lines": 0}, "missing_lines": [], "excluded_lines": []}, "": {"executed_lines": [1, 9, 10, 11, 12, 13, 15, 19, 20, 21, 22, 23, 24, 25, 26, 27, 28, 31, 32, 33, 34, 35, 36, 37, 38, 41, 42, 43, 44, 45, 46, 47, 48, 51, 52, 53, 56, 57, 58, 59, 62, 63, 64, 70, 71, 72, 73, 74, 77, 78, 79, 80, 83, 84, 85, 86, 89, 90, 93, 94, 97, 98, 99, 101, 102, 112, 113, 122, 123, 133, 142, 143, 145, 147, 148, 149, 150, 151, 152, 153, 155, 156, 157, 164, 170, 173, 175, 176, 177, 178, 179, 180, 181, 182, 183, 184, 185, 188, 195, 198, 201, 205, 208, 210, 214, 217, 219, 223, 225, 226, 227, 228, 229, 230, 231, 234, 235, 236, 237, 240, 242, 243, 244, 254, 255, 256, 257, 260, 262, 263, 264, 265, 266, 267, 268, 271, 274, 275, 276, 279, 280, 281, 282, 285, 292, 293, 294, 297, 298, 299, 302, 303, 306, 323, 334, 358, 366, 375, 382, 411, 413, 414, 420, 422, 423, 436, 438, 439, 440, 441, 459, 462, 464, 465, 468, 470, 471, 474, 476, 477], "summary": {"covered_lines": 178, "num_statements": 283, "percent_covered": 62.897526501766784, "percent_covered_display": "63", "missing_lines": 105, "excluded_lines": 0}, "missing_lines": [186, 187, 202, 209, 211, 218, 220, 245, 246, 247, 248, 249, 250, 251, 308, 309, 310, 311, 312, 313, 314, 315, 316, 317, 318, 319, 320, 325, 326, 327, 329, 330, 331, 336, 337, 338, 339, 340, 341, 342, 343, 344, 345, 346, 347, 348, 349, 350, 351, 352, 353, 354, 355, 360, 361, 362, 363, 368, 369, 370, 371, 372, 377, 378, 379, 391, 392, 393, 394, 397, 398, 399, 400, 401, 402, 404, 415, 416, 417, 424, 425, 426, 427, 428, 429, 442, 443, 444, 445, 446, 447, 448, 450, 451, 453, 454, 455, 456, 457, 458, 478, 479, 480, 481, 482], "excluded_lines": []}}}, "llx/analysis/runner.py": {"executed_lines": [], "summary": {"covered_lines": 0, "num_statements": 45, "percent_covered": 0.0, "percent_covered_display": "0", "missing_lines": 45, "excluded_lines": 0}, "missing_lines": [7, 8, 9, 10, 11, 14, 15, 18, 19, 20, 21, 22, 23, 26, 28, 31, 35, 36, 37, 38, 39, 40, 41, 42, 43, 44, 45, 46, 49, 50, 55, 56, 61, 62, 68, 73, 74, 75, 76, 77, 78, 79, 80, 81, 82], "excluded_lines": [], "functions": {"check_tool": {"executed_lines": [], "summary": {"covered_lines": 0, "num_statements": 1, "percent_covered": 0.0, "percent_covered_display": "0", "missing_lines": 1, "excluded_lines": 0}, "missing_lines": [28], "excluded_lines": []}, "_run_tool": {"executed_lines": [], "summary": {"covered_lines": 0, "num_statements": 12, "percent_covered": 0.0, "percent_covered_display": "0", "missing_lines": 12, "excluded_lines": 0}, "missing_lines": [35, 36, 37, 38, 39, 40, 41, 42, 43, 44, 45, 46], "excluded_lines": []}, "run_code2llm": {"executed_lines": [], "summary": {"covered_lines": 0, "num_statements": 1, "percent_covered": 0.0, "percent_covered_display": "0", "missing_lines": 1, "excluded_lines": 0}, "missing_lines": [50], "excluded_lines": []}, "run_redup": {"executed_lines": [], "summary": {"covered_lines": 0, "num_statements": 1, "percent_covered": 0.0, "percent_covered_display": "0", "missing_lines": 1, "excluded_lines": 0}, "missing_lines": [56], "excluded_lines": []}, "run_vallm": {"executed_lines": [], "summary": {"covered_lines": 0, "num_statements": 1, "percent_covered": 0.0, "percent_covered_display": "0", "missing_lines": 1, "excluded_lines": 0}, "missing_lines": [62], "excluded_lines": []}, "run_all_tools": {"executed_lines": [], "summary": {"covered_lines": 0, "num_statements": 10, "percent_covered": 0.0, "percent_covered_display": "0", "missing_lines": 10, "excluded_lines": 0}, "missing_lines": [73, 74, 75, 76, 77, 78, 79, 80, 81, 82], "excluded_lines": []}, "": {"executed_lines": [], "summary": {"covered_lines": 0, "num_statements": 19, "percent_covered": 0.0, "percent_covered_display": "0", "missing_lines": 19, "excluded_lines": 0}, "missing_lines": [7, 8, 9, 10, 11, 14, 15, 18, 19, 20, 21, 22, 23, 26, 31, 49, 55, 61, 68], "excluded_lines": []}}, "classes": {"ToolResult": {"executed_lines": [], "summary": {"covered_lines": 0, "num_statements": 0, "percent_covered": 100.0, "percent_covered_display": "100", "missing_lines": 0, "excluded_lines": 0}, "missing_lines": [], "excluded_lines": []}, "": {"executed_lines": [], "summary": {"covered_lines": 0, "num_statements": 45, "percent_covered": 0.0, "percent_covered_display": "0", "missing_lines": 45, "excluded_lines": 0}, "missing_lines": [7, 8, 9, 10, 11, 14, 15, 18, 19, 20, 21, 22, 23, 26, 28, 31, 35, 36, 37, 38, 39, 40, 41, 42, 43, 44, 45, 46, 49, 50, 55, 56, 61, 62, 68, 73, 74, 75, 76, 77, 78, 79, 80, 81, 82], "excluded_lines": []}}}, "llx/cli/__init__.py": {"executed_lines": [], "summary": {"covered_lines": 0, "num_statements": 0, "percent_covered": 100.0, "percent_covered_display": "100", "missing_lines": 0, "excluded_lines": 0}, "missing_lines": [], "excluded_lines": [], "functions": {"": {"executed_lines": [], "summary": {"covered_lines": 0, "num_statements": 0, "percent_covered": 100.0, "percent_covered_display": "100", "missing_lines": 0, "excluded_lines": 0}, "missing_lines": [], "excluded_lines": []}}, "classes": {"": {"executed_lines": [], "summary": {"covered_lines": 0, "num_statements": 0, "percent_covered": 100.0, "percent_covered_display": "100", "missing_lines": 0, "excluded_lines": 0}, "missing_lines": [], "excluded_lines": []}}}, "llx/cli/app.py": {"executed_lines": [], "summary": {"covered_lines": 0, "num_statements": 588, "percent_covered": 0.0, "percent_covered_display": "0", "missing_lines": 588, "excluded_lines": 0}, "missing_lines": [19, 21, 22, 23, 25, 26, 27, 28, 31, 33, 34, 35, 36, 38, 39, 40, 41, 42, 43, 44, 45, 48, 51, 52, 63, 64, 65, 67, 68, 70, 71, 73, 74, 76, 77, 78, 80, 83, 84, 91, 92, 93, 94, 95, 96, 97, 100, 101, 111, 112, 113, 116, 117, 118, 120, 122, 125, 126, 128, 130, 131, 133, 134, 135, 136, 137, 138, 141, 142, 148, 149, 150, 151, 152, 153, 154, 155, 156, 157, 158, 159, 162, 163, 165, 166, 167, 168, 171, 172, 174, 175, 176, 177, 178, 181, 182, 188, 189, 190, 193, 194, 196, 197, 200, 201, 203, 204, 205, 206, 208, 209, 212, 258, 259, 260, 262, 263, 264, 266, 268, 273, 274, 279, 280, 281, 282, 283, 284, 286, 287, 289, 290, 298, 299, 300, 302, 303, 305, 312, 313, 314, 315, 316, 321, 322, 327, 328, 335, 336, 338, 339, 340, 341, 342, 344, 346, 347, 357, 358, 361, 362, 363, 364, 365, 366, 367, 369, 372, 373, 375, 376, 377, 380, 381, 382, 383, 384, 385, 388, 389, 391, 392, 393, 394, 395, 396, 397, 399, 406, 407, 410, 411, 412, 413, 414, 415, 416, 418, 419, 422, 423, 436, 437, 440, 441, 442, 443, 445, 447, 449, 450, 453, 454, 455, 456, 459, 462, 463, 464, 465, 466, 467, 468, 469, 472, 473, 474, 475, 476, 477, 480, 481, 482, 483, 486, 488, 489, 490, 492, 502, 503, 504, 505, 506, 509, 510, 512, 513, 514, 515, 518, 519, 520, 522, 524, 525, 530, 531, 534, 535, 536, 537, 539, 540, 541, 542, 543, 546, 547, 551, 553, 554, 557, 560, 563, 565, 566, 567, 568, 569, 571, 572, 575, 576, 577, 578, 579, 580, 581, 584, 585, 587, 589, 591, 593, 594, 595, 596, 597, 598, 601, 602, 616, 617, 619, 620, 621, 622, 623, 624, 625, 626, 627, 628, 629, 630, 631, 632, 633, 634, 635, 636, 637, 639, 641, 647, 648, 649, 650, 651, 652, 654, 655, 657, 658, 659, 660, 663, 670, 671, 672, 673, 674, 677, 679, 685, 686, 689, 690, 698, 699, 700, 701, 702, 705, 707, 708, 709, 710, 711, 712, 713, 715, 716, 717, 718, 719, 720, 721, 723, 724, 726, 729, 730, 732, 733, 736, 737, 738, 739, 740, 742, 744, 746, 747, 752, 753, 755, 756, 759, 760, 767, 769, 771, 772, 774, 775, 777, 779, 780, 782, 783, 784, 785, 786, 789, 790, 792, 793, 795, 796, 797, 799, 800, 801, 802, 804, 805, 806, 808, 809, 810, 811, 812, 814, 815, 817, 818, 819, 820, 821, 823, 824, 827, 828, 829, 830, 831, 832, 833, 834, 835, 838, 839, 840, 841, 842, 843, 844, 845, 846, 847, 849, 857, 858, 859, 860, 861, 862, 863, 864, 865, 867, 869, 870, 871, 872, 874, 876, 877, 878, 879, 880, 881, 882, 885, 889, 891, 898, 899, 900, 901, 907, 908, 911, 912, 914, 917, 919, 920, 921, 922, 923, 924, 925, 926, 927, 928, 930, 931, 932, 934, 935, 936, 938, 941, 942, 948, 949, 950, 953, 954, 956, 957, 959, 960, 962, 963, 964, 967, 968, 971, 972, 973, 974, 976, 977, 978, 981, 982, 983, 984, 985, 986, 987, 990, 991, 992, 993, 994, 995, 996, 997, 998, 999, 1001, 1002, 1003, 1005, 1007, 1008, 1009, 1010, 1011, 1012, 1013, 1014, 1016, 1019, 1020, 1027, 1030, 1031, 1032, 1033, 1035, 1041, 1042, 1044, 1045, 1052, 1053, 1055, 1056, 1057, 1059, 1060, 1063, 1064, 1067, 1068, 1072, 1076, 1077, 1078, 1083, 1086, 1087], "excluded_lines": [], "functions": {"analyze": {"executed_lines": [], "summary": {"covered_lines": 0, "num_statements": 13, "percent_covered": 0.0, "percent_covered_display": "0", "missing_lines": 13, "excluded_lines": 0}, "missing_lines": [63, 64, 65, 67, 68, 70, 71, 73, 74, 76, 77, 78, 80], "excluded_lines": []}, "select": {"executed_lines": [], "summary": {"covered_lines": 0, "num_statements": 7, "percent_covered": 0.0, "percent_covered_display": "0", "missing_lines": 7, "excluded_lines": 0}, "missing_lines": [91, 92, 93, 94, 95, 96, 97], "excluded_lines": []}, "chat": {"executed_lines": [], "summary": {"covered_lines": 0, "num_statements": 19, "percent_covered": 0.0, "percent_covered_display": "0", "missing_lines": 19, "excluded_lines": 0}, "missing_lines": [111, 112, 113, 116, 117, 118, 120, 122, 125, 126, 128, 130, 131, 133, 134, 135, 136, 137, 138], "excluded_lines": []}, "proxy_start": {"executed_lines": [], "summary": {"covered_lines": 0, "num_statements": 12, "percent_covered": 0.0, "percent_covered_display": "0", "missing_lines": 12, "excluded_lines": 0}, "missing_lines": [148, 149, 150, 151, 152, 153, 154, 155, 156, 157, 158, 159], "excluded_lines": []}, "proxy_config": {"executed_lines": [], "summary": {"covered_lines": 0, "num_statements": 4, "percent_covered": 0.0, "percent_covered_display": "0", "missing_lines": 4, "excluded_lines": 0}, "missing_lines": [165, 166, 167, 168], "excluded_lines": []}, "proxy_status": {"executed_lines": [], "summary": {"covered_lines": 0, "num_statements": 5, "percent_covered": 0.0, "percent_covered_display": "0", "missing_lines": 5, "excluded_lines": 0}, "missing_lines": [174, 175, 176, 177, 178], "excluded_lines": []}, "models": {"executed_lines": [], "summary": {"covered_lines": 0, "num_statements": 3, "percent_covered": 0.0, "percent_covered_display": "0", "missing_lines": 3, "excluded_lines": 0}, "missing_lines": [188, 189, 190], "excluded_lines": []}, "info": {"executed_lines": [], "summary": {"covered_lines": 0, "num_statements": 2, "percent_covered": 0.0, "percent_covered_display": "0", "missing_lines": 2, "excluded_lines": 0}, "missing_lines": [196, 197], "excluded_lines": []}, "init": {"executed_lines": [], "summary": {"covered_lines": 0, "num_statements": 6, "percent_covered": 0.0, "percent_covered_display": "0", "missing_lines": 6, "excluded_lines": 0}, "missing_lines": [203, 204, 205, 206, 208, 209], "excluded_lines": []}, "_run_analysis_tools": {"executed_lines": [], "summary": {"covered_lines": 0, "num_statements": 4, "percent_covered": 0.0, "percent_covered_display": "0", "missing_lines": 4, "excluded_lines": 0}, "missing_lines": [259, 260, 262, 268], "excluded_lines": []}, "_run_analysis_tools.on_progress": {"executed_lines": [], "summary": {"covered_lines": 0, "num_statements": 3, "percent_covered": 0.0, "percent_covered_display": "0", "missing_lines": 3, "excluded_lines": 0}, "missing_lines": [263, 264, 266], "excluded_lines": []}, "mcp_start": {"executed_lines": [], "summary": {"covered_lines": 0, "num_statements": 6, "percent_covered": 0.0, "percent_covered_display": "0", "missing_lines": 6, "excluded_lines": 0}, "missing_lines": [279, 280, 281, 282, 283, 284], "excluded_lines": []}, "mcp_config": {"executed_lines": [], "summary": {"covered_lines": 0, "num_statements": 5, "percent_covered": 0.0, "percent_covered_display": "0", "missing_lines": 5, "excluded_lines": 0}, "missing_lines": [289, 290, 298, 299, 300], "excluded_lines": []}, "mcp_tools": {"executed_lines": [], "summary": {"covered_lines": 0, "num_statements": 8, "percent_covered": 0.0, "percent_covered_display": "0", "missing_lines": 8, "excluded_lines": 0}, "missing_lines": [305, 312, 313, 314, 315, 316, 321, 322], "excluded_lines": []}, "plan_apply": {"executed_lines": [], "summary": {"covered_lines": 0, "num_statements": 8, "percent_covered": 0.0, "percent_covered_display": "0", "missing_lines": 8, "excluded_lines": 0}, "missing_lines": [335, 336, 338, 339, 340, 341, 342, 344], "excluded_lines": []}, "plan_models": {"executed_lines": [], "summary": {"covered_lines": 0, "num_statements": 42, "percent_covered": 0.0, "percent_covered_display": "0", "missing_lines": 42, "excluded_lines": 0}, "missing_lines": [357, 358, 361, 362, 363, 364, 365, 366, 367, 369, 372, 373, 375, 376, 377, 380, 381, 382, 383, 384, 385, 388, 389, 391, 392, 393, 394, 395, 396, 397, 399, 406, 407, 410, 411, 412, 413, 414, 415, 416, 418, 419], "excluded_lines": []}, "plan_all": {"executed_lines": [], "summary": {"covered_lines": 0, "num_statements": 66, "percent_covered": 0.0, "percent_covered_display": "0", "missing_lines": 66, "excluded_lines": 0}, "missing_lines": [436, 437, 440, 441, 442, 443, 445, 447, 449, 450, 453, 454, 455, 456, 459, 462, 463, 464, 465, 466, 467, 468, 469, 472, 473, 474, 475, 476, 477, 480, 481, 482, 483, 486, 488, 489, 490, 492, 502, 503, 504, 505, 506, 509, 510, 512, 513, 514, 515, 518, 519, 520, 522, 524, 525, 530, 531, 534, 535, 536, 537, 539, 540, 541, 542, 543], "excluded_lines": []}, "plan_detect": {"executed_lines": [], "summary": {"covered_lines": 0, "num_statements": 20, "percent_covered": 0.0, "percent_covered_display": "0", "missing_lines": 20, "excluded_lines": 0}, "missing_lines": [551, 553, 554, 557, 560, 563, 565, 566, 567, 568, 569, 571, 572, 575, 576, 577, 578, 579, 580, 581], "excluded_lines": []}, "plan_types": {"executed_lines": [], "summary": {"covered_lines": 0, "num_statements": 9, "percent_covered": 0.0, "percent_covered_display": "0", "missing_lines": 9, "excluded_lines": 0}, "missing_lines": [587, 589, 591, 593, 594, 595, 596, 597, 598], "excluded_lines": []}, "plan_generate": {"executed_lines": [], "summary": {"covered_lines": 0, "num_statements": 22, "percent_covered": 0.0, "percent_covered_display": "0", "missing_lines": 22, "excluded_lines": 0}, "missing_lines": [616, 617, 619, 620, 621, 622, 623, 624, 625, 626, 627, 628, 629, 630, 631, 632, 633, 634, 635, 636, 637, 639], "excluded_lines": []}, "_plan_generate_impl": {"executed_lines": [], "summary": {"covered_lines": 0, "num_statements": 18, "percent_covered": 0.0, "percent_covered_display": "0", "missing_lines": 18, "excluded_lines": 0}, "missing_lines": [647, 648, 649, 650, 651, 652, 654, 655, 657, 658, 659, 660, 663, 670, 671, 672, 673, 674], "excluded_lines": []}, "_get_model_for_generation": {"executed_lines": [], "summary": {"covered_lines": 0, "num_statements": 39, "percent_covered": 0.0, "percent_covered_display": "0", "missing_lines": 39, "excluded_lines": 0}, "missing_lines": [679, 685, 686, 689, 690, 698, 699, 700, 701, 702, 705, 707, 708, 709, 710, 711, 712, 713, 715, 716, 717, 718, 719, 720, 721, 723, 724, 726, 729, 730, 732, 733, 736, 737, 738, 739, 740, 742, 744], "excluded_lines": []}, "plan_review": {"executed_lines": [], "summary": {"covered_lines": 0, "num_statements": 4, "percent_covered": 0.0, "percent_covered_display": "0", "missing_lines": 4, "excluded_lines": 0}, "missing_lines": [752, 753, 755, 756], "excluded_lines": []}, "plan_code": {"executed_lines": [], "summary": {"covered_lines": 0, "num_statements": 1, "percent_covered": 0.0, "percent_covered_display": "0", "missing_lines": 1, "excluded_lines": 0}, "missing_lines": [767], "excluded_lines": []}, "_plan_code_impl": {"executed_lines": [], "summary": {"covered_lines": 0, "num_statements": 87, "percent_covered": 0.0, "percent_covered_display": "0", "missing_lines": 87, "excluded_lines": 0}, "missing_lines": [771, 772, 774, 775, 777, 779, 780, 782, 783, 784, 785, 786, 789, 790, 792, 793, 795, 796, 797, 799, 800, 801, 802, 804, 805, 806, 808, 809, 810, 811, 812, 814, 815, 817, 818, 819, 820, 821, 823, 824, 827, 828, 829, 830, 831, 832, 833, 834, 835, 838, 839, 840, 841, 842, 843, 844, 845, 846, 847, 849, 857, 858, 859, 860, 861, 862, 863, 864, 865, 867, 869, 870, 871, 872, 874, 876, 877, 878, 879, 880, 881, 882, 885, 889, 891, 898, 899], "excluded_lines": []}, "plan_run": {"executed_lines": [], "summary": {"covered_lines": 0, "num_statements": 23, "percent_covered": 0.0, "percent_covered_display": "0", "missing_lines": 23, "excluded_lines": 0}, "missing_lines": [907, 908, 911, 912, 914, 917, 919, 920, 921, 922, 923, 924, 925, 926, 927, 928, 930, 931, 932, 934, 935, 936, 938], "excluded_lines": []}, "plan_monitor": {"executed_lines": [], "summary": {"covered_lines": 0, "num_statements": 19, "percent_covered": 0.0, "percent_covered_display": "0", "missing_lines": 19, "excluded_lines": 0}, "missing_lines": [948, 949, 950, 953, 954, 956, 957, 959, 960, 962, 1007, 1008, 1009, 1010, 1011, 1012, 1013, 1014, 1016], "excluded_lines": []}, "plan_monitor._check": {"executed_lines": [], "summary": {"covered_lines": 0, "num_statements": 32, "percent_covered": 0.0, "percent_covered_display": "0", "missing_lines": 32, "excluded_lines": 0}, "missing_lines": [963, 964, 967, 968, 971, 972, 973, 974, 976, 977, 978, 981, 982, 983, 984, 985, 986, 987, 990, 991, 992, 993, 994, 995, 996, 997, 998, 999, 1001, 1002, 1003, 1005], "excluded_lines": []}, "plan_wizard": {"executed_lines": [], "summary": {"covered_lines": 0, "num_statements": 26, "percent_covered": 0.0, "percent_covered_display": "0", "missing_lines": 26, "excluded_lines": 0}, "missing_lines": [1027, 1030, 1031, 1032, 1033, 1035, 1041, 1042, 1044, 1045, 1052, 1053, 1055, 1056, 1057, 1059, 1060, 1063, 1064, 1067, 1068, 1072, 1076, 1077, 1078, 1083], "excluded_lines": []}, "main": {"executed_lines": [], "summary": {"covered_lines": 0, "num_statements": 1, "percent_covered": 0.0, "percent_covered_display": "0", "missing_lines": 1, "excluded_lines": 0}, "missing_lines": [1087], "excluded_lines": []}, "": {"executed_lines": [], "summary": {"covered_lines": 0, "num_statements": 74, "percent_covered": 0.0, "percent_covered_display": "0", "missing_lines": 74, "excluded_lines": 0}, "missing_lines": [19, 21, 22, 23, 25, 26, 27, 28, 31, 33, 34, 35, 36, 38, 39, 40, 41, 42, 43, 44, 45, 48, 51, 52, 83, 84, 100, 101, 141, 142, 162, 163, 171, 172, 181, 182, 193, 194, 200, 201, 212, 258, 273, 274, 286, 287, 302, 303, 327, 328, 346, 347, 422, 423, 546, 547, 584, 585, 601, 602, 641, 677, 746, 747, 759, 760, 769, 900, 901, 941, 942, 1019, 1020, 1086], "excluded_lines": []}}, "classes": {"": {"executed_lines": [], "summary": {"covered_lines": 0, "num_statements": 588, "percent_covered": 0.0, "percent_covered_display": "0", "missing_lines": 588, "excluded_lines": 0}, "missing_lines": [19, 21, 22, 23, 25, 26, 27, 28, 31, 33, 34, 35, 36, 38, 39, 40, 41, 42, 43, 44, 45, 48, 51, 52, 63, 64, 65, 67, 68, 70, 71, 73, 74, 76, 77, 78, 80, 83, 84, 91, 92, 93, 94, 95, 96, 97, 100, 101, 111, 112, 113, 116, 117, 118, 120, 122, 125, 126, 128, 130, 131, 133, 134, 135, 136, 137, 138, 141, 142, 148, 149, 150, 151, 152, 153, 154, 155, 156, 157, 158, 159, 162, 163, 165, 166, 167, 168, 171, 172, 174, 175, 176, 177, 178, 181, 182, 188, 189, 190, 193, 194, 196, 197, 200, 201, 203, 204, 205, 206, 208, 209, 212, 258, 259, 260, 262, 263, 264, 266, 268, 273, 274, 279, 280, 281, 282, 283, 284, 286, 287, 289, 290, 298, 299, 300, 302, 303, 305, 312, 313, 314, 315, 316, 321, 322, 327, 328, 335, 336, 338, 339, 340, 341, 342, 344, 346, 347, 357, 358, 361, 362, 363, 364, 365, 366, 367, 369, 372, 373, 375, 376, 377, 380, 381, 382, 383, 384, 385, 388, 389, 391, 392, 393, 394, 395, 396, 397, 399, 406, 407, 410, 411, 412, 413, 414, 415, 416, 418, 419, 422, 423, 436, 437, 440, 441, 442, 443, 445, 447, 449, 450, 453, 454, 455, 456, 459, 462, 463, 464, 465, 466, 467, 468, 469, 472, 473, 474, 475, 476, 477, 480, 481, 482, 483, 486, 488, 489, 490, 492, 502, 503, 504, 505, 506, 509, 510, 512, 513, 514, 515, 518, 519, 520, 522, 524, 525, 530, 531, 534, 535, 536, 537, 539, 540, 541, 542, 543, 546, 547, 551, 553, 554, 557, 560, 563, 565, 566, 567, 568, 569, 571, 572, 575, 576, 577, 578, 579, 580, 581, 584, 585, 587, 589, 591, 593, 594, 595, 596, 597, 598, 601, 602, 616, 617, 619, 620, 621, 622, 623, 624, 625, 626, 627, 628, 629, 630, 631, 632, 633, 634, 635, 636, 637, 639, 641, 647, 648, 649, 650, 651, 652, 654, 655, 657, 658, 659, 660, 663, 670, 671, 672, 673, 674, 677, 679, 685, 686, 689, 690, 698, 699, 700, 701, 702, 705, 707, 708, 709, 710, 711, 712, 713, 715, 716, 717, 718, 719, 720, 721, 723, 724, 726, 729, 730, 732, 733, 736, 737, 738, 739, 740, 742, 744, 746, 747, 752, 753, 755, 756, 759, 760, 767, 769, 771, 772, 774, 775, 777, 779, 780, 782, 783, 784, 785, 786, 789, 790, 792, 793, 795, 796, 797, 799, 800, 801, 802, 804, 805, 806, 808, 809, 810, 811, 812, 814, 815, 817, 818, 819, 820, 821, 823, 824, 827, 828, 829, 830, 831, 832, 833, 834, 835, 838, 839, 840, 841, 842, 843, 844, 845, 846, 847, 849, 857, 858, 859, 860, 861, 862, 863, 864, 865, 867, 869, 870, 871, 872, 874, 876, 877, 878, 879, 880, 881, 882, 885, 889, 891, 898, 899, 900, 901, 907, 908, 911, 912, 914, 917, 919, 920, 921, 922, 923, 924, 925, 926, 927, 928, 930, 931, 932, 934, 935, 936, 938, 941, 942, 948, 949, 950, 953, 954, 956, 957, 959, 960, 962, 963, 964, 967, 968, 971, 972, 973, 974, 976, 977, 978, 981, 982, 983, 984, 985, 986, 987, 990, 991, 992, 993, 994, 995, 996, 997, 998, 999, 1001, 1002, 1003, 1005, 1007, 1008, 1009, 1010, 1011, 1012, 1013, 1014, 1016, 1019, 1020, 1027, 1030, 1031, 1032, 1033, 1035, 1041, 1042, 1044, 1045, 1052, 1053, 1055, 1056, 1057, 1059, 1060, 1063, 1064, 1067, 1068, 1072, 1076, 1077, 1078, 1083, 1086, 1087], "excluded_lines": []}}}, "llx/cli/formatters.py": {"executed_lines": [], "summary": {"covered_lines": 0, "num_statements": 150, "percent_covered": 0.0, "percent_covered_display": "0", "missing_lines": 150, "excluded_lines": 0}, "missing_lines": [7, 8, 9, 10, 12, 13, 16, 17, 19, 22, 24, 34, 35, 37, 38, 43, 44, 46, 47, 50, 51, 54, 56, 79, 82, 89, 90, 92, 93, 94, 95, 96, 97, 99, 101, 104, 107, 108, 110, 111, 112, 113, 114, 115, 116, 117, 120, 121, 122, 123, 124, 125, 126, 127, 128, 129, 130, 131, 133, 135, 137, 147, 149, 150, 151, 152, 153, 154, 155, 157, 158, 166, 169, 171, 172, 173, 174, 175, 178, 181, 183, 184, 185, 186, 187, 189, 190, 193, 194, 195, 196, 197, 200, 201, 204, 205, 206, 208, 209, 210, 213, 215, 217, 218, 219, 220, 222, 229, 230, 231, 234, 236, 237, 238, 239, 240, 241, 242, 244, 245, 246, 248, 256, 259, 261, 262, 272, 275, 278, 279, 288, 289, 290, 291, 292, 293, 294, 295, 296, 297, 298, 299, 300, 302, 304, 307, 309, 310, 311, 312], "excluded_lines": [], "functions": {"output_rich": {"executed_lines": [], "summary": {"covered_lines": 0, "num_statements": 11, "percent_covered": 0.0, "percent_covered_display": "0", "missing_lines": 11, "excluded_lines": 0}, "missing_lines": [24, 34, 35, 37, 38, 43, 44, 46, 47, 50, 51], "excluded_lines": []}, "output_json": {"executed_lines": [], "summary": {"covered_lines": 0, "num_statements": 2, "percent_covered": 0.0, "percent_covered_display": "0", "missing_lines": 2, "excluded_lines": 0}, "missing_lines": [56, 79], "excluded_lines": []}, "_filter_models": {"executed_lines": [], "summary": {"covered_lines": 0, "num_statements": 10, "percent_covered": 0.0, "percent_covered_display": "0", "missing_lines": 10, "excluded_lines": 0}, "missing_lines": [89, 90, 92, 93, 94, 95, 96, 97, 99, 101], "excluded_lines": []}, "_build_model_row": {"executed_lines": [], "summary": {"covered_lines": 0, "num_statements": 25, "percent_covered": 0.0, "percent_covered_display": "0", "missing_lines": 25, "excluded_lines": 0}, "missing_lines": [107, 108, 110, 111, 112, 113, 114, 115, 116, 117, 120, 121, 122, 123, 124, 125, 126, 127, 128, 129, 130, 131, 133, 135, 137], "excluded_lines": []}, "_render_models_table": {"executed_lines": [], "summary": {"covered_lines": 0, "num_statements": 10, "percent_covered": 0.0, "percent_covered_display": "0", "missing_lines": 10, "excluded_lines": 0}, "missing_lines": [149, 150, 151, 152, 153, 154, 155, 157, 158, 166], "excluded_lines": []}, "_build_title": {"executed_lines": [], "summary": {"covered_lines": 0, "num_statements": 5, "percent_covered": 0.0, "percent_covered_display": "0", "missing_lines": 5, "excluded_lines": 0}, "missing_lines": [171, 172, 173, 174, 175], "excluded_lines": []}, "print_models_table": {"executed_lines": [], "summary": {"covered_lines": 0, "num_statements": 21, "percent_covered": 0.0, "percent_covered_display": "0", "missing_lines": 21, "excluded_lines": 0}, "missing_lines": [181, 183, 184, 185, 186, 187, 189, 190, 193, 194, 195, 196, 197, 200, 201, 204, 205, 206, 208, 209, 210], "excluded_lines": []}, "_render_tools_table": {"executed_lines": [], "summary": {"covered_lines": 0, "num_statements": 9, "percent_covered": 0.0, "percent_covered_display": "0", "missing_lines": 9, "excluded_lines": 0}, "missing_lines": [215, 217, 218, 219, 220, 222, 229, 230, 231], "excluded_lines": []}, "_render_tiers_table": {"executed_lines": [], "summary": {"covered_lines": 0, "num_statements": 12, "percent_covered": 0.0, "percent_covered_display": "0", "missing_lines": 12, "excluded_lines": 0}, "missing_lines": [236, 237, 238, 239, 240, 241, 242, 244, 245, 246, 248, 256], "excluded_lines": []}, "_render_agents_table": {"executed_lines": [], "summary": {"covered_lines": 0, "num_statements": 3, "percent_covered": 0.0, "percent_covered_display": "0", "missing_lines": 3, "excluded_lines": 0}, "missing_lines": [261, 262, 272], "excluded_lines": []}, "_render_tags_legend": {"executed_lines": [], "summary": {"covered_lines": 0, "num_statements": 17, "percent_covered": 0.0, "percent_covered_display": "0", "missing_lines": 17, "excluded_lines": 0}, "missing_lines": [278, 279, 288, 289, 290, 291, 292, 293, 294, 295, 296, 297, 298, 299, 300, 302, 304], "excluded_lines": []}, "print_info_tables": {"executed_lines": [], "summary": {"covered_lines": 0, "num_statements": 4, "percent_covered": 0.0, "percent_covered_display": "0", "missing_lines": 4, "excluded_lines": 0}, "missing_lines": [309, 310, 311, 312], "excluded_lines": []}, "": {"executed_lines": [], "summary": {"covered_lines": 0, "num_statements": 21, "percent_covered": 0.0, "percent_covered_display": "0", "missing_lines": 21, "excluded_lines": 0}, "missing_lines": [7, 8, 9, 10, 12, 13, 16, 17, 19, 22, 54, 82, 104, 147, 169, 178, 213, 234, 259, 275, 307], "excluded_lines": []}}, "classes": {"": {"executed_lines": [], "summary": {"covered_lines": 0, "num_statements": 150, "percent_covered": 0.0, "percent_covered_display": "0", "missing_lines": 150, "excluded_lines": 0}, "missing_lines": [7, 8, 9, 10, 12, 13, 16, 17, 19, 22, 24, 34, 35, 37, 38, 43, 44, 46, 47, 50, 51, 54, 56, 79, 82, 89, 90, 92, 93, 94, 95, 96, 97, 99, 101, 104, 107, 108, 110, 111, 112, 113, 114, 115, 116, 117, 120, 121, 122, 123, 124, 125, 126, 127, 128, 129, 130, 131, 133, 135, 137, 147, 149, 150, 151, 152, 153, 154, 155, 157, 158, 166, 169, 171, 172, 173, 174, 175, 178, 181, 183, 184, 185, 186, 187, 189, 190, 193, 194, 195, 196, 197, 200, 201, 204, 205, 206, 208, 209, 210, 213, 215, 217, 218, 219, 220, 222, 229, 230, 231, 234, 236, 237, 238, 239, 240, 241, 242, 244, 245, 246, 248, 256, 259, 261, 262, 272, 275, 278, 279, 288, 289, 290, 291, 292, 293, 294, 295, 296, 297, 298, 299, 300, 302, 304, 307, 309, 310, 311, 312], "excluded_lines": []}}}, "llx/cli/strategy_commands.py": {"executed_lines": [], "summary": {"covered_lines": 0, "num_statements": 54, "percent_covered": 0.0, "percent_covered_display": "0", "missing_lines": 54, "excluded_lines": 0}, "missing_lines": [4, 5, 6, 8, 16, 19, 20, 26, 27, 28, 29, 31, 34, 35, 39, 40, 41, 42, 43, 44, 45, 46, 47, 48, 49, 52, 53, 60, 61, 62, 63, 64, 66, 74, 75, 81, 82, 83, 85, 86, 87, 93, 94, 96, 97, 98, 99, 100, 101, 102, 103, 104, 108, 110], "excluded_lines": [], "functions": {"create_strategy": {"executed_lines": [], "summary": {"covered_lines": 0, "num_statements": 5, "percent_covered": 0.0, "percent_covered_display": "0", "missing_lines": 5, "excluded_lines": 0}, "missing_lines": [26, 27, 28, 29, 31], "excluded_lines": []}, "validate_strategy": {"executed_lines": [], "summary": {"covered_lines": 0, "num_statements": 11, "percent_covered": 0.0, "percent_covered_display": "0", "missing_lines": 11, "excluded_lines": 0}, "missing_lines": [39, 40, 41, 42, 43, 44, 45, 46, 47, 48, 49], "excluded_lines": []}, "run_strategy_command": {"executed_lines": [], "summary": {"covered_lines": 0, "num_statements": 6, "percent_covered": 0.0, "percent_covered_display": "0", "missing_lines": 6, "excluded_lines": 0}, "missing_lines": [60, 61, 62, 63, 64, 66], "excluded_lines": []}, "verify_strategy": {"executed_lines": [], "summary": {"covered_lines": 0, "num_statements": 17, "percent_covered": 0.0, "percent_covered_display": "0", "missing_lines": 17, "excluded_lines": 0}, "missing_lines": [81, 82, 83, 85, 86, 87, 93, 94, 96, 97, 98, 99, 100, 101, 102, 103, 104], "excluded_lines": []}, "add_strategy_commands": {"executed_lines": [], "summary": {"covered_lines": 0, "num_statements": 1, "percent_covered": 0.0, "percent_covered_display": "0", "missing_lines": 1, "excluded_lines": 0}, "missing_lines": [110], "excluded_lines": []}, "": {"executed_lines": [], "summary": {"covered_lines": 0, "num_statements": 14, "percent_covered": 0.0, "percent_covered_display": "0", "missing_lines": 14, "excluded_lines": 0}, "missing_lines": [4, 5, 6, 8, 16, 19, 20, 34, 35, 52, 53, 74, 75, 108], "excluded_lines": []}}, "classes": {"": {"executed_lines": [], "summary": {"covered_lines": 0, "num_statements": 54, "percent_covered": 0.0, "percent_covered_display": "0", "missing_lines": 54, "excluded_lines": 0}, "missing_lines": [4, 5, 6, 8, 16, 19, 20, 26, 27, 28, 29, 31, 34, 35, 39, 40, 41, 42, 43, 44, 45, 46, 47, 48, 49, 52, 53, 60, 61, 62, 63, 64, 66, 74, 75, 81, 82, 83, 85, 86, 87, 93, 94, 96, 97, 98, 99, 100, 101, 102, 103, 104, 108, 110], "excluded_lines": []}}}, "llx/config.py": {"executed_lines": [1, 13, 15, 16, 17, 18, 19, 21, 22, 30, 32, 35, 36, 37, 39, 40, 41, 42, 43, 44, 45, 48, 49, 50, 57, 58, 59, 62, 63, 64, 67, 68, 69, 72, 73, 76, 77, 80, 81, 84, 124, 125, 126, 128, 129, 130, 131, 132, 133, 136, 137, 138, 140, 141, 142, 143, 144, 145, 146, 147, 148, 149, 150, 151, 153, 154, 156, 157, 160, 163, 164, 165, 166, 167, 168, 170, 171, 172, 173, 176, 177, 178, 185, 186, 193, 196, 225, 227, 228, 229, 230, 231, 232, 233, 234, 235, 236, 237, 238, 239, 240, 241, 244, 258, 260, 261, 262, 263, 264, 265, 266, 267, 268, 269, 272, 275, 276, 277, 278, 279, 280, 281, 284, 285, 288, 289, 290, 291, 294, 295, 296, 297, 298, 301, 302, 303, 304, 307, 308, 309, 310, 312, 315, 317, 319, 321, 323, 325, 327, 328, 329, 330, 331, 333], "summary": {"covered_lines": 149, "num_statements": 185, "percent_covered": 80.54054054054055, "percent_covered_display": "81", "missing_lines": 36, "excluded_lines": 0}, "missing_lines": [24, 25, 26, 28, 179, 180, 181, 182, 187, 188, 189, 190, 191, 198, 199, 200, 202, 203, 204, 206, 207, 208, 217, 218, 219, 220, 222, 246, 247, 248, 318, 320, 322, 324, 326, 332], "excluded_lines": [], "functions": {"LlxConfig.load": {"executed_lines": [156, 157, 160, 163, 164, 165, 166, 167, 168, 170, 171, 172, 173, 176, 177, 178, 185, 186, 193], "summary": {"covered_lines": 19, "num_statements": 28, "percent_covered": 67.85714285714286, "percent_covered_display": "68", "missing_lines": 9, "excluded_lines": 0}, "missing_lines": [179, 180, 181, 182, 187, 188, 189, 190, 191], "excluded_lines": []}, "_apply_toml": {"executed_lines": [], "summary": {"covered_lines": 0, "num_statements": 14, "percent_covered": 0.0, "percent_covered_display": "0", "missing_lines": 14, "excluded_lines": 0}, "missing_lines": [198, 199, 200, 202, 203, 204, 206, 207, 208, 217, 218, 219, 220, 222], "excluded_lines": []}, "_apply_yaml_thresholds": {"executed_lines": [227, 228, 229, 230, 231, 232, 233, 234, 235, 236, 237, 238, 239, 240, 241], "summary": {"covered_lines": 15, "num_statements": 15, "percent_covered": 100.0, "percent_covered_display": "100", "missing_lines": 0, "excluded_lines": 0}, "missing_lines": [], "excluded_lines": []}, "_apply_yaml_models": {"executed_lines": [], "summary": {"covered_lines": 0, "num_statements": 3, "percent_covered": 0.0, "percent_covered_display": "0", "missing_lines": 3, "excluded_lines": 0}, "missing_lines": [246, 247, 248], "excluded_lines": []}, "_apply_yaml_proxy": {"executed_lines": [260, 261, 262, 263, 264, 265, 266, 267, 268, 269], "summary": {"covered_lines": 10, "num_statements": 10, "percent_covered": 100.0, "percent_covered_display": "100", "missing_lines": 0, "excluded_lines": 0}, "missing_lines": [], "excluded_lines": []}, "_apply_yaml": {"executed_lines": [275, 276, 277, 278, 279, 280, 281, 284, 285, 288, 289, 290, 291, 294, 295, 296, 297, 298, 301, 302, 303, 304, 307, 308, 309, 310, 312], "summary": {"covered_lines": 27, "num_statements": 27, "percent_covered": 100.0, "percent_covered_display": "100", "missing_lines": 0, "excluded_lines": 0}, "missing_lines": [], "excluded_lines": []}, "_apply_env": {"executed_lines": [317, 319, 321, 323, 325, 327, 328, 329, 330, 331, 333], "summary": {"covered_lines": 11, "num_statements": 17, "percent_covered": 64.70588235294117, "percent_covered_display": "65", "missing_lines": 6, "excluded_lines": 0}, "missing_lines": [318, 320, 322, 324, 326, 332], "excluded_lines": []}, "": {"executed_lines": [1, 13, 15, 16, 17, 18, 19, 21, 22, 30, 32, 35, 36, 37, 39, 40, 41, 42, 43, 44, 45, 48, 49, 50, 57, 58, 59, 62, 63, 64, 67, 68, 69, 72, 73, 76, 77, 80, 81, 84, 124, 125, 126, 128, 129, 130, 131, 132, 133, 136, 137, 138, 140, 141, 142, 143, 144, 145, 146, 147, 148, 149, 150, 151, 153, 154, 196, 225, 244, 258, 272, 315], "summary": {"covered_lines": 67, "num_statements": 71, "percent_covered": 94.36619718309859, "percent_covered_display": "94", "missing_lines": 4, "excluded_lines": 0}, "missing_lines": [24, 25, 26, 28], "excluded_lines": []}}, "classes": {"ModelConfig": {"executed_lines": [], "summary": {"covered_lines": 0, "num_statements": 0, "percent_covered": 100.0, "percent_covered_display": "100", "missing_lines": 0, "excluded_lines": 0}, "missing_lines": [], "excluded_lines": []}, "TierThresholds": {"executed_lines": [], "summary": {"covered_lines": 0, "num_statements": 0, "percent_covered": 100.0, "percent_covered_display": "100", "missing_lines": 0, "excluded_lines": 0}, "missing_lines": [], "excluded_lines": []}, "ProxyConfig": {"executed_lines": [], "summary": {"covered_lines": 0, "num_statements": 0, "percent_covered": 100.0, "percent_covered_display": "100", "missing_lines": 0, "excluded_lines": 0}, "missing_lines": [], "excluded_lines": []}, "LlxConfig": {"executed_lines": [156, 157, 160, 163, 164, 165, 166, 167, 168, 170, 171, 172, 173, 176, 177, 178, 185, 186, 193], "summary": {"covered_lines": 19, "num_statements": 28, "percent_covered": 67.85714285714286, "percent_covered_display": "68", "missing_lines": 9, "excluded_lines": 0}, "missing_lines": [179, 180, 181, 182, 187, 188, 189, 190, 191], "excluded_lines": []}, "": {"executed_lines": [1, 13, 15, 16, 17, 18, 19, 21, 22, 30, 32, 35, 36, 37, 39, 40, 41, 42, 43, 44, 45, 48, 49, 50, 57, 58, 59, 62, 63, 64, 67, 68, 69, 72, 73, 76, 77, 80, 81, 84, 124, 125, 126, 128, 129, 130, 131, 132, 133, 136, 137, 138, 140, 141, 142, 143, 144, 145, 146, 147, 148, 149, 150, 151, 153, 154, 196, 225, 227, 228, 229, 230, 231, 232, 233, 234, 235, 236, 237, 238, 239, 240, 241, 244, 258, 260, 261, 262, 263, 264, 265, 266, 267, 268, 269, 272, 275, 276, 277, 278, 279, 280, 281, 284, 285, 288, 289, 290, 291, 294, 295, 296, 297, 298, 301, 302, 303, 304, 307, 308, 309, 310, 312, 315, 317, 319, 321, 323, 325, 327, 328, 329, 330, 331, 333], "summary": {"covered_lines": 130, "num_statements": 157, "percent_covered": 82.80254777070064, "percent_covered_display": "83", "missing_lines": 27, "excluded_lines": 0}, "missing_lines": [24, 25, 26, 28, 198, 199, 200, 202, 203, 204, 206, 207, 208, 217, 218, 219, 220, 222, 246, 247, 248, 318, 320, 322, 324, 326, 332], "excluded_lines": []}}}, "llx/detection/__init__.py": {"executed_lines": [1, 3, 5], "summary": {"covered_lines": 2, "num_statements": 2, "percent_covered": 100.0, "percent_covered_display": "100", "missing_lines": 0, "excluded_lines": 0}, "missing_lines": [], "excluded_lines": [], "functions": {"": {"executed_lines": [1, 3, 5], "summary": {"covered_lines": 2, "num_statements": 2, "percent_covered": 100.0, "percent_covered_display": "100", "missing_lines": 0, "excluded_lines": 0}, "missing_lines": [], "excluded_lines": []}}, "classes": {"": {"executed_lines": [1, 3, 5], "summary": {"covered_lines": 2, "num_statements": 2, "percent_covered": 100.0, "percent_covered_display": "100", "missing_lines": 0, "excluded_lines": 0}, "missing_lines": [], "excluded_lines": []}}}, "llx/detection/detector.py": {"executed_lines": [1, 3, 4, 5, 6, 9, 10, 12, 14, 15, 16, 18, 20, 22, 23, 25, 26, 27, 29, 31, 34, 35, 38, 39, 40, 41, 42, 47, 48, 49, 50, 51, 56, 57, 58, 59, 62, 63, 65, 67, 69, 70, 71, 72, 73, 74, 78, 80, 82, 84, 86, 88, 91, 92, 93, 95, 96, 97, 99, 100, 104], "summary": {"covered_lines": 59, "num_statements": 66, "percent_covered": 89.39393939393939, "percent_covered_display": "89", "missing_lines": 7, "excluded_lines": 0}, "missing_lines": [43, 44, 52, 53, 75, 76, 101], "excluded_lines": [], "functions": {"ProjectTypeDetector.__init__": {"executed_lines": [14, 15, 16], "summary": {"covered_lines": 3, "num_statements": 3, "percent_covered": 100.0, "percent_covered_display": "100", "missing_lines": 0, "excluded_lines": 0}, "missing_lines": [], "excluded_lines": []}, "ProjectTypeDetector.detect_from_path": {"executed_lines": [20, 22, 23, 25, 26, 27, 29], "summary": {"covered_lines": 7, "num_statements": 7, "percent_covered": 100.0, "percent_covered_display": "100", "missing_lines": 0, "excluded_lines": 0}, "missing_lines": [], "excluded_lines": []}, "ProjectTypeDetector.detect_from_files": {"executed_lines": [34, 35, 38, 39, 40, 41, 42, 47, 48, 49, 50, 51, 56, 57, 58, 59, 62, 63, 65], "summary": {"covered_lines": 19, "num_statements": 23, "percent_covered": 82.6086956521739, "percent_covered_display": "83", "missing_lines": 4, "excluded_lines": 0}, "missing_lines": [43, 44, 52, 53], "excluded_lines": []}, "ProjectTypeDetector.detect_from_config": {"executed_lines": [69, 70, 71, 72, 73, 74, 78], "summary": {"covered_lines": 7, "num_statements": 9, "percent_covered": 77.77777777777777, "percent_covered_display": "78", "missing_lines": 2, "excluded_lines": 0}, "missing_lines": [75, 76], "excluded_lines": []}, "ProjectTypeDetector.get_project_config": {"executed_lines": [82], "summary": {"covered_lines": 1, "num_statements": 1, "percent_covered": 100.0, "percent_covered_display": "100", "missing_lines": 0, "excluded_lines": 0}, "missing_lines": [], "excluded_lines": []}, "ProjectTypeDetector.get_all_types": {"executed_lines": [86], "summary": {"covered_lines": 1, "num_statements": 1, "percent_covered": 100.0, "percent_covered_display": "100", "missing_lines": 0, "excluded_lines": 0}, "missing_lines": [], "excluded_lines": []}, "ProjectTypeDetector.detect": {"executed_lines": [91, 92, 93, 95, 96, 97, 99, 100, 104], "summary": {"covered_lines": 9, "num_statements": 10, "percent_covered": 90.0, "percent_covered_display": "90", "missing_lines": 1, "excluded_lines": 0}, "missing_lines": [101], "excluded_lines": []}, "": {"executed_lines": [1, 3, 4, 5, 6, 9, 10, 12, 18, 31, 67, 80, 84, 88], "summary": {"covered_lines": 12, "num_statements": 12, "percent_covered": 100.0, "percent_covered_display": "100", "missing_lines": 0, "excluded_lines": 0}, "missing_lines": [], "excluded_lines": []}}, "classes": {"ProjectTypeDetector": {"executed_lines": [14, 15, 16, 20, 22, 23, 25, 26, 27, 29, 34, 35, 38, 39, 40, 41, 42, 47, 48, 49, 50, 51, 56, 57, 58, 59, 62, 63, 65, 69, 70, 71, 72, 73, 74, 78, 82, 86, 91, 92, 93, 95, 96, 97, 99, 100, 104], "summary": {"covered_lines": 47, "num_statements": 54, "percent_covered": 87.03703703703704, "percent_covered_display": "87", "missing_lines": 7, "excluded_lines": 0}, "missing_lines": [43, 44, 52, 53, 75, 76, 101], "excluded_lines": []}, "": {"executed_lines": [1, 3, 4, 5, 6, 9, 10, 12, 18, 31, 67, 80, 84, 88], "summary": {"covered_lines": 12, "num_statements": 12, "percent_covered": 100.0, "percent_covered_display": "100", "missing_lines": 0, "excluded_lines": 0}, "missing_lines": [], "excluded_lines": []}}}, "llx/integrations/__init__.py": {"executed_lines": [1], "summary": {"covered_lines": 0, "num_statements": 0, "percent_covered": 100.0, "percent_covered_display": "100", "missing_lines": 0, "excluded_lines": 0}, "missing_lines": [], "excluded_lines": [], "functions": {"": {"executed_lines": [1], "summary": {"covered_lines": 0, "num_statements": 0, "percent_covered": 100.0, "percent_covered_display": "100", "missing_lines": 0, "excluded_lines": 0}, "missing_lines": [], "excluded_lines": []}}, "classes": {"": {"executed_lines": [1], "summary": {"covered_lines": 0, "num_statements": 0, "percent_covered": 100.0, "percent_covered_display": "100", "missing_lines": 0, "excluded_lines": 0}, "missing_lines": [], "excluded_lines": []}}}, "llx/integrations/context_builder.py": {"executed_lines": [], "summary": {"covered_lines": 0, "num_statements": 89, "percent_covered": 0.0, "percent_covered_display": "0", "missing_lines": 89, "excluded_lines": 0}, "missing_lines": [8, 10, 11, 13, 15, 16, 19, 39, 40, 43, 46, 47, 48, 49, 52, 53, 54, 55, 57, 58, 59, 62, 63, 65, 68, 69, 70, 72, 73, 75, 78, 80, 93, 94, 95, 96, 97, 100, 102, 103, 104, 105, 107, 108, 109, 110, 111, 112, 113, 116, 118, 120, 122, 123, 124, 125, 126, 127, 128, 129, 130, 131, 132, 134, 137, 139, 141, 142, 143, 144, 145, 146, 147, 148, 149, 151, 154, 156, 163, 165, 166, 168, 169, 170, 171, 172, 173, 174, 175], "excluded_lines": [], "functions": {"build_context": {"executed_lines": [], "summary": {"covered_lines": 0, "num_statements": 23, "percent_covered": 0.0, "percent_covered_display": "0", "missing_lines": 23, "excluded_lines": 0}, "missing_lines": [39, 40, 43, 46, 47, 48, 49, 52, 53, 54, 55, 57, 58, 59, 62, 63, 65, 68, 69, 70, 72, 73, 75], "excluded_lines": []}, "_build_summary": {"executed_lines": [], "summary": {"covered_lines": 0, "num_statements": 6, "percent_covered": 0.0, "percent_covered_display": "0", "missing_lines": 6, "excluded_lines": 0}, "missing_lines": [80, 93, 94, 95, 96, 97], "excluded_lines": []}, "_format_health": {"executed_lines": [], "summary": {"covered_lines": 0, "num_statements": 11, "percent_covered": 0.0, "percent_covered_display": "0", "missing_lines": 11, "excluded_lines": 0}, "missing_lines": [102, 103, 104, 105, 107, 108, 109, 110, 111, 112, 113], "excluded_lines": []}, "_format_evolution": {"executed_lines": [], "summary": {"covered_lines": 0, "num_statements": 14, "percent_covered": 0.0, "percent_covered_display": "0", "missing_lines": 14, "excluded_lines": 0}, "missing_lines": [118, 120, 122, 123, 124, 125, 126, 127, 128, 129, 130, 131, 132, 134], "excluded_lines": []}, "_format_map_details": {"executed_lines": [], "summary": {"covered_lines": 0, "num_statements": 11, "percent_covered": 0.0, "percent_covered_display": "0", "missing_lines": 11, "excluded_lines": 0}, "missing_lines": [139, 141, 142, 143, 144, 145, 146, 147, 148, 149, 151], "excluded_lines": []}, "_format_duplication": {"executed_lines": [], "summary": {"covered_lines": 0, "num_statements": 1, "percent_covered": 0.0, "percent_covered_display": "0", "missing_lines": 1, "excluded_lines": 0}, "missing_lines": [156], "excluded_lines": []}, "_load_toon": {"executed_lines": [], "summary": {"covered_lines": 0, "num_statements": 10, "percent_covered": 0.0, "percent_covered_display": "0", "missing_lines": 10, "excluded_lines": 0}, "missing_lines": [165, 166, 168, 169, 170, 171, 172, 173, 174, 175], "excluded_lines": []}, "": {"executed_lines": [], "summary": {"covered_lines": 0, "num_statements": 13, "percent_covered": 0.0, "percent_covered_display": "0", "missing_lines": 13, "excluded_lines": 0}, "missing_lines": [8, 10, 11, 13, 15, 16, 19, 78, 100, 116, 137, 154, 163], "excluded_lines": []}}, "classes": {"": {"executed_lines": [], "summary": {"covered_lines": 0, "num_statements": 89, "percent_covered": 0.0, "percent_covered_display": "0", "missing_lines": 89, "excluded_lines": 0}, "missing_lines": [8, 10, 11, 13, 15, 16, 19, 39, 40, 43, 46, 47, 48, 49, 52, 53, 54, 55, 57, 58, 59, 62, 63, 65, 68, 69, 70, 72, 73, 75, 78, 80, 93, 94, 95, 96, 97, 100, 102, 103, 104, 105, 107, 108, 109, 110, 111, 112, 113, 116, 118, 120, 122, 123, 124, 125, 126, 127, 128, 129, 130, 131, 132, 134, 137, 139, 141, 142, 143, 144, 145, 146, 147, 148, 149, 151, 154, 156, 163, 165, 166, 168, 169, 170, 171, 172, 173, 174, 175], "excluded_lines": []}}}, "llx/integrations/proxy.py": {"executed_lines": [1, 6, 8, 9, 10, 11, 12, 14, 16, 19, 74, 124, 126, 127, 128, 130, 131], "summary": {"covered_lines": 16, "num_statements": 50, "percent_covered": 32.0, "percent_covered_display": "32", "missing_lines": 34, "excluded_lines": 0}, "missing_lines": [29, 30, 31, 37, 38, 39, 40, 42, 44, 55, 56, 57, 62, 63, 65, 67, 68, 69, 71, 90, 91, 96, 97, 98, 100, 107, 108, 114, 115, 116, 117, 120, 121, 129], "excluded_lines": [], "functions": {"generate_proxy_config": {"executed_lines": [], "summary": {"covered_lines": 0, "num_statements": 19, "percent_covered": 0.0, "percent_covered_display": "0", "missing_lines": 19, "excluded_lines": 0}, "missing_lines": [29, 30, 31, 37, 38, 39, 40, 42, 44, 55, 56, 57, 62, 63, 65, 67, 68, 69, 71], "excluded_lines": []}, "start_proxy": {"executed_lines": [], "summary": {"covered_lines": 0, "num_statements": 14, "percent_covered": 0.0, "percent_covered_display": "0", "missing_lines": 14, "excluded_lines": 0}, "missing_lines": [90, 91, 96, 97, 98, 100, 107, 108, 114, 115, 116, 117, 120, 121], "excluded_lines": []}, "check_proxy": {"executed_lines": [126, 127, 128, 130, 131], "summary": {"covered_lines": 5, "num_statements": 6, "percent_covered": 83.33333333333333, "percent_covered_display": "83", "missing_lines": 1, "excluded_lines": 0}, "missing_lines": [129], "excluded_lines": []}, "": {"executed_lines": [1, 6, 8, 9, 10, 11, 12, 14, 16, 19, 74, 124], "summary": {"covered_lines": 11, "num_statements": 11, "percent_covered": 100.0, "percent_covered_display": "100", "missing_lines": 0, "excluded_lines": 0}, "missing_lines": [], "excluded_lines": []}}, "classes": {"": {"executed_lines": [1, 6, 8, 9, 10, 11, 12, 14, 16, 19, 74, 124, 126, 127, 128, 130, 131], "summary": {"covered_lines": 16, "num_statements": 50, "percent_covered": 32.0, "percent_covered_display": "32", "missing_lines": 34, "excluded_lines": 0}, "missing_lines": [29, 30, 31, 37, 38, 39, 40, 42, 44, 55, 56, 57, 62, 63, 65, 67, 68, 69, 71, 90, 91, 96, 97, 98, 100, 107, 108, 114, 115, 116, 117, 120, 121, 129], "excluded_lines": []}}}, "llx/integrations/proxym.py": {"executed_lines": [1, 21, 23, 24, 26, 28, 29, 30, 33, 34, 35, 37, 38, 39, 40, 41, 42, 43, 44, 47, 48, 49, 51, 52, 53, 54, 55, 56, 57, 59, 60, 61, 63, 64, 65, 67, 68, 69, 72, 78, 87, 89, 90, 91, 92, 93, 94, 95, 96, 97, 98, 99, 100, 101, 102, 103, 106, 107, 119, 125, 126, 127, 133, 135, 136, 138, 139, 141, 143, 144, 181, 182, 186, 260, 297, 299, 300, 304, 305, 307, 323, 324, 326, 329], "summary": {"covered_lines": 80, "num_statements": 150, "percent_covered": 53.333333333333336, "percent_covered_display": "53", "missing_lines": 70, "excluded_lines": 0}, "missing_lines": [137, 145, 146, 148, 151, 152, 153, 154, 155, 156, 157, 158, 161, 162, 163, 164, 165, 166, 167, 168, 169, 170, 172, 183, 184, 214, 215, 216, 217, 219, 222, 223, 224, 225, 226, 227, 228, 230, 235, 236, 237, 239, 241, 242, 247, 248, 249, 250, 251, 255, 256, 277, 278, 279, 280, 282, 283, 284, 285, 286, 288, 301, 302, 303, 308, 309, 310, 312, 327, 330], "excluded_lines": [], "functions": {"ProxymResponse.prompt_tokens": {"executed_lines": [61], "summary": {"covered_lines": 1, "num_statements": 1, "percent_covered": 100.0, "percent_covered_display": "100", "missing_lines": 0, "excluded_lines": 0}, "missing_lines": [], "excluded_lines": []}, "ProxymResponse.completion_tokens": {"executed_lines": [65], "summary": {"covered_lines": 1, "num_statements": 1, "percent_covered": 100.0, "percent_covered_display": "100", "missing_lines": 0, "excluded_lines": 0}, "missing_lines": [], "excluded_lines": []}, "ProxymResponse.total_tokens": {"executed_lines": [69], "summary": {"covered_lines": 1, "num_statements": 1, "percent_covered": 100.0, "percent_covered_display": "100", "missing_lines": 0, "excluded_lines": 0}, "missing_lines": [], "excluded_lines": []}, "_tier_to_proxym": {"executed_lines": [78], "summary": {"covered_lines": 1, "num_statements": 1, "percent_covered": 100.0, "percent_covered_display": "100", "missing_lines": 0, "excluded_lines": 0}, "missing_lines": [], "excluded_lines": []}, "_build_llx_headers": {"executed_lines": [89, 90, 91, 92, 93, 94, 95, 96, 97, 98, 99, 100, 101, 102, 103], "summary": {"covered_lines": 15, "num_statements": 15, "percent_covered": 100.0, "percent_covered_display": "100", "missing_lines": 0, "excluded_lines": 0}, "missing_lines": [], "excluded_lines": []}, "ProxymClient.__init__": {"executed_lines": [125, 126, 127], "summary": {"covered_lines": 3, "num_statements": 3, "percent_covered": 100.0, "percent_covered_display": "100", "missing_lines": 0, "excluded_lines": 0}, "missing_lines": [], "excluded_lines": []}, "ProxymClient.is_available": {"executed_lines": [135, 136, 138, 139], "summary": {"covered_lines": 4, "num_statements": 5, "percent_covered": 80.0, "percent_covered_display": "80", "missing_lines": 1, "excluded_lines": 0}, "missing_lines": [137], "excluded_lines": []}, "ProxymClient.status": {"executed_lines": [143, 144, 181, 182], "summary": {"covered_lines": 4, "num_statements": 28, "percent_covered": 14.285714285714286, "percent_covered_display": "14", "missing_lines": 24, "excluded_lines": 0}, "missing_lines": [145, 146, 148, 151, 152, 153, 154, 155, 156, 157, 158, 161, 162, 163, 164, 165, 166, 167, 168, 169, 170, 172, 183, 184], "excluded_lines": []}, "ProxymClient.chat": {"executed_lines": [], "summary": {"covered_lines": 0, "num_statements": 26, "percent_covered": 0.0, "percent_covered_display": "0", "missing_lines": 26, "excluded_lines": 0}, "missing_lines": [214, 215, 216, 217, 219, 222, 223, 224, 225, 226, 227, 228, 230, 235, 236, 237, 239, 241, 242, 247, 248, 249, 250, 251, 255, 256], "excluded_lines": []}, "ProxymClient.chat_with_analysis": {"executed_lines": [], "summary": {"covered_lines": 0, "num_statements": 10, "percent_covered": 0.0, "percent_covered_display": "0", "missing_lines": 10, "excluded_lines": 0}, "missing_lines": [277, 278, 279, 280, 282, 283, 284, 285, 286, 288], "excluded_lines": []}, "ProxymClient.list_models": {"executed_lines": [299, 300, 304, 305], "summary": {"covered_lines": 4, "num_statements": 7, "percent_covered": 57.142857142857146, "percent_covered_display": "57", "missing_lines": 3, "excluded_lines": 0}, "missing_lines": [301, 302, 303], "excluded_lines": []}, "ProxymClient._parse_response": {"executed_lines": [], "summary": {"covered_lines": 0, "num_statements": 4, "percent_covered": 0.0, "percent_covered_display": "0", "missing_lines": 4, "excluded_lines": 0}, "missing_lines": [308, 309, 310, 312], "excluded_lines": []}, "ProxymClient.close": {"executed_lines": [324], "summary": {"covered_lines": 1, "num_statements": 1, "percent_covered": 100.0, "percent_covered_display": "100", "missing_lines": 0, "excluded_lines": 0}, "missing_lines": [], "excluded_lines": []}, "ProxymClient.__enter__": {"executed_lines": [], "summary": {"covered_lines": 0, "num_statements": 1, "percent_covered": 0.0, "percent_covered_display": "0", "missing_lines": 1, "excluded_lines": 0}, "missing_lines": [327], "excluded_lines": []}, "ProxymClient.__exit__": {"executed_lines": [], "summary": {"covered_lines": 0, "num_statements": 1, "percent_covered": 0.0, "percent_covered_display": "0", "missing_lines": 1, "excluded_lines": 0}, "missing_lines": [330], "excluded_lines": []}, "": {"executed_lines": [1, 21, 23, 24, 26, 28, 29, 30, 33, 34, 35, 37, 38, 39, 40, 41, 42, 43, 44, 47, 48, 49, 51, 52, 53, 54, 55, 56, 57, 59, 60, 63, 64, 67, 68, 72, 87, 106, 107, 119, 133, 141, 186, 260, 297, 307, 323, 326, 329], "summary": {"covered_lines": 45, "num_statements": 45, "percent_covered": 100.0, "percent_covered_display": "100", "missing_lines": 0, "excluded_lines": 0}, "missing_lines": [], "excluded_lines": []}}, "classes": {"ProxymStatus": {"executed_lines": [], "summary": {"covered_lines": 0, "num_statements": 0, "percent_covered": 100.0, "percent_covered_display": "100", "missing_lines": 0, "excluded_lines": 0}, "missing_lines": [], "excluded_lines": []}, "ProxymResponse": {"executed_lines": [61, 65, 69], "summary": {"covered_lines": 3, "num_statements": 3, "percent_covered": 100.0, "percent_covered_display": "100", "missing_lines": 0, "excluded_lines": 0}, "missing_lines": [], "excluded_lines": []}, "ProxymClient": {"executed_lines": [125, 126, 127, 135, 136, 138, 139, 143, 144, 181, 182, 299, 300, 304, 305, 324], "summary": {"covered_lines": 16, "num_statements": 86, "percent_covered": 18.6046511627907, "percent_covered_display": "19", "missing_lines": 70, "excluded_lines": 0}, "missing_lines": [137, 145, 146, 148, 151, 152, 153, 154, 155, 156, 157, 158, 161, 162, 163, 164, 165, 166, 167, 168, 169, 170, 172, 183, 184, 214, 215, 216, 217, 219, 222, 223, 224, 225, 226, 227, 228, 230, 235, 236, 237, 239, 241, 242, 247, 248, 249, 250, 251, 255, 256, 277, 278, 279, 280, 282, 283, 284, 285, 286, 288, 301, 302, 303, 308, 309, 310, 312, 327, 330], "excluded_lines": []}, "": {"executed_lines": [1, 21, 23, 24, 26, 28, 29, 30, 33, 34, 35, 37, 38, 39, 40, 41, 42, 43, 44, 47, 48, 49, 51, 52, 53, 54, 55, 56, 57, 59, 60, 63, 64, 67, 68, 72, 78, 87, 89, 90, 91, 92, 93, 94, 95, 96, 97, 98, 99, 100, 101, 102, 103, 106, 107, 119, 133, 141, 186, 260, 297, 307, 323, 326, 329], "summary": {"covered_lines": 61, "num_statements": 61, "percent_covered": 100.0, "percent_covered_display": "100", "missing_lines": 0, "excluded_lines": 0}, "missing_lines": [], "excluded_lines": []}}}, "llx/litellm_config.py": {"executed_lines": [1, 7, 9, 10, 11, 13, 16, 17, 18, 19, 20, 21, 22, 23, 24, 25, 28, 29, 30, 31, 32, 33, 34, 35, 36, 38, 39, 41, 42, 44, 46, 48, 49, 51, 55, 56, 57, 66, 68, 77, 78, 80, 89, 96, 100, 104, 108, 112, 115, 117, 119, 120, 129, 131, 133, 149], "summary": {"covered_lines": 53, "num_statements": 64, "percent_covered": 82.8125, "percent_covered_display": "83", "missing_lines": 11, "excluded_lines": 0}, "missing_lines": [52, 91, 92, 93, 94, 98, 102, 106, 110, 135, 151], "excluded_lines": [], "functions": {"LiteLLMConfig.load": {"executed_lines": [41, 42, 44, 46, 48, 49, 51, 55, 56, 57, 66, 68], "summary": {"covered_lines": 12, "num_statements": 13, "percent_covered": 92.3076923076923, "percent_covered_display": "92", "missing_lines": 1, "excluded_lines": 0}, "missing_lines": [52], "excluded_lines": []}, "LiteLLMConfig._default_config": {"executed_lines": [80], "summary": {"covered_lines": 1, "num_statements": 1, "percent_covered": 100.0, "percent_covered_display": "100", "missing_lines": 0, "excluded_lines": 0}, "missing_lines": [], "excluded_lines": []}, "LiteLLMConfig.get_model_config": {"executed_lines": [], "summary": {"covered_lines": 0, "num_statements": 4, "percent_covered": 0.0, "percent_covered_display": "0", "missing_lines": 4, "excluded_lines": 0}, "missing_lines": [91, 92, 93, 94], "excluded_lines": []}, "LiteLLMConfig.get_models_by_tag": {"executed_lines": [], "summary": {"covered_lines": 0, "num_statements": 1, "percent_covered": 0.0, "percent_covered_display": "0", "missing_lines": 1, "excluded_lines": 0}, "missing_lines": [98], "excluded_lines": []}, "LiteLLMConfig.get_models_by_provider": {"executed_lines": [], "summary": {"covered_lines": 0, "num_statements": 1, "percent_covered": 0.0, "percent_covered_display": "0", "missing_lines": 1, "excluded_lines": 0}, "missing_lines": [102], "excluded_lines": []}, "LiteLLMConfig.get_models_by_tier": {"executed_lines": [], "summary": {"covered_lines": 0, "num_statements": 1, "percent_covered": 0.0, "percent_covered_display": "0", "missing_lines": 1, "excluded_lines": 0}, "missing_lines": [106], "excluded_lines": []}, "LiteLLMConfig.resolve_alias": {"executed_lines": [], "summary": {"covered_lines": 0, "num_statements": 1, "percent_covered": 0.0, "percent_covered_display": "0", "missing_lines": 1, "excluded_lines": 0}, "missing_lines": [110], "excluded_lines": []}, "LiteLLMConfig.to_llx_models": {"executed_lines": [115, 117, 119, 120, 129, 131], "summary": {"covered_lines": 6, "num_statements": 6, "percent_covered": 100.0, "percent_covered_display": "100", "missing_lines": 0, "excluded_lines": 0}, "missing_lines": [], "excluded_lines": []}, "LiteLLMConfig.get_proxy_config": {"executed_lines": [], "summary": {"covered_lines": 0, "num_statements": 1, "percent_covered": 0.0, "percent_covered_display": "0", "missing_lines": 1, "excluded_lines": 0}, "missing_lines": [135], "excluded_lines": []}, "load_litellm_config": {"executed_lines": [], "summary": {"covered_lines": 0, "num_statements": 1, "percent_covered": 0.0, "percent_covered_display": "0", "missing_lines": 1, "excluded_lines": 0}, "missing_lines": [151], "excluded_lines": []}, "": {"executed_lines": [1, 7, 9, 10, 11, 13, 16, 17, 18, 19, 20, 21, 22, 23, 24, 25, 28, 29, 30, 31, 32, 33, 34, 35, 36, 38, 39, 77, 78, 89, 96, 100, 104, 108, 112, 133, 149], "summary": {"covered_lines": 34, "num_statements": 34, "percent_covered": 100.0, "percent_covered_display": "100", "missing_lines": 0, "excluded_lines": 0}, "missing_lines": [], "excluded_lines": []}}, "classes": {"LiteLLMModelConfig": {"executed_lines": [], "summary": {"covered_lines": 0, "num_statements": 0, "percent_covered": 100.0, "percent_covered_display": "100", "missing_lines": 0, "excluded_lines": 0}, "missing_lines": [], "excluded_lines": []}, "LiteLLMConfig": {"executed_lines": [41, 42, 44, 46, 48, 49, 51, 55, 56, 57, 66, 68, 80, 115, 117, 119, 120, 129, 131], "summary": {"covered_lines": 19, "num_statements": 29, "percent_covered": 65.51724137931035, "percent_covered_display": "66", "missing_lines": 10, "excluded_lines": 0}, "missing_lines": [52, 91, 92, 93, 94, 98, 102, 106, 110, 135], "excluded_lines": []}, "": {"executed_lines": [1, 7, 9, 10, 11, 13, 16, 17, 18, 19, 20, 21, 22, 23, 24, 25, 28, 29, 30, 31, 32, 33, 34, 35, 36, 38, 39, 77, 78, 89, 96, 100, 104, 108, 112, 133, 149], "summary": {"covered_lines": 34, "num_statements": 35, "percent_covered": 97.14285714285714, "percent_covered_display": "97", "missing_lines": 1, "excluded_lines": 0}, "missing_lines": [151], "excluded_lines": []}}}, "llx/mcp/__init__.py": {"executed_lines": [1], "summary": {"covered_lines": 0, "num_statements": 0, "percent_covered": 100.0, "percent_covered_display": "100", "missing_lines": 0, "excluded_lines": 0}, "missing_lines": [], "excluded_lines": [], "functions": {"": {"executed_lines": [1], "summary": {"covered_lines": 0, "num_statements": 0, "percent_covered": 100.0, "percent_covered_display": "100", "missing_lines": 0, "excluded_lines": 0}, "missing_lines": [], "excluded_lines": []}}, "classes": {"": {"executed_lines": [1], "summary": {"covered_lines": 0, "num_statements": 0, "percent_covered": 100.0, "percent_covered_display": "100", "missing_lines": 0, "excluded_lines": 0}, "missing_lines": [], "excluded_lines": []}}}, "llx/mcp/__main__.py": {"executed_lines": [], "summary": {"covered_lines": 0, "num_statements": 3, "percent_covered": 0.0, "percent_covered_display": "0", "missing_lines": 3, "excluded_lines": 0}, "missing_lines": [2, 3, 4], "excluded_lines": [], "functions": {"": {"executed_lines": [], "summary": {"covered_lines": 0, "num_statements": 3, "percent_covered": 0.0, "percent_covered_display": "0", "missing_lines": 3, "excluded_lines": 0}, "missing_lines": [2, 3, 4], "excluded_lines": []}}, "classes": {"": {"executed_lines": [], "summary": {"covered_lines": 0, "num_statements": 3, "percent_covered": 0.0, "percent_covered_display": "0", "missing_lines": 3, "excluded_lines": 0}, "missing_lines": [2, 3, 4], "excluded_lines": []}}}, "llx/mcp/server.py": {"executed_lines": [], "summary": {"covered_lines": 0, "num_statements": 26, "percent_covered": 0.0, "percent_covered_display": "0", "missing_lines": 26, "excluded_lines": 0}, "missing_lines": [18, 19, 20, 22, 23, 25, 42, 44, 61, 62, 63, 65, 66, 67, 68, 69, 70, 71, 73, 74, 75, 76, 78, 80, 82, 83], "excluded_lines": [], "functions": {"list_tools": {"executed_lines": [], "summary": {"covered_lines": 0, "num_statements": 1, "percent_covered": 0.0, "percent_covered_display": "0", "missing_lines": 1, "excluded_lines": 0}, "missing_lines": [63], "excluded_lines": []}, "call_tool": {"executed_lines": [], "summary": {"covered_lines": 0, "num_statements": 5, "percent_covered": 0.0, "percent_covered_display": "0", "missing_lines": 5, "excluded_lines": 0}, "missing_lines": [67, 68, 69, 70, 71], "excluded_lines": []}, "main": {"executed_lines": [], "summary": {"covered_lines": 0, "num_statements": 3, "percent_covered": 0.0, "percent_covered_display": "0", "missing_lines": 3, "excluded_lines": 0}, "missing_lines": [74, 75, 76], "excluded_lines": []}, "main_sync": {"executed_lines": [], "summary": {"covered_lines": 0, "num_statements": 1, "percent_covered": 0.0, "percent_covered_display": "0", "missing_lines": 1, "excluded_lines": 0}, "missing_lines": [80], "excluded_lines": []}, "": {"executed_lines": [], "summary": {"covered_lines": 0, "num_statements": 16, "percent_covered": 0.0, "percent_covered_display": "0", "missing_lines": 16, "excluded_lines": 0}, "missing_lines": [18, 19, 20, 22, 23, 25, 42, 44, 61, 62, 65, 66, 73, 78, 82, 83], "excluded_lines": []}}, "classes": {"": {"executed_lines": [], "summary": {"covered_lines": 0, "num_statements": 26, "percent_covered": 0.0, "percent_covered_display": "0", "missing_lines": 26, "excluded_lines": 0}, "missing_lines": [18, 19, 20, 22, 23, 25, 42, 44, 61, 62, 63, 65, 66, 67, 68, 69, 70, 71, 73, 74, 75, 76, 78, 80, 82, 83], "excluded_lines": []}}}, "llx/mcp/tools.py": {"executed_lines": [1, 7, 8, 9, 11, 14, 15, 16, 17, 22, 24, 25, 26, 28, 29, 30, 32, 33, 34, 36, 56, 75, 77, 78, 79, 81, 82, 83, 84, 85, 87, 106, 132, 154, 163, 182, 191, 210, 233, 253, 291, 313, 356, 373, 375, 376, 377, 378, 379, 380, 382, 400, 428, 446, 470, 491, 493, 494, 495, 497, 498, 499, 500, 501, 502, 505, 564, 567, 568, 571, 572, 580, 588, 589, 594, 595, 607, 630, 666, 686, 732], "summary": {"covered_lines": 80, "num_statements": 227, "percent_covered": 35.242290748898675, "percent_covered_display": "35", "missing_lines": 147, "excluded_lines": 0}, "missing_lines": [108, 109, 110, 111, 112, 114, 115, 116, 117, 118, 119, 120, 122, 123, 125, 156, 157, 158, 159, 160, 161, 184, 185, 186, 187, 188, 189, 212, 214, 215, 216, 217, 218, 223, 224, 227, 228, 229, 230, 231, 255, 257, 258, 259, 260, 261, 263, 271, 276, 277, 283, 284, 289, 315, 316, 318, 321, 322, 323, 331, 332, 333, 334, 335, 336, 337, 343, 344, 347, 348, 349, 354, 402, 403, 404, 405, 406, 407, 408, 409, 413, 414, 415, 416, 417, 418, 419, 420, 421, 423, 424, 426, 448, 450, 451, 453, 454, 455, 462, 468, 506, 512, 513, 516, 517, 520, 528, 529, 531, 532, 539, 547, 548, 553, 555, 556, 557, 600, 601, 632, 633, 634, 636, 637, 638, 639, 641, 644, 645, 646, 648, 655, 656, 660, 661, 688, 689, 691, 692, 693, 694, 696, 697, 702, 709, 726, 727], "excluded_lines": [], "functions": {"_handle_llx_analyze": {"executed_lines": [24, 25, 26, 28, 29, 30, 32, 33, 34, 36], "summary": {"covered_lines": 10, "num_statements": 10, "percent_covered": 100.0, "percent_covered_display": "100", "missing_lines": 0, "excluded_lines": 0}, "missing_lines": [], "excluded_lines": []}, "_handle_llx_select": {"executed_lines": [77, 78, 79, 81, 82, 83, 84, 85], "summary": {"covered_lines": 8, "num_statements": 8, "percent_covered": 100.0, "percent_covered_display": "100", "missing_lines": 0, "excluded_lines": 0}, "missing_lines": [], "excluded_lines": []}, "_handle_llx_chat": {"executed_lines": [], "summary": {"covered_lines": 0, "num_statements": 15, "percent_covered": 0.0, "percent_covered_display": "0", "missing_lines": 15, "excluded_lines": 0}, "missing_lines": [108, 109, 110, 111, 112, 114, 115, 116, 117, 118, 119, 120, 122, 123, 125], "excluded_lines": []}, "_handle_code2llm_analyze": {"executed_lines": [], "summary": {"covered_lines": 0, "num_statements": 6, "percent_covered": 0.0, "percent_covered_display": "0", "missing_lines": 6, "excluded_lines": 0}, "missing_lines": [156, 157, 158, 159, 160, 161], "excluded_lines": []}, "_handle_redup_scan": {"executed_lines": [], "summary": {"covered_lines": 0, "num_statements": 6, "percent_covered": 0.0, "percent_covered_display": "0", "missing_lines": 6, "excluded_lines": 0}, "missing_lines": [184, 185, 186, 187, 188, 189], "excluded_lines": []}, "_handle_vallm_validate": {"executed_lines": [], "summary": {"covered_lines": 0, "num_statements": 13, "percent_covered": 0.0, "percent_covered_display": "0", "missing_lines": 13, "excluded_lines": 0}, "missing_lines": [212, 214, 215, 216, 217, 218, 223, 224, 227, 228, 229, 230, 231], "excluded_lines": []}, "_handle_llx_preprocess": {"executed_lines": [], "summary": {"covered_lines": 0, "num_statements": 13, "percent_covered": 0.0, "percent_covered_display": "0", "missing_lines": 13, "excluded_lines": 0}, "missing_lines": [255, 257, 258, 259, 260, 261, 263, 271, 276, 277, 283, 284, 289], "excluded_lines": []}, "_handle_llx_context": {"executed_lines": [], "summary": {"covered_lines": 0, "num_statements": 19, "percent_covered": 0.0, "percent_covered_display": "0", "missing_lines": 19, "excluded_lines": 0}, "missing_lines": [315, 316, 318, 321, 322, 323, 331, 332, 333, 334, 335, 336, 337, 343, 344, 347, 348, 349, 354], "excluded_lines": []}, "_handle_llx_proxy_status": {"executed_lines": [375, 376, 377, 378, 379, 380], "summary": {"covered_lines": 6, "num_statements": 6, "percent_covered": 100.0, "percent_covered_display": "100", "missing_lines": 0, "excluded_lines": 0}, "missing_lines": [], "excluded_lines": []}, "_handle_llx_proxym_status": {"executed_lines": [], "summary": {"covered_lines": 0, "num_statements": 20, "percent_covered": 0.0, "percent_covered_display": "0", "missing_lines": 20, "excluded_lines": 0}, "missing_lines": [402, 403, 404, 405, 406, 407, 408, 409, 413, 414, 415, 416, 417, 418, 419, 420, 421, 423, 424, 426], "excluded_lines": []}, "_handle_llx_proxym_chat": {"executed_lines": [], "summary": {"covered_lines": 0, "num_statements": 8, "percent_covered": 0.0, "percent_covered_display": "0", "missing_lines": 8, "excluded_lines": 0}, "missing_lines": [448, 450, 451, 453, 454, 455, 462, 468], "excluded_lines": []}, "_handle_aider": {"executed_lines": [493, 494, 495, 497, 498, 499, 500, 501, 502, 505, 564, 567, 568, 571, 572, 580, 588, 589, 594, 595], "summary": {"covered_lines": 20, "num_statements": 39, "percent_covered": 51.282051282051285, "percent_covered_display": "51", "missing_lines": 19, "excluded_lines": 0}, "missing_lines": [506, 512, 513, 516, 517, 520, 528, 529, 531, 532, 539, 547, 548, 553, 555, 556, 557, 600, 601], "excluded_lines": []}, "_handle_planfile_generate": {"executed_lines": [], "summary": {"covered_lines": 0, "num_statements": 16, "percent_covered": 0.0, "percent_covered_display": "0", "missing_lines": 16, "excluded_lines": 0}, "missing_lines": [632, 633, 634, 636, 637, 638, 639, 641, 644, 645, 646, 648, 655, 656, 660, 661], "excluded_lines": []}, "_handle_planfile_apply": {"executed_lines": [], "summary": {"covered_lines": 0, "num_statements": 12, "percent_covered": 0.0, "percent_covered_display": "0", "missing_lines": 12, "excluded_lines": 0}, "missing_lines": [688, 689, 691, 692, 693, 694, 696, 697, 702, 709, 726, 727], "excluded_lines": []}, "": {"executed_lines": [1, 7, 8, 9, 11, 14, 1
[...]
: 2, "excluded_lines": 0}, "missing_lines": [698, 699], "excluded_lines": []}, "_cmd_requirements": {"executed_lines": [], "summary": {"covered_lines": 0, "num_statements": 11, "percent_covered": 0.0, "percent_covered_display": "0", "missing_lines": 11, "excluded_lines": 0}, "missing_lines": [703, 704, 705, 706, 707, 708, 709, 710, 711, 712, 713], "excluded_lines": []}, "_build_parser": {"executed_lines": [], "summary": {"covered_lines": 0, "num_statements": 9, "percent_covered": 0.0, "percent_covered_display": "0", "missing_lines": 9, "excluded_lines": 0}, "missing_lines": [733, 734, 735, 736, 737, 738, 739, 740, 741], "excluded_lines": []}, "_dispatch": {"executed_lines": [], "summary": {"covered_lines": 0, "num_statements": 4, "percent_covered": 0.0, "percent_covered_display": "0", "missing_lines": 4, "excluded_lines": 0}, "missing_lines": [746, 747, 748, 749], "excluded_lines": []}, "main": {"executed_lines": [], "summary": {"covered_lines": 0, "num_statements": 1, "percent_covered": 0.0, "percent_covered_display": "0", "missing_lines": 1, "excluded_lines": 0}, "missing_lines": [754], "excluded_lines": []}, "": {"executed_lines": [], "summary": {"covered_lines": 0, "num_statements": 56, "percent_covered": 0.0, "percent_covered_display": "0", "missing_lines": 56, "excluded_lines": 0}, "missing_lines": [6, 7, 8, 9, 10, 11, 12, 13, 14, 15, 16, 19, 22, 85, 93, 101, 116, 131, 174, 199, 240, 285, 320, 326, 356, 380, 419, 432, 479, 503, 535, 547, 558, 576, 590, 598, 612, 613, 615, 618, 627, 635, 642, 649, 666, 678, 685, 693, 697, 702, 717, 732, 744, 752, 757, 758], "excluded_lines": []}}, "classes": {"ModelManager": {"executed_lines": [], "summary": {"covered_lines": 0, "num_statements": 294, "percent_covered": 0.0, "percent_covered_display": "0", "missing_lines": 294, "excluded_lines": 0}, "missing_lines": [23, 24, 25, 28, 87, 88, 89, 90, 91, 95, 96, 97, 98, 99, 103, 104, 106, 107, 108, 109, 110, 111, 112, 114, 118, 119, 121, 122, 123, 124, 125, 126, 127, 129, 133, 134, 135, 137, 138, 140, 142, 147, 148, 149, 150, 151, 152, 155, 156, 157, 158, 160, 163, 164, 165, 167, 168, 170, 171, 172, 176, 177, 178, 180, 182, 183, 188, 189, 190, 192, 193, 195, 196, 197, 201, 202, 203, 205, 206, 208, 209, 215, 221, 222, 223, 225, 226, 227, 228, 230, 231, 233, 234, 236, 237, 238, 242, 243, 244, 246, 247, 249, 250, 259, 266, 267, 268, 270, 271, 272, 273, 275, 276, 278, 279, 281, 282, 283, 287, 297, 298, 299, 300, 301, 302, 303, 306, 307, 308, 309, 310, 313, 314, 315, 316, 318, 322, 323, 324, 328, 335, 337, 338, 339, 340, 341, 342, 345, 346, 349, 351, 352, 354, 358, 359, 360, 362, 364, 365, 366, 368, 369, 370, 372, 373, 376, 378, 382, 384, 385, 386, 388, 405, 406, 407, 410, 411, 413, 414, 416, 417, 421, 422, 424, 425, 426, 427, 428, 430, 434, 435, 443, 444, 446, 448, 449, 451, 452, 453, 455, 456, 458, 461, 462, 463, 465, 466, 467, 470, 471, 472, 473, 474, 475, 477, 481, 483, 484, 485, 486, 487, 489, 490, 491, 493, 494, 495, 497, 498, 500, 501, 505, 514, 516, 517, 518, 519, 520, 523, 524, 525, 526, 527, 528, 529, 530, 531, 533, 537, 538, 540, 541, 542, 543, 544, 545, 549, 550, 552, 553, 555, 556, 560, 561, 563, 564, 566, 567, 569, 570, 571, 573, 574, 578, 579, 581, 582, 584, 585, 587, 588, 592, 593, 594, 595, 596, 600, 601, 602, 603, 604, 605, 606, 607], "excluded_lines": []}, "": {"executed_lines": [], "summary": {"covered_lines": 0, "num_statements": 125, "percent_covered": 0.0, "percent_covered_display": "0", "missing_lines": 125, "excluded_lines": 0}, "missing_lines": [6, 7, 8, 9, 10, 11, 12, 13, 14, 15, 16, 19, 22, 85, 93, 101, 116, 131, 174, 199, 240, 285, 320, 326, 356, 380, 419, 432, 479, 503, 535, 547, 558, 576, 590, 598, 612, 613, 615, 618, 619, 620, 621, 622, 623, 624, 627, 628, 629, 630, 631, 635, 642, 643, 644, 645, 646, 649, 650, 651, 652, 653, 654, 655, 656, 657, 658, 659, 660, 661, 662, 663, 666, 667, 668, 669, 670, 671, 672, 673, 674, 678, 685, 686, 687, 688, 689, 690, 693, 694, 697, 698, 699, 702, 703, 704, 705, 706, 707, 708, 709, 710, 711, 712, 713, 717, 732, 733, 734, 735, 736, 737, 738, 739, 740, 741, 744, 746, 747, 748, 749, 752, 754, 757, 758], "excluded_lines": []}}}, "llx/tools/vscode_manager.py": {"executed_lines": [], "summary": {"covered_lines": 0, "num_statements": 373, "percent_covered": 0.0, "percent_covered_display": "0", "missing_lines": 373, "excluded_lines": 0}, "missing_lines": [6, 7, 8, 9, 10, 11, 12, 13, 14, 15, 16, 17, 20, 23, 24, 25, 26, 27, 28, 31, 53, 55, 57, 59, 60, 62, 63, 64, 66, 67, 68, 69, 71, 72, 74, 76, 77, 78, 80, 82, 83, 85, 86, 87, 89, 90, 92, 93, 94, 96, 98, 100, 101, 103, 104, 106, 108, 110, 111, 112, 113, 114, 116, 118, 119, 121, 123, 124, 125, 126, 127, 129, 131, 133, 135, 137, 139, 140, 141, 143, 144, 146, 148, 149, 151, 152, 154, 155, 161, 162, 163, 165, 166, 168, 169, 170, 171, 172, 173, 175, 176, 177, 179, 180, 181, 182, 184, 186, 188, 189, 191, 192, 196, 197, 199, 200, 202, 204, 206, 207, 208, 210, 211, 217, 218, 219, 221, 222, 224, 225, 226, 228, 230, 231, 232, 234, 236, 237, 241, 242, 243, 245, 246, 248, 249, 250, 252, 254, 256, 258, 259, 260, 263, 289, 291, 293, 297, 298, 299, 300, 301, 303, 306, 309, 312, 313, 315, 317, 319, 320, 322, 323, 324, 326, 328, 329, 330, 332, 409, 410, 412, 414, 415, 417, 419, 421, 422, 424, 425, 426, 428, 430, 431, 432, 434, 471, 472, 474, 476, 477, 479, 481, 483, 484, 486, 487, 488, 490, 492, 493, 494, 496, 497, 499, 500, 502, 505, 506, 507, 511, 512, 513, 516, 517, 518, 519, 521, 522, 524, 526, 527, 528, 530, 531, 532, 533, 535, 538, 539, 540, 541, 545, 546, 547, 550, 551, 552, 553, 555, 556, 558, 559, 561, 563, 572, 573, 574, 575, 577, 579, 581, 582, 584, 587, 588, 590, 592, 593, 596, 597, 600, 603, 604, 607, 608, 609, 610, 611, 612, 614, 616, 618, 619, 620, 622, 623, 624, 625, 627, 628, 629, 630, 632, 633, 634, 635, 637, 638, 639, 640, 641, 642, 643, 645, 646, 647, 648, 649, 650, 651, 653, 654, 655, 656, 657, 658, 659, 664, 665, 667, 670, 671, 674, 675, 678, 679, 682, 683, 684, 687, 688, 689, 690, 693, 694, 697, 698, 699, 700, 701, 702, 706, 713, 714, 717, 718, 721, 722, 725, 726, 729, 730, 734, 741, 742, 743, 747, 766, 767, 768, 769, 770, 771, 772, 775, 780, 781, 782, 783, 786, 788, 791, 792], "excluded_lines": [], "functions": {"VSCodeManager.__init__": {"executed_lines": [], "summary": {"covered_lines": 0, "num_statements": 6, "percent_covered": 0.0, "percent_covered_display": "0", "missing_lines": 6, "excluded_lines": 0}, "missing_lines": [24, 25, 26, 27, 28, 31], "excluded_lines": []}, "VSCodeManager.is_vscode_running": {"executed_lines": [], "summary": {"covered_lines": 0, "num_statements": 1, "percent_covered": 0.0, "percent_covered_display": "0", "missing_lines": 1, "excluded_lines": 0}, "missing_lines": [55], "excluded_lines": []}, "VSCodeManager.start_vscode": {"executed_lines": [], "summary": {"covered_lines": 0, "num_statements": 15, "percent_covered": 0.0, "percent_covered_display": "0", "missing_lines": 15, "excluded_lines": 0}, "missing_lines": [59, 60, 62, 63, 64, 66, 67, 68, 69, 71, 72, 74, 76, 77, 78], "excluded_lines": []}, "VSCodeManager.stop_vscode": {"executed_lines": [], "summary": {"covered_lines": 0, "num_statements": 10, "percent_covered": 0.0, "percent_covered_display": "0", "missing_lines": 10, "excluded_lines": 0}, "missing_lines": [82, 83, 85, 86, 87, 89, 90, 92, 93, 94], "excluded_lines": []}, "VSCodeManager.restart_vscode": {"executed_lines": [], "summary": {"covered_lines": 0, "num_statements": 5, "percent_covered": 0.0, "percent_covered_display": "0", "missing_lines": 5, "excluded_lines": 0}, "missing_lines": [98, 100, 101, 103, 104], "excluded_lines": []}, "VSCodeManager.wait_for_vscode_ready": {"executed_lines": [], "summary": {"covered_lines": 0, "num_statements": 9, "percent_covered": 0.0, "percent_covered_display": "0", "missing_lines": 9, "excluded_lines": 0}, "missing_lines": [108, 110, 111, 112, 113, 114, 116, 118, 119], "excluded_lines": []}, "VSCodeManager.check_vscode_health": {"executed_lines": [], "summary": {"covered_lines": 0, "num_statements": 5, "percent_covered": 0.0, "percent_covered_display": "0", "missing_lines": 5, "excluded_lines": 0}, "missing_lines": [123, 124, 125, 126, 127], "excluded_lines": []}, "VSCodeManager.get_vscode_url": {"executed_lines": [], "summary": {"covered_lines": 0, "num_statements": 1, "percent_covered": 0.0, "percent_covered_display": "0", "missing_lines": 1, "excluded_lines": 0}, "missing_lines": [131], "excluded_lines": []}, "VSCodeManager.get_vscode_password": {"executed_lines": [], "summary": {"covered_lines": 0, "num_statements": 1, "percent_covered": 0.0, "percent_covered_display": "0", "missing_lines": 1, "excluded_lines": 0}, "missing_lines": [135], "excluded_lines": []}, "VSCodeManager.install_extensions": {"executed_lines": [], "summary": {"covered_lines": 0, "num_statements": 31, "percent_covered": 0.0, "percent_covered_display": "0", "missing_lines": 31, "excluded_lines": 0}, "missing_lines": [139, 140, 141, 143, 144, 146, 148, 149, 151, 152, 154, 155, 161, 162, 163, 165, 166, 168, 169, 170, 171, 172, 173, 175, 176, 177, 179, 180, 181, 182, 184], "excluded_lines": []}, "VSCodeManager.list_installed_extensions": {"executed_lines": [], "summary": {"covered_lines": 0, "num_statements": 9, "percent_covered": 0.0, "percent_covered_display": "0", "missing_lines": 9, "excluded_lines": 0}, "missing_lines": [188, 189, 191, 192, 196, 197, 199, 200, 202], "excluded_lines": []}, "VSCodeManager.uninstall_extension": {"executed_lines": [], "summary": {"covered_lines": 0, "num_statements": 13, "percent_covered": 0.0, "percent_covered_display": "0", "missing_lines": 13, "excluded_lines": 0}, "missing_lines": [206, 207, 208, 210, 211, 217, 218, 219, 221, 222, 224, 225, 226], "excluded_lines": []}, "VSCodeManager.update_extensions": {"executed_lines": [], "summary": {"covered_lines": 0, "num_statements": 14, "percent_covered": 0.0, "percent_covered_display": "0", "missing_lines": 14, "excluded_lines": 0}, "missing_lines": [230, 231, 232, 234, 236, 237, 241, 242, 243, 245, 246, 248, 249, 250], "excluded_lines": []}, "VSCodeManager.get_vscode_logs": {"executed_lines": [], "summary": {"covered_lines": 0, "num_statements": 1, "percent_covered": 0.0, "percent_covered_display": "0", "missing_lines": 1, "excluded_lines": 0}, "missing_lines": [254], "excluded_lines": []}, "VSCodeManager.configure_roocode": {"executed_lines": [], "summary": {"covered_lines": 0, "num_statements": 24, "percent_covered": 0.0, "percent_covered_display": "0", "missing_lines": 24, "excluded_lines": 0}, "missing_lines": [258, 259, 260, 263, 289, 291, 293, 297, 298, 299, 300, 301, 303, 306, 309, 312, 313, 315, 317, 319, 320, 322, 323, 324], "excluded_lines": []}, "VSCodeManager.create_workspace_tasks": {"executed_lines": [], "summary": {"covered_lines": 0, "num_statements": 16, "percent_covered": 0.0, "percent_covered_display": "0", "missing_lines": 16, "excluded_lines": 0}, "missing_lines": [328, 329, 330, 332, 409, 410, 412, 414, 415, 417, 419, 421, 422, 424, 425, 426], "excluded_lines": []}, "VSCodeManager.create_launch_config": {"executed_lines": [], "summary": {"covered_lines": 0, "num_statements": 16, "percent_covered": 0.0, "percent_covered_display": "0", "missing_lines": 16, "excluded_lines": 0}, "missing_lines": [430, 431, 432, 434, 471, 472, 474, 476, 477, 479, 481, 483, 484, 486, 487, 488], "excluded_lines": []}, "VSCodeManager.backup_settings": {"executed_lines": [], "summary": {"covered_lines": 0, "num_statements": 20, "percent_covered": 0.0, "percent_covered_display": "0", "missing_lines": 20, "excluded_lines": 0}, "missing_lines": [492, 493, 494, 496, 497, 499, 500, 502, 505, 506, 507, 511, 512, 513, 516, 517, 518, 519, 521, 522], "excluded_lines": []}, "VSCodeManager.restore_settings": {"executed_lines": [], "summary": {"covered_lines": 0, "num_statements": 23, "percent_covered": 0.0, "percent_covered_display": "0", "missing_lines": 23, "excluded_lines": 0}, "missing_lines": [526, 527, 528, 530, 531, 532, 533, 535, 538, 539, 540, 541, 545, 546, 547, 550, 551, 552, 553, 555, 556, 558, 559], "excluded_lines": []}, "VSCodeManager.get_status": {"executed_lines": [], "summary": {"covered_lines": 0, "num_statements": 6, "percent_covered": 0.0, "percent_covered_display": "0", "missing_lines": 6, "excluded_lines": 0}, "missing_lines": [563, 572, 573, 574, 575, 577], "excluded_lines": []}, "VSCodeManager.print_status_summary": {"executed_lines": [], "summary": {"covered_lines": 0, "num_statements": 20, "percent_covered": 0.0, "percent_covered_display": "0", "missing_lines": 20, "excluded_lines": 0}, "missing_lines": [581, 582, 584, 587, 588, 590, 592, 593, 596, 597, 600, 603, 604, 607, 608, 609, 610, 611, 612, 614], "excluded_lines": []}, "VSCodeManager.print_quick_start": {"executed_lines": [], "summary": {"covered_lines": 0, "num_statements": 36, "percent_covered": 0.0, "percent_covered_display": "0", "missing_lines": 36, "excluded_lines": 0}, "missing_lines": [618, 619, 620, 622, 623, 624, 625, 627, 628, 629, 630, 632, 633, 634, 635, 637, 638, 639, 640, 641, 642, 643, 645, 646, 647, 648, 649, 650, 651, 653, 654, 655, 656, 657, 658, 659], "excluded_lines": []}, "_cmd_start": {"executed_lines": [], "summary": {"covered_lines": 0, "num_statements": 1, "percent_covered": 0.0, "percent_covered_display": "0", "missing_lines": 1, "excluded_lines": 0}, "missing_lines": [671], "excluded_lines": []}, "_cmd_stop": {"executed_lines": [], "summary": {"covered_lines": 0, "num_statements": 1, "percent_covered": 0.0, "percent_covered_display": "0", "missing_lines": 1, "excluded_lines": 0}, "missing_lines": [675], "excluded_lines": []}, "_cmd_restart": {"executed_lines": [], "summary": {"covered_lines": 0, "num_statements": 1, "percent_covered": 0.0, "percent_covered_display": "0", "missing_lines": 1, "excluded_lines": 0}, "missing_lines": [679], "excluded_lines": []}, "_cmd_status": {"executed_lines": [], "summary": {"covered_lines": 0, "num_statements": 2, "percent_covered": 0.0, "percent_covered_display": "0", "missing_lines": 2, "excluded_lines": 0}, "missing_lines": [683, 684], "excluded_lines": []}, "_cmd_logs": {"executed_lines": [], "summary": {"covered_lines": 0, "num_statements": 3, "percent_covered": 0.0, "percent_covered_display": "0", "missing_lines": 3, "excluded_lines": 0}, "missing_lines": [688, 689, 690], "excluded_lines": []}, "_cmd_install_extensions": {"executed_lines": [], "summary": {"covered_lines": 0, "num_statements": 1, "percent_covered": 0.0, "percent_covered_display": "0", "missing_lines": 1, "excluded_lines": 0}, "missing_lines": [694], "excluded_lines": []}, "_cmd_list_extensions": {"executed_lines": [], "summary": {"covered_lines": 0, "num_statements": 5, "percent_covered": 0.0, "percent_covered_display": "0", "missing_lines": 5, "excluded_lines": 0}, "missing_lines": [698, 699, 700, 701, 702], "excluded_lines": []}, "_cmd_update_extensions": {"executed_lines": [], "summary": {"covered_lines": 0, "num_statements": 1, "percent_covered": 0.0, "percent_covered_display": "0", "missing_lines": 1, "excluded_lines": 0}, "missing_lines": [714], "excluded_lines": []}, "_cmd_configure_roocode": {"executed_lines": [], "summary": {"covered_lines": 0, "num_statements": 1, "percent_covered": 0.0, "percent_covered_display": "0", "missing_lines": 1, "excluded_lines": 0}, "missing_lines": [718], "excluded_lines": []}, "_cmd_create_tasks": {"executed_lines": [], "summary": {"covered_lines": 0, "num_statements": 1, "percent_covered": 0.0, "percent_covered_display": "0", "missing_lines": 1, "excluded_lines": 0}, "missing_lines": [722], "excluded_lines": []}, "_cmd_create_launch": {"executed_lines": [], "summary": {"covered_lines": 0, "num_statements": 1, "percent_covered": 0.0, "percent_covered_display": "0", "missing_lines": 1, "excluded_lines": 0}, "missing_lines": [726], "excluded_lines": []}, "_cmd_backup": {"executed_lines": [], "summary": {"covered_lines": 0, "num_statements": 1, "percent_covered": 0.0, "percent_covered_display": "0", "missing_lines": 1, "excluded_lines": 0}, "missing_lines": [730], "excluded_lines": []}, "_cmd_quick_start": {"executed_lines": [], "summary": {"covered_lines": 0, "num_statements": 2, "percent_covered": 0.0, "percent_covered_display": "0", "missing_lines": 2, "excluded_lines": 0}, "missing_lines": [742, 743], "excluded_lines": []}, "_build_parser": {"executed_lines": [], "summary": {"covered_lines": 0, "num_statements": 6, "percent_covered": 0.0, "percent_covered_display": "0", "missing_lines": 6, "excluded_lines": 0}, "missing_lines": [767, 768, 769, 770, 771, 772], "excluded_lines": []}, "_dispatch": {"executed_lines": [], "summary": {"covered_lines": 0, "num_statements": 4, "percent_covered": 0.0, "percent_covered_display": "0", "missing_lines": 4, "excluded_lines": 0}, "missing_lines": [780, 781, 782, 783], "excluded_lines": []}, "main": {"executed_lines": [], "summary": {"covered_lines": 0, "num_statements": 1, "percent_covered": 0.0, "percent_covered_display": "0", "missing_lines": 1, "excluded_lines": 0}, "missing_lines": [788], "excluded_lines": []}, "": {"executed_lines": [], "summary": {"covered_lines": 0, "num_statements": 59, "percent_covered": 0.0, "percent_covered_display": "0", "missing_lines": 59, "excluded_lines": 0}, "missing_lines": [6, 7, 8, 9, 10, 11, 12, 13, 14, 15, 16, 17, 20, 23, 53, 57, 80, 96, 106, 121, 129, 133, 137, 186, 204, 228, 252, 256, 326, 428, 490, 524, 561, 579, 616, 664, 665, 667, 670, 674, 678, 682, 687, 693, 697, 706, 713, 717, 721, 725, 729, 734, 741, 747, 766, 775, 786, 791, 792], "excluded_lines": []}}, "classes": {"VSCodeManager": {"executed_lines": [], "summary": {"covered_lines": 0, "num_statements": 282, "percent_covered": 0.0, "percent_covered_display": "0", "missing_lines": 282, "excluded_lines": 0}, "missing_lines": [24, 25, 26, 27, 28, 31, 55, 59, 60, 62, 63, 64, 66, 67, 68, 69, 71, 72, 74, 76, 77, 78, 82, 83, 85, 86, 87, 89, 90, 92, 93, 94, 98, 100, 101, 103, 104, 108, 110, 111, 112, 113, 114, 116, 118, 119, 123, 124, 125, 126, 127, 131, 135, 139, 140, 141, 143, 144, 146, 148, 149, 151, 152, 154, 155, 161, 162, 163, 165, 166, 168, 169, 170, 171, 172, 173, 175, 176, 177, 179, 180, 181, 182, 184, 188, 189, 191, 192, 196, 197, 199, 200, 202, 206, 207, 208, 210, 211, 217, 218, 219, 221, 222, 224, 225, 226, 230, 231, 232, 234, 236, 237, 241, 242, 243, 245, 246, 248, 249, 250, 254, 258, 259, 260, 263, 289, 291, 293, 297, 298, 299, 300, 301, 303, 306, 309, 312, 313, 315, 317, 319, 320, 322, 323, 324, 328, 329, 330, 332, 409, 410, 412, 414, 415, 417, 419, 421, 422, 424, 425, 426, 430, 431, 432, 434, 471, 472, 474, 476, 477, 479, 481, 483, 484, 486, 487, 488, 492, 493, 494, 496, 497, 499, 500, 502, 505, 506, 507, 511, 512, 513, 516, 517, 518, 519, 521, 522, 526, 527, 528, 530, 531, 532, 533, 535, 538, 539, 540, 541, 545, 546, 547, 550, 551, 552, 553, 555, 556, 558, 559, 563, 572, 573, 574, 575, 577, 581, 582, 584, 587, 588, 590, 592, 593, 596, 597, 600, 603, 604, 607, 608, 609, 610, 611, 612, 614, 618, 619, 620, 622, 623, 624, 625, 627, 628, 629, 630, 632, 633, 634, 635, 637, 638, 639, 640, 641, 642, 643, 645, 646, 647, 648, 649, 650, 651, 653, 654, 655, 656, 657, 658, 659], "excluded_lines": []}, "": {"executed_lines": [], "summary": {"covered_lines": 0, "num_statements": 91, "percent_covered": 0.0, "percent_covered_display": "0", "missing_lines": 91, "excluded_lines": 0}, "missing_lines": [6, 7, 8, 9, 10, 11, 12, 13, 14, 15, 16, 17, 20, 23, 53, 57, 80, 96, 106, 121, 129, 133, 137, 186, 204, 228, 252, 256, 326, 428, 490, 524, 561, 579, 616, 664, 665, 667, 670, 671, 674, 675, 678, 679, 682, 683, 684, 687, 688, 689, 690, 693, 694, 697, 698, 699, 700, 701, 702, 706, 713, 714, 717, 718, 721, 722, 725, 726, 729, 730, 734, 741, 742, 743, 747, 766, 767, 768, 769, 770, 771, 772, 775, 780, 781, 782, 783, 786, 788, 791, 792], "excluded_lines": []}}}}, "totals": {"covered_lines": 1950, "num_statements": 12852, "percent_covered": 15.172735760971054, "percent_covered_display": "15", "missing_lines": 10902, "excluded_lines": 0}}