{"meta": {"format": 3, "version": "7.13.5", "timestamp": "2026-04-03T20:10:10.439509", "branch_coverage": false, "show_contexts": false}, "files": {"llx/__init__.py": {"executed_lines": [17, 19, 20, 21, 22, 24], "summary": {"covered_lines": 6, "num_statements": 6, "percent_covered": 100.0, "percent_covered_display": "100", "missing_lines": 0, "excluded_lines": 0, "percent_statements_covered": 100.0, "percent_statements_covered_display": "100"}, "missing_lines": [], "excluded_lines": [], "functions": {"": {"executed_lines": [17, 19, 20, 21, 22, 24], "summary": {"covered_lines": 6, "num_statements": 6, "percent_covered": 100.0, "percent_covered_display": "100", "missing_lines": 0, "excluded_lines": 0, "percent_statements_covered": 100.0, "percent_statements_covered_display": "100"}, "missing_lines": [], "excluded_lines": [], "start_line": 1}}, "classes": {"": {"executed_lines": [17, 19, 20, 21, 22, 24], "summary": {"covered_lines": 6, "num_statements": 6, "percent_covered": 100.0, "percent_covered_display": "100", "missing_lines": 0, "excluded_lines": 0, "percent_statements_covered": 100.0, "percent_statements_covered_display": "100"}, "missing_lines": [], "excluded_lines": [], "start_line": 1}}}, "llx/__main__.py": {"executed_lines": [], "summary": {"covered_lines": 0, "num_statements": 2, "percent_covered": 0.0, "percent_covered_display": "0", "missing_lines": 2, "excluded_lines": 0, "percent_statements_covered": 0.0, "percent_statements_covered_display": "0"}, "missing_lines": [2, 4], "excluded_lines": [], "functions": {"": {"executed_lines": [], "summary": {"covered_lines": 0, "num_statements": 2, "percent_covered": 0.0, "percent_covered_display": "0", "missing_lines": 2, "excluded_lines": 0, "percent_statements_covered": 0.0, "percent_statements_covered_display": "0"}, "missing_lines": [2, 4], "excluded_lines": [], "start_line": 1}}, "classes": {"": {"executed_lines": [], "summary": {"covered_lines": 0, "num_statements": 2, "percent_covered": 0.0, "percent_covered_display": "0", "missing_lines": 2, "excluded_lines": 0, "percent_statements_covered": 0.0, "percent_statements_covered_display": "0"}, "missing_lines": [2, 4], "excluded_lines": [], "start_line": 1}}}, "llx/analysis/__init__.py": {"executed_lines": [], "summary": {"covered_lines": 0, "num_statements": 0, "percent_covered": 100.0, "percent_covered_display": "100", "missing_lines": 0, "excluded_lines": 0, "percent_statements_covered": 100.0, "percent_statements_covered_display": "100"}, "missing_lines": [], "excluded_lines": [], "functions": {"": {"executed_lines": [], "summary": {"covered_lines": 0, "num_statements": 0, "percent_covered": 100.0, "percent_covered_display": "100", "missing_lines": 0, "excluded_lines": 0, "percent_statements_covered": 100.0, "percent_statements_covered_display": "100"}, "missing_lines": [], "excluded_lines": [], "start_line": 1}}, "classes": {"": {"executed_lines": [], "summary": {"covered_lines": 0, "num_statements": 0, "percent_covered": 100.0, "percent_covered_display": "100", "missing_lines": 0, "excluded_lines": 0, "percent_statements_covered": 100.0, "percent_statements_covered_display": "100"}, "missing_lines": [], "excluded_lines": [], "start_line": 1}}}, "llx/analysis/collector.py": {"executed_lines": [9, 10, 11, 12, 13, 15, 19, 20, 21, 22, 23, 24, 25, 26, 27, 28, 31, 32, 33, 34, 35, 36, 37, 38, 41, 42, 43, 44, 45, 46, 47, 48, 51, 52, 53, 56, 57, 58, 59, 62, 63, 70, 71, 72, 73, 74, 77, 78, 79, 80, 83, 84, 85, 86, 89, 90, 93, 94, 97, 98, 99, 101, 102, 104, 105, 106, 107, 108, 109, 110, 112, 113, 115, 116, 117, 118, 119, 120, 122, 123, 125, 126, 127, 128, 129, 130, 133, 142, 143, 145, 147, 148, 149, 150, 151, 152, 153, 155, 156, 157, 164, 170, 173, 175, 176, 177, 178, 179, 180, 181, 182, 183, 184, 185, 188, 195, 198, 201, 205, 208, 210, 214, 217, 219, 223, 225, 226, 227, 228, 229, 230, 231, 234, 235, 236, 237, 240, 242, 243, 244, 254, 255, 256, 257, 260, 262, 263, 264, 265, 266, 267, 268, 271, 274, 275, 276, 279, 280, 281, 282, 285, 292, 293, 294, 297, 298, 299, 302, 303, 306, 323, 334, 358, 366, 375, 382, 411, 413, 414, 420, 422, 423, 436, 438, 439, 440, 441, 459, 462, 464, 465, 468, 470, 471, 474, 476, 477], "summary": {"covered_lines": 197, "num_statements": 302, "percent_covered": 65.23178807947019, "percent_covered_display": "65", "missing_lines": 105, "excluded_lines": 0, "percent_statements_covered": 65.23178807947019, "percent_statements_covered_display": "65"}, "missing_lines": [186, 187, 202, 209, 211, 218, 220, 245, 246, 247, 248, 249, 250, 251, 308, 309, 310, 311, 312, 313, 314, 315, 316, 317, 318, 319, 320, 325, 326, 327, 329, 330, 331, 336, 337, 338, 339, 340, 341, 342, 343, 344, 345, 346, 347, 348, 349, 350, 351, 352, 353, 354, 355, 360, 361, 362, 363, 368, 369, 370, 371, 372, 377, 378, 379, 391, 392, 393, 394, 397, 398, 399, 400, 401, 402, 404, 415, 416, 417, 424, 425, 426, 427, 428, 429, 442, 443, 444, 445, 446, 447, 448, 450, 451, 453, 454, 455, 456, 457, 458, 478, 479, 480, 481, 482], "excluded_lines": [], "functions": {"ProjectMetrics.complexity_score": {"executed_lines": [104, 105, 106, 107, 108, 109, 110], "summary": {"covered_lines": 7, "num_statements": 7, "percent_covered": 100.0, "percent_covered_display": "100", "missing_lines": 0, "excluded_lines": 0, "percent_statements_covered": 100.0, "percent_statements_covered_display": "100"}, "missing_lines": [], "excluded_lines": [], "start_line": 102}, "ProjectMetrics.scale_score": {"executed_lines": [115, 116, 117, 118, 119, 120], "summary": {"covered_lines": 6, "num_statements": 6, "percent_covered": 100.0, "percent_covered_display": "100", "missing_lines": 0, "excluded_lines": 0, "percent_statements_covered": 100.0, "percent_statements_covered_display": "100"}, "missing_lines": [], "excluded_lines": [], "start_line": 113}, "ProjectMetrics.coupling_score": {"executed_lines": [125, 126, 127, 128, 129, 130], "summary": {"covered_lines": 6, "num_statements": 6, "percent_covered": 100.0, "percent_covered_display": "100", "missing_lines": 0, "excluded_lines": 0, "percent_statements_covered": 100.0, "percent_statements_covered_display": "100"}, "missing_lines": [], "excluded_lines": [], "start_line": 123}, "analyze_project": {"executed_lines": [142, 143, 145, 147, 148, 149, 150, 151, 152, 153, 155, 156, 157], "summary": {"covered_lines": 13, "num_statements": 13, "percent_covered": 100.0, "percent_covered_display": "100", "missing_lines": 0, "excluded_lines": 0, "percent_statements_covered": 100.0, "percent_statements_covered_display": "100"}, "missing_lines": [], "excluded_lines": [], "start_line": 133}, "_collect_filesystem_metrics": {"executed_lines": [175, 176, 177, 178, 179, 180, 181, 182, 183, 184, 185, 188], "summary": {"covered_lines": 12, "num_statements": 14, "percent_covered": 85.71428571428571, "percent_covered_display": "86", "missing_lines": 2, "excluded_lines": 0, "percent_statements_covered": 85.71428571428571, "percent_statements_covered_display": "86"}, "missing_lines": [186, 187], "excluded_lines": [], "start_line": 173}, "_collect_code2llm_metrics": {"executed_lines": [198, 201, 205, 208, 210, 214, 217, 219], "summary": {"covered_lines": 8, "num_statements": 13, "percent_covered": 61.53846153846154, "percent_covered_display": "62", "missing_lines": 5, "excluded_lines": 0, "percent_statements_covered": 61.53846153846154, "percent_statements_covered_display": "62"}, "missing_lines": [202, 209, 211, 218, 220], "excluded_lines": [], "start_line": 195}, "_apply_analysis_yaml": {"executed_lines": [225, 226, 227, 228, 229, 230, 231, 234, 235, 236, 237], "summary": {"covered_lines": 11, "num_statements": 11, "percent_covered": 100.0, "percent_covered_display": "100", "missing_lines": 0, "excluded_lines": 0, "percent_statements_covered": 100.0, "percent_statements_covered_display": "100"}, "missing_lines": [], "excluded_lines": [], "start_line": 223}, "_extract_metrics_target": {"executed_lines": [242, 243, 244, 254, 255, 256, 257], "summary": {"covered_lines": 7, "num_statements": 14, "percent_covered": 50.0, "percent_covered_display": "50", "missing_lines": 7, "excluded_lines": 0, "percent_statements_covered": 50.0, "percent_statements_covered_display": "50"}, "missing_lines": [245, 246, 247, 248, 249, 250, 251], "excluded_lines": [], "start_line": 240}, "_extract_evolution_stats": {"executed_lines": [262, 263, 264, 265, 266, 267, 268], "summary": {"covered_lines": 7, "num_statements": 7, "percent_covered": 100.0, "percent_covered_display": "100", "missing_lines": 0, "excluded_lines": 0, "percent_statements_covered": 100.0, "percent_statements_covered_display": "100"}, "missing_lines": [], "excluded_lines": [], "start_line": 260}, "_extract_evolution_actions": {"executed_lines": [274, 275, 276, 279, 280, 281, 282], "summary": {"covered_lines": 7, "num_statements": 7, "percent_covered": 100.0, "percent_covered_display": "100", "missing_lines": 0, "excluded_lines": 0, "percent_statements_covered": 100.0, "percent_statements_covered_display": "100"}, "missing_lines": [], "excluded_lines": [], "start_line": 271}, "_apply_evolution_yaml": {"executed_lines": [292, 293, 294, 297, 298, 299, 302, 303], "summary": {"covered_lines": 8, "num_statements": 8, "percent_covered": 100.0, "percent_covered_display": "100", "missing_lines": 0, "excluded_lines": 0, "percent_statements_covered": 100.0, "percent_statements_covered_display": "100"}, "missing_lines": [], "excluded_lines": [], "start_line": 285}, "_apply_evolution_text": {"executed_lines": [], "summary": {"covered_lines": 0, "num_statements": 13, "percent_covered": 0.0, "percent_covered_display": "0", "missing_lines": 13, "excluded_lines": 0, "percent_statements_covered": 0.0, "percent_statements_covered_display": "0"}, "missing_lines": [308, 309, 310, 311, 312, 313, 314, 315, 316, 317, 318, 319, 320], "excluded_lines": [], "start_line": 306}, "_apply_map_yaml": {"executed_lines": [], "summary": {"covered_lines": 0, "num_statements": 6, "percent_covered": 0.0, "percent_covered_display": "0", "missing_lines": 6, "excluded_lines": 0, "percent_statements_covered": 0.0, "percent_statements_covered_display": "0"}, "missing_lines": [325, 326, 327, 329, 330, 331], "excluded_lines": [], "start_line": 323}, "_parse_map_stats_line": {"executed_lines": [], "summary": {"covered_lines": 0, "num_statements": 20, "percent_covered": 0.0, "percent_covered_display": "0", "missing_lines": 20, "excluded_lines": 0, "percent_statements_covered": 0.0, "percent_statements_covered_display": "0"}, "missing_lines": [336, 337, 338, 339, 340, 341, 342, 343, 344, 345, 346, 347, 348, 349, 350, 351, 352, 353, 354, 355], "excluded_lines": [], "start_line": 334}, "_parse_map_alerts_line": {"executed_lines": [], "summary": {"covered_lines": 0, "num_statements": 4, "percent_covered": 0.0, "percent_covered_display": "0", "missing_lines": 4, "excluded_lines": 0, "percent_statements_covered": 0.0, "percent_statements_covered_display": "0"}, "missing_lines": [360, 361, 362, 363], "excluded_lines": [], "start_line": 358}, "_parse_map_hotspots_line": {"executed_lines": [], "summary": {"covered_lines": 0, "num_statements": 5, "percent_covered": 0.0, "percent_covered_display": "0", "missing_lines": 5, "excluded_lines": 0, "percent_statements_covered": 0.0, "percent_statements_covered_display": "0"}, "missing_lines": [368, 369, 370, 371, 372], "excluded_lines": [], "start_line": 366}, "_count_map_modules": {"executed_lines": [], "summary": {"covered_lines": 0, "num_statements": 3, "percent_covered": 0.0, "percent_covered_display": "0", "missing_lines": 3, "excluded_lines": 0, "percent_statements_covered": 0.0, "percent_statements_covered_display": "0"}, "missing_lines": [377, 378, 379], "excluded_lines": [], "start_line": 375}, "_apply_map_text": {"executed_lines": [], "summary": {"covered_lines": 0, "num_statements": 11, "percent_covered": 0.0, "percent_covered_display": "0", "missing_lines": 11, "excluded_lines": 0, "percent_statements_covered": 0.0, "percent_statements_covered_display": "0"}, "missing_lines": [391, 392, 393, 394, 397, 398, 399, 400, 401, 402, 404], "excluded_lines": [], "start_line": 382}, "_collect_redup_metrics": {"executed_lines": [413, 414], "summary": {"covered_lines": 2, "num_statements": 5, "percent_covered": 40.0, "percent_covered_display": "40", "missing_lines": 3, "excluded_lines": 0, "percent_statements_covered": 40.0, "percent_statements_covered_display": "40"}, "missing_lines": [415, 416, 417], "excluded_lines": [], "start_line": 411}, "_collect_vallm_metrics": {"executed_lines": [422, 423], "summary": {"covered_lines": 2, "num_statements": 8, "percent_covered": 25.0, "percent_covered_display": "25", "missing_lines": 6, "excluded_lines": 0, "percent_statements_covered": 25.0, "percent_statements_covered_display": "25"}, "missing_lines": [424, 425, 426, 427, 428, 429], "excluded_lines": [], "start_line": 420}, "_load_file": {"executed_lines": [438, 439, 440, 441, 459], "summary": {"covered_lines": 5, "num_statements": 20, "percent_covered": 25.0, "percent_covered_display": "25", "missing_lines": 15, "excluded_lines": 0, "percent_statements_covered": 25.0, "percent_statements_covered_display": "25"}, "missing_lines": [442, 443, 444, 445, 446, 447, 448, 450, 451, 453, 454, 455, 456, 457, 458], "excluded_lines": [], "start_line": 436}, "_extract_cc_value": {"executed_lines": [464, 465], "summary": {"covered_lines": 2, "num_statements": 2, "percent_covered": 100.0, "percent_covered_display": "100", "missing_lines": 0, "excluded_lines": 0, "percent_statements_covered": 100.0, "percent_statements_covered_display": "100"}, "missing_lines": [], "excluded_lines": [], "start_line": 462}, "_estimate_context_tokens": {"executed_lines": [470, 471], "summary": {"covered_lines": 2, "num_statements": 2, "percent_covered": 100.0, "percent_covered_display": "100", "missing_lines": 0, "excluded_lines": 0, "percent_statements_covered": 100.0, "percent_statements_covered_display": "100"}, "missing_lines": [], "excluded_lines": [], "start_line": 468}, "_classify_scope": {"executed_lines": [476, 477], "summary": {"covered_lines": 2, "num_statements": 7, "percent_covered": 28.571428571428573, "percent_covered_display": "29", "missing_lines": 5, "excluded_lines": 0, "percent_statements_covered": 28.571428571428573, "percent_statements_covered_display": "29"}, "missing_lines": [478, 479, 480, 481, 482], "excluded_lines": [], "start_line": 474}, "": {"executed_lines": [9, 10, 11, 12, 13, 15, 19, 20, 21, 22, 23, 24, 25, 26, 27, 28, 31, 32, 33, 34, 35, 36, 37, 38, 41, 42, 43, 44, 45, 46, 47, 48, 51, 52, 53, 56, 57, 58, 59, 62, 63, 70, 71, 72, 73, 74, 77, 78, 79, 80, 83, 84, 85, 86, 89, 90, 93, 94, 97, 98, 99, 101, 102, 112, 113, 122, 123, 133, 164, 170, 173, 195, 223, 240, 260, 271, 285, 306, 323, 334, 358, 366, 375, 382, 411, 420, 436, 462, 468, 474], "summary": {"covered_lines": 90, "num_statements": 90, "percent_covered": 100.0, "percent_covered_display": "100", "missing_lines": 0, "excluded_lines": 0, "percent_statements_covered": 100.0, "percent_statements_covered_display": "100"}, "missing_lines": [], "excluded_lines": [], "start_line": 1}}, "classes": {"ProjectMetrics": {"executed_lines": [104, 105, 106, 107, 108, 109, 110, 115, 116, 117, 118, 119, 120, 125, 126, 127, 128, 129, 130], "summary": {"covered_lines": 19, "num_statements": 19, "percent_covered": 100.0, "percent_covered_display": "100", "missing_lines": 0, "excluded_lines": 0, "percent_statements_covered": 100.0, "percent_statements_covered_display": "100"}, "missing_lines": [], "excluded_lines": [], "start_line": 63}, "": {"executed_lines": [9, 10, 11, 12, 13, 15, 19, 20, 21, 22, 23, 24, 25, 26, 27, 28, 31, 32, 33, 34, 35, 36, 37, 38, 41, 42, 43, 44, 45, 46, 47, 48, 51, 52, 53, 56, 57, 58, 59, 62, 63, 70, 71, 72, 73, 74, 77, 78, 79, 80, 83, 84, 85, 86, 89, 90, 93, 94, 97, 98, 99, 101, 102, 112, 113, 122, 123, 133, 142, 143, 145, 147, 148, 149, 150, 151, 152, 153, 155, 156, 157, 164, 170, 173, 175, 176, 177, 178, 179, 180, 181, 182, 183, 184, 185, 188, 195, 198, 201, 205, 208, 210, 214, 217, 219, 223, 225, 226, 227, 228, 229, 230, 231, 234, 235, 236, 237, 240, 242, 243, 244, 254, 255, 256, 257, 260, 262, 263, 264, 265, 266, 267, 268, 271, 274, 275, 276, 279, 280, 281, 282, 285, 292, 293, 294, 297, 298, 299, 302, 303, 306, 323, 334, 358, 366, 375, 382, 411, 413, 414, 420, 422, 423, 436, 438, 439, 440, 441, 459, 462, 464, 465, 468, 470, 471, 474, 476, 477], "summary": {"covered_lines": 178, "num_statements": 283, "percent_covered": 62.897526501766784, "percent_covered_display": "63", "missing_lines": 105, "excluded_lines": 0, "percent_statements_covered": 62.897526501766784, "percent_statements_covered_display": "63"}, "missing_lines": [186, 187, 202, 209, 211, 218, 220, 245, 246, 247, 248, 249, 250, 251, 308, 309, 310, 311, 312, 313, 314, 315, 316, 317, 318, 319, 320, 325, 326, 327, 329, 330, 331, 336, 337, 338, 339, 340, 341, 342, 343, 344, 345, 346, 347, 348, 349, 350, 351, 352, 353, 354, 355, 360, 361, 362, 363, 368, 369, 370, 371, 372, 377, 378, 379, 391, 392, 393, 394, 397, 398, 399, 400, 401, 402, 404, 415, 416, 417, 424, 425, 426, 427, 428, 429, 442, 443, 444, 445, 446, 447, 448, 450, 451, 453, 454, 455, 456, 457, 458, 478, 479, 480, 481, 482], "excluded_lines": [], "start_line": 1}}}, "llx/analysis/runner.py": {"executed_lines": [], "summary": {"covered_lines": 0, "num_statements": 45, "percent_covered": 0.0, "percent_covered_display": "0", "missing_lines": 45, "excluded_lines": 0, "percent_statements_covered": 0.0, "percent_statements_covered_display": "0"}, "missing_lines": [7, 8, 9, 10, 11, 14, 15, 18, 19, 20, 21, 22, 23, 26, 28, 31, 35, 36, 37, 38, 39, 40, 41, 42, 43, 44, 45, 46, 49, 50, 55, 56, 61, 62, 68, 73, 74, 75, 76, 77, 78, 79, 80, 81, 82], "excluded_lines": [], "functions": {"check_tool": {"executed_lines": [], "summary": {"covered_lines": 0, "num_statements": 1, "percent_covered": 0.0, "percent_covered_display": "0", "missing_lines": 1, "excluded_lines": 0, "percent_statements_covered": 0.0, "percent_statements_covered_display": "0"}, "missing_lines": [28], "excluded_lines": [], "start_line": 26}, "_run_tool": {"executed_lines": [], "summary": {"covered_lines": 0, "num_statements": 12, "percent_covered": 0.0, "percent_covered_display": "0", "missing_lines": 12, "excluded_lines": 0, "percent_statements_covered": 0.0, "percent_statements_covered_display": "0"}, "missing_lines": [35, 36, 37, 38, 39, 40, 41, 42, 43, 44, 45, 46], "excluded_lines": [], "start_line": 31}, "run_code2llm": {"executed_lines": [], "summary": {"covered_lines": 0, "num_statements": 1, "percent_covered": 0.0, "percent_covered_display": "0", "missing_lines": 1, "excluded_lines": 0, "percent_statements_covered": 0.0, "percent_statements_covered_display": "0"}, "missing_lines": [50], "excluded_lines": [], "start_line": 49}, "run_redup": {"executed_lines": [], "summary": {"covered_lines": 0, "num_statements": 1, "percent_covered": 0.0, "percent_covered_display": "0", "missing_lines": 1, "excluded_lines": 0, "percent_statements_covered": 0.0, "percent_statements_covered_display": "0"}, "missing_lines": [56], "excluded_lines": [], "start_line": 55}, "run_vallm": {"executed_lines": [], "summary": {"covered_lines": 0, "num_statements": 1, "percent_covered": 0.0, "percent_covered_display": "0", "missing_lines": 1, "excluded_lines": 0, "percent_statements_covered": 0.0, "percent_statements_covered_display": "0"}, "missing_lines": [62], "excluded_lines": [], "start_line": 61}, "run_all_tools": {"executed_lines": [], "summary": {"covered_lines": 0, "num_statements": 10, "percent_covered": 0.0, "percent_covered_display": "0", "missing_lines": 10, "excluded_lines": 0, "percent_statements_covered": 0.0, "percent_statements_covered_display": "0"}, "missing_lines": [73, 74, 75, 76, 77, 78, 79, 80, 81, 82], "excluded_lines": [], "start_line": 68}, "": {"executed_lines": [], "summary": {"covered_lines": 0, "num_statements": 19, "percent_covered": 0.0, "percent_covered_display": "0", "missing_lines": 19, "excluded_lines": 0, "percent_statements_covered": 0.0, "percent_statements_covered_display": "0"}, "missing_lines": [7, 8, 9, 10, 11, 14, 15, 18, 19, 20, 21, 22, 23, 26, 31, 49, 55, 61, 68], "excluded_lines": [], "start_line": 1}}, "classes": {"ToolResult": {"executed_lines": [], "summary": {"covered_lines": 0, "num_statements": 0, "percent_covered": 100.0, "percent_covered_display": "100", "missing_lines": 0, "excluded_lines": 0, "percent_statements_covered": 100.0, "percent_statements_covered_display": "100"}, "missing_lines": [], "excluded_lines": [], "start_line": 19}, "": {"executed_lines": [], "summary": {"covered_lines": 0, "num_statements": 45, "percent_covered": 0.0, "percent_covered_display": "0", "missing_lines": 45, "excluded_lines": 0, "percent_statements_covered": 0.0, "percent_statements_covered_display": "0"}, "missing_lines": [7, 8, 9, 10, 11, 14, 15, 18, 19, 20, 21, 22, 23, 26, 28, 31, 35, 36, 37, 38, 39, 40, 41, 42, 43, 44, 45, 46, 49, 50, 55, 56, 61, 62, 68, 73, 74, 75, 76, 77, 78, 79, 80, 81, 82], "excluded_lines": [], "start_line": 1}}}, "llx/cli/__init__.py": {"executed_lines": [], "summary": {"covered_lines": 0, "num_statements": 0, "percent_covered": 100.0, "percent_covered_display": "100", "missing_lines": 0, "excluded_lines": 0, "percent_statements_covered": 100.0, "percent_statements_covered_display": "100"}, "missing_lines": [], "excluded_lines": [], "functions": {"": {"executed_lines": [], "summary": {"covered_lines": 0, "num_statements": 0, "percent_covered": 100.0, "percent_covered_display": "100", "missing_lines": 0, "excluded_lines": 0, "percent_statements_covered": 100.0, "percent_statements_covered_display": "100"}, "missing_lines": [], "excluded_lines": [], "start_line": 1}}, "classes": {"": {"executed_lines": [], "summary": {"covered_lines": 0, "num_statements": 0, "percent_covered": 100.0, "percent_covered_display": "100", "missing_lines": 0, "excluded_lines": 0, "percent_statements_covered": 100.0, "percent_statements_covered_display": "100"}, "missing_lines": [], "excluded_lines": [], "start_line": 1}}}, "llx/cli/app.py": {"executed_lines": [19, 21, 22, 23, 25, 26, 27, 28, 31, 33, 34, 35, 36, 38, 39, 40, 41, 42, 43, 44, 45, 48, 51, 52, 83, 84, 100, 101, 141, 142, 162, 163, 171, 172, 181, 182, 193, 194, 200, 201, 214, 215, 226, 272, 287, 288, 293, 295, 296, 297, 298, 299, 301, 303, 304, 319, 320, 344, 345, 363, 364, 439, 440, 563, 564, 601, 602, 618, 619, 658, 694, 763, 764, 776, 777, 786, 917, 918, 958, 959, 1036, 1037, 1103], "summary": {"covered_lines": 83, "num_statements": 593, "percent_covered": 13.996627318718382, "percent_covered_display": "14", "missing_lines": 510, "excluded_lines": 0, "percent_statements_covered": 13.996627318718382, "percent_statements_covered_display": "14"}, "missing_lines": [63, 64, 65, 67, 68, 70, 71, 73, 74, 76, 77, 78, 80, 91, 92, 93, 94, 95, 96, 97, 111, 112, 113, 116, 117, 118, 120, 122, 125, 126, 128, 130, 131, 133, 134, 135, 136, 137, 138, 148, 149, 150, 151, 152, 153, 154, 155, 156, 157, 158, 159, 165, 166, 167, 168, 174, 175, 176, 177, 178, 188, 189, 190, 196, 197, 210, 211, 217, 218, 219, 220, 222, 223, 273, 274, 276, 277, 278, 280, 282, 306, 307, 315, 316, 317, 322, 329, 330, 331, 332, 333, 338, 339, 352, 353, 355, 356, 357, 358, 359, 361, 374, 375, 378, 379, 380, 381, 382, 383, 384, 386, 389, 390, 392, 393, 394, 397, 398, 399, 400, 401, 402, 405, 406, 408, 409, 410, 411, 412, 413, 414, 416, 423, 424, 427, 428, 429, 430, 431, 432, 433, 435, 436, 453, 454, 457, 458, 459, 460, 462, 464, 466, 467, 470, 471, 472, 473, 476, 479, 480, 481, 482, 483, 484, 485, 486, 489, 490, 491, 492, 493, 494, 497, 498, 499, 500, 503, 505, 506, 507, 509, 519, 520, 521, 522, 523, 526, 527, 529, 530, 531, 532, 535, 536, 537, 539, 541, 542, 547, 548, 551, 552, 553, 554, 556, 557, 558, 559, 560, 568, 570, 571, 574, 577, 580, 582, 583, 584, 585, 586, 588, 589, 592, 593, 594, 595, 596, 597, 598, 604, 606, 608, 610, 611, 612, 613, 614, 615, 633, 634, 636, 637, 638, 639, 640, 641, 642, 643, 644, 645, 646, 647, 648, 649, 650, 651, 652, 653, 654, 656, 664, 665, 666, 667, 668, 669, 671, 672, 674, 675, 676, 677, 680, 687, 688, 689, 690, 691, 696, 702, 703, 706, 707, 715, 716, 717, 718, 719, 722, 724, 725, 726, 727, 728, 729, 730, 732, 733, 734, 735, 736, 737, 738, 740, 741, 743, 746, 747, 749, 750, 753, 754, 755, 756, 757, 759, 761, 769, 770, 772, 773, 784, 788, 789, 791, 792, 794, 796, 797, 799, 800, 801, 802, 803, 806, 807, 809, 810, 812, 813, 814, 816, 817, 818, 819, 821, 822, 823, 825, 826, 827, 828, 829, 831, 832, 834, 835, 836, 837, 838, 840, 841, 844, 845, 846, 847, 848, 849, 850, 851, 852, 855, 856, 857, 858, 859, 860, 861, 862, 863, 864, 866, 874, 875, 876, 877, 878, 879, 880, 881, 882, 884, 886, 887, 888, 889, 891, 893, 894, 895, 896, 897, 898, 899, 902, 906, 908, 915, 916, 924, 925, 928, 929, 931, 934, 936, 937, 938, 939, 940, 941, 942, 943, 944, 945, 947, 948, 949, 951, 952, 953, 955, 965, 966, 967, 970, 971, 973, 974, 976, 977, 979, 980, 981, 984, 985, 988, 989, 990, 991, 993, 994, 995, 998, 999, 1000, 1001, 1002, 1003, 1004, 1007, 1008, 1009, 1010, 1011, 1012, 1013, 1014, 1015, 1016, 1018, 1019, 1020, 1022, 1024, 1025, 1026, 1027, 1028, 1029, 1030, 1031, 1033, 1044, 1047, 1048, 1049, 1050, 1052, 1058, 1059, 1061, 1062, 1069, 1070, 1072, 1073, 1074, 1076, 1077, 1080, 1081, 1084, 1085, 1089, 1093, 1094, 1095, 1100, 1104], "excluded_lines": [], "functions": {"analyze": {"executed_lines": [], "summary": {"covered_lines": 0, "num_statements": 13, "percent_covered": 0.0, "percent_covered_display": "0", "missing_lines": 13, "excluded_lines": 0, "percent_statements_covered": 0.0, "percent_statements_covered_display": "0"}, "missing_lines": [63, 64, 65, 67, 68, 70, 71, 73, 74, 76, 77, 78, 80], "excluded_lines": [], "start_line": 52}, "select": {"executed_lines": [], "summary": {"covered_lines": 0, "num_statements": 7, "percent_covered": 0.0, "percent_covered_display": "0", "missing_lines": 7, "excluded_lines": 0, "percent_statements_covered": 0.0, "percent_statements_covered_display": "0"}, "missing_lines": [91, 92, 93, 94, 95, 96, 97], "excluded_lines": [], "start_line": 84}, "chat": {"executed_lines": [], "summary": {"covered_lines": 0, "num_statements": 19, "percent_covered": 0.0, "percent_covered_display": "0", "missing_lines": 19, "excluded_lines": 0, "percent_statements_covered": 0.0, "percent_statements_covered_display": "0"}, "missing_lines": [111, 112, 113, 116, 117, 118, 120, 122, 125, 126, 128, 130, 131, 133, 134, 135, 136, 137, 138], "excluded_lines": [], "start_line": 101}, "proxy_start": {"executed_lines": [], "summary": {"covered_lines": 0, "num_statements": 12, "percent_covered": 0.0, "percent_covered_display": "0", "missing_lines": 12, "excluded_lines": 0, "percent_statements_covered": 0.0, "percent_statements_covered_display": "0"}, "missing_lines": [148, 149, 150, 151, 152, 153, 154, 155, 156, 157, 158, 159], "excluded_lines": [], "start_line": 142}, "proxy_config": {"executed_lines": [], "summary": {"covered_lines": 0, "num_statements": 4, "percent_covered": 0.0, "percent_covered_display": "0", "missing_lines": 4, "excluded_lines": 0, "percent_statements_covered": 0.0, "percent_statements_covered_display": "0"}, "missing_lines": [165, 166, 167, 168], "excluded_lines": [], "start_line": 163}, "proxy_status": {"executed_lines": [], "summary": {"covered_lines": 0, "num_statements": 5, "percent_covered": 0.0, "percent_covered_display": "0", "missing_lines": 5, "excluded_lines": 0, "percent_statements_covered": 0.0, "percent_statements_covered_display": "0"}, "missing_lines": [174, 175, 176, 177, 178], "excluded_lines": [], "start_line": 172}, "models": {"executed_lines": [], "summary": {"covered_lines": 0, "num_statements": 3, "percent_covered": 0.0, "percent_covered_display": "0", "missing_lines": 3, "excluded_lines": 0, "percent_statements_covered": 0.0, "percent_statements_covered_display": "0"}, "missing_lines": [188, 189, 190], "excluded_lines": [], "start_line": 182}, "info": {"executed_lines": [], "summary": {"covered_lines": 0, "num_statements": 2, "percent_covered": 0.0, "percent_covered_display": "0", "missing_lines": 2, "excluded_lines": 0, "percent_statements_covered": 0.0, "percent_statements_covered_display": "0"}, "missing_lines": [196, 197], "excluded_lines": [], "start_line": 194}, "fix": {"executed_lines": [], "summary": {"covered_lines": 0, "num_statements": 2, "percent_covered": 0.0, "percent_covered_display": "0", "missing_lines": 2, "excluded_lines": 0, "percent_statements_covered": 0.0, "percent_statements_covered_display": "0"}, "missing_lines": [210, 211], "excluded_lines": [], "start_line": 201}, "init": {"executed_lines": [], "summary": {"covered_lines": 0, "num_statements": 6, "percent_covered": 0.0, "percent_covered_display": "0", "missing_lines": 6, "excluded_lines": 0, "percent_statements_covered": 0.0, "percent_statements_covered_display": "0"}, "missing_lines": [217, 218, 219, 220, 222, 223], "excluded_lines": [], "start_line": 215}, "_run_analysis_tools": {"executed_lines": [], "summary": {"covered_lines": 0, "num_statements": 4, "percent_covered": 0.0, "percent_covered_display": "0", "missing_lines": 4, "excluded_lines": 0, "percent_statements_covered": 0.0, "percent_statements_covered_display": "0"}, "missing_lines": [273, 274, 276, 282], "excluded_lines": [], "start_line": 272}, "_run_analysis_tools.on_progress": {"executed_lines": [], "summary": {"covered_lines": 0, "num_statements": 3, "percent_covered": 0.0, "percent_covered_display": "0", "missing_lines": 3, "excluded_lines": 0, "percent_statements_covered": 0.0, "percent_statements_covered_display": "0"}, "missing_lines": [277, 278, 280], "excluded_lines": [], "start_line": 276}, "mcp_start": {"executed_lines": [293, 295, 296, 297, 298, 299, 301], "summary": {"covered_lines": 7, "num_statements": 7, "percent_covered": 100.0, "percent_covered_display": "100", "missing_lines": 0, "excluded_lines": 0, "percent_statements_covered": 100.0, "percent_statements_covered_display": "100"}, "missing_lines": [], "excluded_lines": [], "start_line": 288}, "mcp_config": {"executed_lines": [], "summary": {"covered_lines": 0, "num_statements": 5, "percent_covered": 0.0, "percent_covered_display": "0", "missing_lines": 5, "excluded_lines": 0, "percent_statements_covered": 0.0, "percent_statements_covered_display": "0"}, "missing_lines": [306, 307, 315, 316, 317], "excluded_lines": [], "start_line": 304}, "mcp_tools": {"executed_lines": [], "summary": {"covered_lines": 0, "num_statements": 8, "percent_covered": 0.0, "percent_covered_display": "0", "missing_lines": 8, "excluded_lines": 0, "percent_statements_covered": 0.0, "percent_statements_covered_display": "0"}, "missing_lines": [322, 329, 330, 331, 332, 333, 338, 339], "excluded_lines": [], "start_line": 320}, "plan_apply": {"executed_lines": [], "summary": {"covered_lines": 0, "num_statements": 8, "percent_covered": 0.0, "percent_covered_display": "0", "missing_lines": 8, "excluded_lines": 0, "percent_statements_covered": 0.0, "percent_statements_covered_display": "0"}, "missing_lines": [352, 353, 355, 356, 357, 358, 359, 361], "excluded_lines": [], "start_line": 345}, "plan_models": {"executed_lines": [], "summary": {"covered_lines": 0, "num_statements": 42, "percent_covered": 0.0, "percent_covered_display": "0", "missing_lines": 42, "excluded_lines": 0, "percent_statements_covered": 0.0, "percent_statements_covered_display": "0"}, "missing_lines": [374, 375, 378, 379, 380, 381, 382, 383, 384, 386, 389, 390, 392, 393, 394, 397, 398, 399, 400, 401, 402, 405, 406, 408, 409, 410, 411, 412, 413, 414, 416, 423, 424, 427, 428, 429, 430, 431, 432, 433, 435, 436], "excluded_lines": [], "start_line": 364}, "plan_all": {"executed_lines": [], "summary": {"covered_lines": 0, "num_statements": 66, "percent_covered": 0.0, "percent_covered_display": "0", "missing_lines": 66, "excluded_lines": 0, "percent_statements_covered": 0.0, "percent_statements_covered_display": "0"}, "missing_lines": [453, 454, 457, 458, 459, 460, 462, 464, 466, 467, 470, 471, 472, 473, 476, 479, 480, 481, 482, 483, 484, 485, 486, 489, 490, 491, 492, 493, 494, 497, 498, 499, 500, 503, 505, 506, 507, 509, 519, 520, 521, 522, 523, 526, 527, 529, 530, 531, 532, 535, 536, 537, 539, 541, 542, 547, 548, 551, 552, 553, 554, 556, 557, 558, 559, 560], "excluded_lines": [], "start_line": 440}, "plan_detect": {"executed_lines": [], "summary": {"covered_lines": 0, "num_statements": 20, "percent_covered": 0.0, "percent_covered_display": "0", "missing_lines": 20, "excluded_lines": 0, "percent_statements_covered": 0.0, "percent_statements_covered_display": "0"}, "missing_lines": [568, 570, 571, 574, 577, 580, 582, 583, 584, 585, 586, 588, 589, 592, 593, 594, 595, 596, 597, 598], "excluded_lines": [], "start_line": 564}, "plan_types": {"executed_lines": [], "summary": {"covered_lines": 0, "num_statements": 9, "percent_covered": 0.0, "percent_covered_display": "0", "missing_lines": 9, "excluded_lines": 0, "percent_statements_covered": 0.0, "percent_statements_covered_display": "0"}, "missing_lines": [604, 606, 608, 610, 611, 612, 613, 614, 615], "excluded_lines": [], "start_line": 602}, "plan_generate": {"executed_lines": [], "summary": {"covered_lines": 0, "num_statements": 22, "percent_covered": 0.0, "percent_covered_display": "0", "missing_lines": 22, "excluded_lines": 0, "percent_statements_covered": 0.0, "percent_statements_covered_display": "0"}, "missing_lines": [633, 634, 636, 637, 638, 639, 640, 641, 642, 643, 644, 645, 646, 647, 648, 649, 650, 651, 652, 653, 654, 656], "excluded_lines": [], "start_line": 619}, "_plan_generate_impl": {"executed_lines": [], "summary": {"covered_lines": 0, "num_statements": 18, "percent_covered": 0.0, "percent_covered_display": "0", "missing_lines": 18, "excluded_lines": 0, "percent_statements_covered": 0.0, "percent_statements_covered_display": "0"}, "missing_lines": [664, 665, 666, 667, 668, 669, 671, 672, 674, 675, 676, 677, 680, 687, 688, 689, 690, 691], "excluded_lines": [], "start_line": 658}, "_get_model_for_generation": {"executed_lines": [], "summary": {"covered_lines": 0, "num_statements": 39, "percent_covered": 0.0, "percent_covered_display": "0", "missing_lines": 39, "excluded_lines": 0, "percent_statements_covered": 0.0, "percent_statements_covered_display": "0"}, "missing_lines": [696, 702, 703, 706, 707, 715, 716, 717, 718, 719, 722, 724, 725, 726, 727, 728, 729, 730, 732, 733, 734, 735, 736, 737, 738, 740, 741, 743, 746, 747, 749, 750, 753, 754, 755, 756, 757, 759, 761], "excluded_lines": [], "start_line": 694}, "plan_review": {"executed_lines": [], "summary": {"covered_lines": 0, "num_statements": 4, "percent_covered": 0.0, "percent_covered_display": "0", "missing_lines": 4, "excluded_lines": 0, "percent_statements_covered": 0.0, "percent_statements_covered_display": "0"}, "missing_lines": [769, 770, 772, 773], "excluded_lines": [], "start_line": 764}, "plan_code": {"executed_lines": [], "summary": {"covered_lines": 0, "num_statements": 1, "percent_covered": 0.0, "percent_covered_display": "0", "missing_lines": 1, "excluded_lines": 0, "percent_statements_covered": 0.0, "percent_statements_covered_display": "0"}, "missing_lines": [784], "excluded_lines": [], "start_line": 777}, "_plan_code_impl": {"executed_lines": [], "summary": {"covered_lines": 0, "num_statements": 87, "percent_covered": 0.0, "percent_covered_display": "0", "missing_lines": 87, "excluded_lines": 0, "percent_statements_covered": 0.0, "percent_statements_covered_display": "0"}, "missing_lines": [788, 789, 791, 792, 794, 796, 797, 799, 800, 801, 802, 803, 806, 807, 809, 810, 812, 813, 814, 816, 817, 818, 819, 821, 822, 823, 825, 826, 827, 828, 829, 831, 832, 834, 835, 836, 837, 838, 840, 841, 844, 845, 846, 847, 848, 849, 850, 851, 852, 855, 856, 857, 858, 859, 860, 861, 862, 863, 864, 866, 874, 875, 876, 877, 878, 879, 880, 881, 882, 884, 886, 887, 888, 889, 891, 893, 894, 895, 896, 897, 898, 899, 902, 906, 908, 915, 916], "excluded_lines": [], "start_line": 786}, "plan_run": {"executed_lines": [], "summary": {"covered_lines": 0, "num_statements": 23, "percent_covered": 0.0, "percent_covered_display": "0", "missing_lines": 23, "excluded_lines": 0, "percent_statements_covered": 0.0, "percent_statements_covered_display": "0"}, "missing_lines": [924, 925, 928, 929, 931, 934, 936, 937, 938, 939, 940, 941, 942, 943, 944, 945, 947, 948, 949, 951, 952, 953, 955], "excluded_lines": [], "start_line": 918}, "plan_monitor": {"executed_lines": [], "summary": {"covered_lines": 0, "num_statements": 19, "percent_covered": 0.0, "percent_covered_display": "0", "missing_lines": 19, "excluded_lines": 0, "percent_statements_covered": 0.0, "percent_statements_covered_display": "0"}, "missing_lines": [965, 966, 967, 970, 971, 973, 974, 976, 977, 979, 1024, 1025, 1026, 1027, 1028, 1029, 1030, 1031, 1033], "excluded_lines": [], "start_line": 959}, "plan_monitor._check": {"executed_lines": [], "summary": {"covered_lines": 0, "num_statements": 32, "percent_covered": 0.0, "percent_covered_display": "0", "missing_lines": 32, "excluded_lines": 0, "percent_statements_covered": 0.0, "percent_statements_covered_display": "0"}, "missing_lines": [980, 981, 984, 985, 988, 989, 990, 991, 993, 994, 995, 998, 999, 1000, 1001, 1002, 1003, 1004, 1007, 1008, 1009, 1010, 1011, 1012, 1013, 1014, 1015, 1016, 1018, 1019, 1020, 1022], "excluded_lines": [], "start_line": 979}, "plan_wizard": {"executed_lines": [], "summary": {"covered_lines": 0, "num_statements": 26, "percent_covered": 0.0, "percent_covered_display": "0", "missing_lines": 26, "excluded_lines": 0, "percent_statements_covered": 0.0, "percent_statements_covered_display": "0"}, "missing_lines": [1044, 1047, 1048, 1049, 1050, 1052, 1058, 1059, 1061, 1062, 1069, 1070, 1072, 1073, 1074, 1076, 1077, 1080, 1081, 1084, 1085, 1089, 1093, 1094, 1095, 1100], "excluded_lines": [], "start_line": 1037}, "main": {"executed_lines": [], "summary": {"covered_lines": 0, "num_statements": 1, "percent_covered": 0.0, "percent_covered_display": "0", "missing_lines": 1, "excluded_lines": 0, "percent_statements_covered": 0.0, "percent_statements_covered_display": "0"}, "missing_lines": [1104], "excluded_lines": [], "start_line": 1103}, "": {"executed_lines": [19, 21, 22, 23, 25, 26, 27, 28, 31, 33, 34, 35, 36, 38, 39, 40, 41, 42, 43, 44, 45, 48, 51, 52, 83, 84, 100, 101, 141, 142, 162, 163, 171, 172, 181, 182, 193, 194, 200, 201, 214, 215, 226, 272, 287, 288, 303, 304, 319, 320, 344, 345, 363, 364, 439, 440, 563, 564, 601, 602, 618, 619, 658, 694, 763, 764, 776, 777, 786, 917, 918, 958, 959, 1036, 1037, 1103], "summary": {"covered_lines": 76, "num_statements": 76, "percent_covered": 100.0, "percent_covered_display": "100", "missing_lines": 0, "excluded_lines": 0, "percent_statements_covered": 100.0, "percent_statements_covered_display": "100"}, "missing_lines": [], "excluded_lines": [], "start_line": 1}}, "classes": {"": {"executed_lines": [19, 21, 22, 23, 25, 26, 27, 28, 31, 33, 34, 35, 36, 38, 39, 40, 41, 42, 43, 44, 45, 48, 51, 52, 83, 84, 100, 101, 141, 142, 162, 163, 171, 172, 181, 182, 193, 194, 200, 201, 214, 215, 226, 272, 287, 288, 293, 295, 296, 297, 298, 299, 301, 303, 304, 319, 320, 344, 345, 363, 364, 439, 440, 563, 564, 601, 602, 618, 619, 658, 694, 763, 764, 776, 777, 786, 917, 918, 958, 959, 1036, 1037, 1103], "summary": {"covered_lines": 83, "num_statements": 593, "percent_covered": 13.996627318718382, "percent_covered_display": "14", "missing_lines": 510, "excluded_lines": 0, "percent_statements_covered": 13.996627318718382, "percent_statements_covered_display": "14"}, "missing_lines": [63, 64, 65, 67, 68, 70, 71, 73, 74, 76, 77, 78, 80, 91, 92, 93, 94, 95, 96, 97, 111, 112, 113, 116, 117, 118, 120, 122, 125, 126, 128, 130, 131, 133, 134, 135, 136, 137, 138, 148, 149, 150, 151, 152, 153, 154, 155, 156, 157, 158, 159, 165, 166, 167, 168, 174, 175, 176, 177, 178, 188, 189, 190, 196, 197, 210, 211, 217, 218, 219, 220, 222, 223, 273, 274, 276, 277, 278, 280, 282, 306, 307, 315, 316, 317, 322, 329, 330, 331, 332, 333, 338, 339, 352, 353, 355, 356, 357, 358, 359, 361, 374, 375, 378, 379, 380, 381, 382, 383, 384, 386, 389, 390, 392, 393, 394, 397, 398, 399, 400, 401, 402, 405, 406, 408, 409, 410, 411, 412, 413, 414, 416, 423, 424, 427, 428, 429, 430, 431, 432, 433, 435, 436, 453, 454, 457, 458, 459, 460, 462, 464, 466, 467, 470, 471, 472, 473, 476, 479, 480, 481, 482, 483, 484, 485, 486, 489, 490, 491, 492, 493, 494, 497, 498, 499, 500, 503, 505, 506, 507, 509, 519, 520, 521, 522, 523, 526, 527, 529, 530, 531, 532, 535, 536, 537, 539, 541, 542, 547, 548, 551, 552, 553, 554, 556, 557, 558, 559, 560, 568, 570, 571, 574, 577, 580, 582, 583, 584, 585, 586, 588, 589, 592, 593, 594, 595, 596, 597, 598, 604, 606, 608, 610, 611, 612, 613, 614, 615, 633, 634, 636, 637, 638, 639, 640, 641, 642, 643, 644, 645, 646, 647, 648, 649, 650, 651, 652, 653, 654, 656, 664, 665, 666, 667, 668, 669, 671, 672, 674, 675, 676, 677, 680, 687, 688, 689, 690, 691, 696, 702, 703, 706, 707, 715, 716, 717, 718, 719, 722, 724, 725, 726, 727, 728, 729, 730, 732, 733, 734, 735, 736, 737, 738, 740, 741, 743, 746, 747, 749, 750, 753, 754, 755, 756, 757, 759, 761, 769, 770, 772, 773, 784, 788, 789, 791, 792, 794, 796, 797, 799, 800, 801, 802, 803, 806, 807, 809, 810, 812, 813, 814, 816, 817, 818, 819, 821, 822, 823, 825, 826, 827, 828, 829, 831, 832, 834, 835, 836, 837, 838, 840, 841, 844, 845, 846, 847, 848, 849, 850, 851, 852, 855, 856, 857, 858, 859, 860, 861, 862, 863, 864, 866, 874, 875, 876, 877, 878, 879, 880, 881, 882, 884, 886, 887, 888, 889, 891, 893, 894, 895, 896, 897, 898, 899, 902, 906, 908, 915, 916, 924, 925, 928, 929, 931, 934, 936, 937, 938, 939, 940, 941, 942, 943, 944, 945, 947, 948, 949, 951, 952, 953, 955, 965, 966, 967, 970, 971, 973, 974, 976, 977, 979, 980, 981, 984, 985, 988, 989, 990, 991, 993, 994, 995, 998, 999, 1000, 1001, 1002, 1003, 1004, 1007, 1008, 1009, 1010, 1011, 1012, 1013, 1014, 1015, 1016, 1018, 1019, 1020, 1022, 1024, 1025, 1026, 1027, 1028, 1029, 1030, 1031, 1033, 1044, 1047, 1048, 1049, 1050, 1052, 1058, 1059, 1061, 1062, 1069, 1070, 1072, 1073, 1074, 1076, 1077, 1080, 1081, 1084, 1085, 1089, 1093, 1094, 1095, 1100, 1104], "excluded_lines": [], "start_line": 1}}}, "llx/cli/formatters.py": {"executed_lines": [], "summary": {"covered_lines": 0, "num_statements": 150, "percent_covered": 0.0, "percent_covered_display": "0", "missing_lines": 150, "excluded_lines": 0, "percent_statements_covered": 0.0, "percent_statements_covered_display": "0"}, "missing_lines": [7, 8, 9, 10, 12, 13, 16, 17, 19, 22, 24, 34, 35, 37, 38, 43, 44, 46, 47, 50, 51, 54, 56, 79, 82, 89, 90, 92, 93, 94, 95, 96, 97, 99, 101, 104, 107, 108, 110, 111, 112, 113, 114, 115, 116, 117, 120, 121, 122, 123, 124, 125, 126, 127, 128, 129, 130, 131, 133, 135, 137, 147, 149, 150, 151, 152, 153, 154, 155, 157, 158, 166, 169, 171, 172, 173, 174, 175, 178, 181, 183, 184, 185, 186, 187, 189, 190, 193, 194, 195, 196, 197, 200, 201, 204, 205, 206, 208, 209, 210, 213, 215, 217, 218, 219, 220, 222, 229, 230, 231, 234, 236, 237, 238, 239, 240, 241, 242, 244, 245, 246, 248, 256, 259, 261, 262, 272, 275, 278, 279, 288, 289, 290, 291, 292, 293, 294, 295, 296, 297, 298, 299, 300, 302, 304, 307, 309, 310, 311, 312], "excluded_lines": [], "functions": {"output_rich": {"executed_lines": [], "summary": {"covered_lines": 0, "num_statements": 11, "percent_covered": 0.0, "percent_covered_display": "0", "missing_lines": 11, "excluded_lines": 0, "percent_statements_covered": 0.0, "percent_statements_covered_display": "0"}, "missing_lines": [24, 34, 35, 37, 38, 43, 44, 46, 47, 50, 51], "excluded_lines": [], "start_line": 22}, "output_json": {"executed_lines": [], "summary": {"covered_lines": 0, "num_statements": 2, "percent_covered": 0.0, "percent_covered_display": "0", "missing_lines": 2, "excluded_lines": 0, "percent_statements_covered": 0.0, "percent_statements_covered_display": "0"}, "missing_lines": [56, 79], "excluded_lines": [], "start_line": 54}, "_filter_models": {"executed_lines": [], "summary": {"covered_lines": 0, "num_statements": 10, "percent_covered": 0.0, "percent_covered_display": "0", "missing_lines": 10, "excluded_lines": 0, "percent_statements_covered": 0.0, "percent_statements_covered_display": "0"}, "missing_lines": [89, 90, 92, 93, 94, 95, 96, 97, 99, 101], "excluded_lines": [], "start_line": 82}, "_build_model_row": {"executed_lines": [], "summary": {"covered_lines": 0, "num_statements": 25, "percent_covered": 0.0, "percent_covered_display": "0", "missing_lines": 25, "excluded_lines": 0, "percent_statements_covered": 0.0, "percent_statements_covered_display": "0"}, "missing_lines": [107, 108, 110, 111, 112, 113, 114, 115, 116, 117, 120, 121, 122, 123, 124, 125, 126, 127, 128, 129, 130, 131, 133, 135, 137], "excluded_lines": [], "start_line": 104}, "_render_models_table": {"executed_lines": [], "summary": {"covered_lines": 0, "num_statements": 10, "percent_covered": 0.0, "percent_covered_display": "0", "missing_lines": 10, "excluded_lines": 0, "percent_statements_covered": 0.0, "percent_statements_covered_display": "0"}, "missing_lines": [149, 150, 151, 152, 153, 154, 155, 157, 158, 166], "excluded_lines": [], "start_line": 147}, "_build_title": {"executed_lines": [], "summary": {"covered_lines": 0, "num_statements": 5, "percent_covered": 0.0, "percent_covered_display": "0", "missing_lines": 5, "excluded_lines": 0, "percent_statements_covered": 0.0, "percent_statements_covered_display": "0"}, "missing_lines": [171, 172, 173, 174, 175], "excluded_lines": [], "start_line": 169}, "print_models_table": {"executed_lines": [], "summary": {"covered_lines": 0, "num_statements": 21, "percent_covered": 0.0, "percent_covered_display": "0", "missing_lines": 21, "excluded_lines": 0, "percent_statements_covered": 0.0, "percent_statements_covered_display": "0"}, "missing_lines": [181, 183, 184, 185, 186, 187, 189, 190, 193, 194, 195, 196, 197, 200, 201, 204, 205, 206, 208, 209, 210], "excluded_lines": [], "start_line": 178}, "_render_tools_table": {"executed_lines": [], "summary": {"covered_lines": 0, "num_statements": 9, "percent_covered": 0.0, "percent_covered_display": "0", "missing_lines": 9, "excluded_lines": 0, "percent_statements_covered": 0.0, "percent_statements_covered_display": "0"}, "missing_lines": [215, 217, 218, 219, 220, 222, 229, 230, 231], "excluded_lines": [], "start_line": 213}, "_render_tiers_table": {"executed_lines": [], "summary": {"covered_lines": 0, "num_statements": 12, "percent_covered": 0.0, "percent_covered_display": "0", "missing_lines": 12, "excluded_lines": 0, "percent_statements_covered": 0.0, "percent_statements_covered_display": "0"}, "missing_lines": [236, 237, 238, 239, 240, 241, 242, 244, 245, 246, 248, 256], "excluded_lines": [], "start_line": 234}, "_render_agents_table": {"executed_lines": [], "summary": {"covered_lines": 0, "num_statements": 3, "percent_covered": 0.0, "percent_covered_display": "0", "missing_lines": 3, "excluded_lines": 0, "percent_statements_covered": 0.0, "percent_statements_covered_display": "0"}, "missing_lines": [261, 262, 272], "excluded_lines": [], "start_line": 259}, "_render_tags_legend": {"executed_lines": [], "summary": {"covered_lines": 0, "num_statements": 17, "percent_covered": 0.0, "percent_covered_display": "0", "missing_lines": 17, "excluded_lines": 0, "percent_statements_covered": 0.0, "percent_statements_covered_display": "0"}, "missing_lines": [278, 279, 288, 289, 290, 291, 292, 293, 294, 295, 296, 297, 298, 299, 300, 302, 304], "excluded_lines": [], "start_line": 275}, "print_info_tables": {"executed_lines": [], "summary": {"covered_lines": 0, "num_statements": 4, "percent_covered": 0.0, "percent_covered_display": "0", "missing_lines": 4, "excluded_lines": 0, "percent_statements_covered": 0.0, "percent_statements_covered_display": "0"}, "missing_lines": [309, 310, 311, 312], "excluded_lines": [], "start_line": 307}, "": {"executed_lines": [], "summary": {"covered_lines": 0, "num_statements": 21, "percent_covered": 0.0, "percent_covered_display": "0", "missing_lines": 21, "excluded_lines": 0, "percent_statements_covered": 0.0, "percent_statements_covered_display": "0"}, "missing_lines": [7, 8, 9, 10, 12, 13, 16, 17, 19, 22, 54, 82, 104, 147, 169, 178, 213, 234, 259, 275, 307], "excluded_lines": [], "start_line": 1}}, "classes": {"": {"executed_lines": [], "summary": {"covered_lines": 0, "num_statements": 150, "percent_covered": 0.0, "percent_covered_display": "0", "missing_lines": 150, "excluded_lines": 0, "percent_statements_covered": 0.0, "percent_statements_covered_display": "0"}, "missing_lines": [7, 8, 9, 10, 12, 13, 16, 17, 19, 22, 24, 34, 35, 37, 38, 43, 44, 46, 47, 50, 51, 54, 56, 79, 82, 89, 90, 92, 93, 94, 95, 96, 97, 99, 101, 104, 107, 108, 110, 111, 112, 113, 114, 115, 116, 117, 120, 121, 122, 123, 124, 125, 126, 127, 128, 129, 130, 131, 133, 135, 137, 147, 149, 150, 151, 152, 153, 154, 155, 157, 158, 166, 169, 171, 172, 173, 174, 175, 178, 181, 183, 184, 185, 186, 187, 189, 190, 193, 194, 195, 196, 197, 200, 201, 204, 205, 206, 208, 209, 210, 213, 215, 217, 218, 219, 220, 222, 229, 230, 231, 234, 236, 237, 238, 239, 240, 241, 242, 244, 245, 246, 248, 256, 259, 261, 262, 272, 275, 278, 279, 288, 289, 290, 291, 292, 293, 294, 295, 296, 297, 298, 299, 300, 302, 304, 307, 309, 310, 311, 312], "excluded_lines": [], "start_line": 1}}}, "llx/cli/strategy_commands.py": {"executed_lines": [4, 5, 6, 8, 16, 19, 20, 34, 35, 52, 53, 74, 75, 108, 110], "summary": {"covered_lines": 15, "num_statements": 54, "percent_covered": 27.77777777777778, "percent_covered_display": "28", "missing_lines": 39, "excluded_lines": 0, "percent_statements_covered": 27.77777777777778, "percent_statements_covered_display": "28"}, "missing_lines": [26, 27, 28, 29, 31, 39, 40, 41, 42, 43, 44, 45, 46, 47, 48, 49, 60, 61, 62, 63, 64, 66, 81, 82, 83, 85, 86, 87, 93, 94, 96, 97, 98, 99, 100, 101, 102, 103, 104], "excluded_lines": [], "functions": {"create_strategy": {"executed_lines": [], "summary": {"covered_lines": 0, "num_statements": 5, "percent_covered": 0.0, "percent_covered_display": "0", "missing_lines": 5, "excluded_lines": 0, "percent_statements_covered": 0.0, "percent_statements_covered_display": "0"}, "missing_lines": [26, 27, 28, 29, 31], "excluded_lines": [], "start_line": 20}, "validate_strategy": {"executed_lines": [], "summary": {"covered_lines": 0, "num_statements": 11, "percent_covered": 0.0, "percent_covered_display": "0", "missing_lines": 11, "excluded_lines": 0, "percent_statements_covered": 0.0, "percent_statements_covered_display": "0"}, "missing_lines": [39, 40, 41, 42, 43, 44, 45, 46, 47, 48, 49], "excluded_lines": [], "start_line": 35}, "run_strategy_command": {"executed_lines": [], "summary": {"covered_lines": 0, "num_statements": 6, "percent_covered": 0.0, "percent_covered_display": "0", "missing_lines": 6, "excluded_lines": 0, "percent_statements_covered": 0.0, "percent_statements_covered_display": "0"}, "missing_lines": [60, 61, 62, 63, 64, 66], "excluded_lines": [], "start_line": 53}, "verify_strategy": {"executed_lines": [], "summary": {"covered_lines": 0, "num_statements": 17, "percent_covered": 0.0, "percent_covered_display": "0", "missing_lines": 17, "excluded_lines": 0, "percent_statements_covered": 0.0, "percent_statements_covered_display": "0"}, "missing_lines": [81, 82, 83, 85, 86, 87, 93, 94, 96, 97, 98, 99, 100, 101, 102, 103, 104], "excluded_lines": [], "start_line": 75}, "add_strategy_commands": {"executed_lines": [110], "summary": {"covered_lines": 1, "num_statements": 1, "percent_covered": 100.0, "percent_covered_display": "100", "missing_lines": 0, "excluded_lines": 0, "percent_statements_covered": 100.0, "percent_statements_covered_display": "100"}, "missing_lines": [], "excluded_lines": [], "start_line": 108}, "": {"executed_lines": [4, 5, 6, 8, 16, 19, 20, 34, 35, 52, 53, 74, 75, 108], "summary": {"covered_lines": 14, "num_statements": 14, "percent_covered": 100.0, "percent_covered_display": "100", "missing_lines": 0, "excluded_lines": 0, "percent_statements_covered": 100.0, "percent_statements_covered_display": "100"}, "missing_lines": [], "excluded_lines": [], "start_line": 1}}, "classes": {"": {"executed_lines": [4, 5, 6, 8, 16, 19, 20, 34, 35, 52, 53, 74, 75, 108, 110], "summary": {"covered_lines": 15, "num_statements": 54, "percent_covered": 27.77777777777778, "percent_covered_display": "28", "missing_lines": 39, "excluded_lines": 0, "percent_statements_covered": 27.77777777777778, "percent_statements_covered_display": "28"}, "missing_lines": [26, 27, 28, 29, 31, 39, 40, 41, 42, 43, 44, 45, 46, 47, 48, 49, 60, 61, 62, 63, 64, 66, 81, 82, 83, 85, 86, 87, 93, 94, 96, 97, 98, 99, 100, 101, 102, 103, 104], "excluded_lines": [], "start_line": 1}}}, "llx/commands/__init__.py": {"executed_lines": [], "summary": {"covered_lines": 0, "num_statements": 0, "percent_covered": 100.0, "percent_covered_display": "100", "missing_lines": 0, "excluded_lines": 0, "percent_statements_covered": 100.0, "percent_statements_covered_display": "100"}, "missing_lines": [], "excluded_lines": [], "functions": {"": {"executed_lines": [], "summary": {"covered_lines": 0, "num_statements": 0, "percent_covered": 100.0, "percent_covered_display": "100", "missing_lines": 0, "excluded_lines": 0, "percent_statements_covered": 100.0, "percent_statements_covered_display": "100"}, "missing_lines": [], "excluded_lines": [], "start_line": 1}}, "classes": {"": {"executed_lines": [], "summary": {"covered_lines": 0, "num_statements": 0, "percent_covered": 100.0, "percent_covered_display": "100", "missing_lines": 0, "excluded_lines": 0, "percent_statements_covered": 100.0, "percent_statements_covered_display": "100"}, "missing_lines": [], "excluded_lines": [], "start_line": 1}}}, "llx/commands/fix.py": {"executed_lines": [3, 5, 6, 7, 8, 9, 11, 12, 13, 15, 16, 17, 18, 21, 22, 23, 28, 29, 32, 33, 42, 45, 46, 47, 48, 49, 50, 51, 59, 62, 63, 66, 67, 68, 73, 74, 76, 79, 80, 86, 88, 93, 94, 97, 98, 101, 109, 110, 118, 121, 123, 163, 228, 230, 233, 235, 236, 237, 238, 240, 241, 243, 244, 246, 247, 248, 251, 355, 357, 362, 363, 364, 366, 367, 368, 370, 371, 374, 375, 378, 379, 380, 382, 385, 394, 396, 397, 401, 403, 420, 424], "summary": {"covered_lines": 91, "num_statements": 212, "percent_covered": 42.924528301886795, "percent_covered_display": "43", "missing_lines": 121, "excluded_lines": 0, "percent_statements_covered": 42.924528301886795, "percent_statements_covered_display": "43"}, "missing_lines": [24, 25, 26, 53, 55, 56, 60, 70, 71, 89, 90, 91, 95, 99, 119, 122, 126, 127, 128, 130, 131, 133, 135, 145, 146, 148, 149, 150, 151, 153, 155, 156, 157, 158, 159, 160, 171, 173, 174, 177, 178, 179, 180, 182, 183, 184, 186, 187, 188, 189, 190, 191, 192, 193, 194, 195, 196, 198, 199, 200, 201, 202, 203, 204, 206, 207, 208, 209, 210, 212, 213, 214, 216, 219, 221, 223, 225, 231, 239, 242, 245, 260, 262, 263, 265, 266, 268, 269, 271, 281, 282, 284, 285, 291, 299, 300, 305, 306, 307, 308, 314, 316, 317, 319, 320, 327, 335, 336, 341, 342, 347, 348, 372, 376, 387, 388, 389, 390, 391, 398, 425], "excluded_lines": [], "functions": {"fix": {"executed_lines": [42, 45, 46, 47, 48, 49, 50, 51, 59, 62, 63, 66, 67, 68, 73, 74, 76, 79, 80, 86, 88, 93, 94, 97, 98, 101, 109, 110, 118, 121, 123], "summary": {"covered_lines": 31, "num_statements": 64, "percent_covered": 48.4375, "percent_covered_display": "48", "missing_lines": 33, "excluded_lines": 0, "percent_statements_covered": 48.4375, "percent_statements_covered_display": "48"}, "missing_lines": [53, 55, 56, 60, 70, 71, 89, 90, 91, 95, 99, 119, 122, 126, 127, 128, 130, 131, 133, 135, 145, 146, 148, 149, 150, 151, 153, 155, 156, 157, 158, 159, 160], "excluded_lines": [], "start_line": 33}, "apply_code_changes": {"executed_lines": [], "summary": {"covered_lines": 0, "num_statements": 41, "percent_covered": 0.0, "percent_covered_display": "0", "missing_lines": 41, "excluded_lines": 0, "percent_statements_covered": 0.0, "percent_statements_covered_display": "0"}, "missing_lines": [171, 173, 174, 177, 178, 179, 180, 182, 183, 184, 186, 187, 188, 189, 190, 191, 192, 193, 194, 195, 196, 198, 199, 200, 201, 202, 203, 204, 206, 207, 208, 209, 210, 212, 213, 214, 216, 219, 221, 223, 225], "excluded_lines": [], "start_line": 163}, "_extract_issue_files": {"executed_lines": [230, 233, 235, 236, 237, 238, 240, 241, 243, 244, 246, 247, 248], "summary": {"covered_lines": 13, "num_statements": 17, "percent_covered": 76.47058823529412, "percent_covered_display": "76", "missing_lines": 4, "excluded_lines": 0, "percent_statements_covered": 76.47058823529412, "percent_statements_covered_display": "76"}, "missing_lines": [231, 239, 242, 245], "excluded_lines": [], "start_line": 228}, "_run_aider_fix": {"executed_lines": [], "summary": {"covered_lines": 0, "num_statements": 31, "percent_covered": 0.0, "percent_covered_display": "0", "missing_lines": 31, "excluded_lines": 0, "percent_statements_covered": 0.0, "percent_statements_covered_display": "0"}, "missing_lines": [260, 262, 263, 265, 266, 268, 269, 271, 281, 282, 284, 285, 291, 299, 300, 305, 306, 307, 308, 314, 316, 317, 319, 320, 327, 335, 336, 341, 342, 347, 348], "excluded_lines": [], "start_line": 251}, "_format_aider_result": {"executed_lines": [357, 362, 363, 364, 366, 367, 368, 370, 371, 374, 375, 378, 379, 380, 382], "summary": {"covered_lines": 15, "num_statements": 17, "percent_covered": 88.23529411764706, "percent_covered_display": "88", "missing_lines": 2, "excluded_lines": 0, "percent_statements_covered": 88.23529411764706, "percent_statements_covered_display": "88"}, "missing_lines": [372, 376], "excluded_lines": [], "start_line": 355}, "_select_small_model": {"executed_lines": [], "summary": {"covered_lines": 0, "num_statements": 5, "percent_covered": 0.0, "percent_covered_display": "0", "missing_lines": 5, "excluded_lines": 0, "percent_statements_covered": 0.0, "percent_statements_covered_display": "0"}, "missing_lines": [387, 388, 389, 390, 391], "excluded_lines": [], "start_line": 385}, "_format_selection": {"executed_lines": [396, 397], "summary": {"covered_lines": 2, "num_statements": 3, "percent_covered": 66.66666666666667, "percent_covered_display": "67", "missing_lines": 1, "excluded_lines": 0, "percent_statements_covered": 66.66666666666667, "percent_statements_covered_display": "67"}, "missing_lines": [398], "excluded_lines": [], "start_line": 394}, "_format_metrics": {"executed_lines": [403, 420], "summary": {"covered_lines": 2, "num_statements": 2, "percent_covered": 100.0, "percent_covered_display": "100", "missing_lines": 0, "excluded_lines": 0, "percent_statements_covered": 100.0, "percent_statements_covered_display": "100"}, "missing_lines": [], "excluded_lines": [], "start_line": 401}, "": {"executed_lines": [3, 5, 6, 7, 8, 9, 11, 12, 13, 15, 16, 17, 18, 21, 22, 23, 28, 29, 32, 33, 163, 228, 251, 355, 385, 394, 401, 424], "summary": {"covered_lines": 28, "num_statements": 32, "percent_covered": 87.5, "percent_covered_display": "88", "missing_lines": 4, "excluded_lines": 0, "percent_statements_covered": 87.5, "percent_statements_covered_display": "88"}, "missing_lines": [24, 25, 26, 425], "excluded_lines": [], "start_line": 1}}, "classes": {"": {"executed_lines": [3, 5, 6, 7, 8, 9, 11, 12, 13, 15, 16, 17, 18, 21, 22, 23, 28, 29, 32, 33, 42, 45, 46, 47, 48, 49, 50, 51, 59, 62, 63, 66, 67, 68, 73, 74, 76, 79, 80, 86, 88, 93, 94, 97, 98, 101, 109, 110, 118, 121, 123, 163, 228, 230, 233, 235, 236, 237, 238, 240, 241, 243, 244, 246, 247, 248, 251, 355, 357, 362, 363, 364, 366, 367, 368, 370, 371, 374, 375, 378, 379, 380, 382, 385, 394, 396, 397, 401, 403, 420, 424], "summary": {"covered_lines": 91, "num_statements": 212, "percent_covered": 42.924528301886795, "percent_covered_display": "43", "missing_lines": 121, "excluded_lines": 0, "percent_statements_covered": 42.924528301886795, "percent_statements_covered_display": "43"}, "missing_lines": [24, 25, 26, 53, 55, 56, 60, 70, 71, 89, 90, 91, 95, 99, 119, 122, 126, 127, 128, 130, 131, 133, 135, 145, 146, 148, 149, 150, 151, 153, 155, 156, 157, 158, 159, 160, 171, 173, 174, 177, 178, 179, 180, 182, 183, 184, 186, 187, 188, 189, 190, 191, 192, 193, 194, 195, 196, 198, 199, 200, 201, 202, 203, 204, 206, 207, 208, 209, 210, 212, 213, 214, 216, 219, 221, 223, 225, 231, 239, 242, 245, 260, 262, 263, 265, 266, 268, 269, 271, 281, 282, 284, 285, 291, 299, 300, 305, 306, 307, 308, 314, 316, 317, 319, 320, 327, 335, 336, 341, 342, 347, 348, 372, 376, 387, 388, 389, 390, 391, 398, 425], "excluded_lines": [], "start_line": 1}}}, "llx/config.py": {"executed_lines": [13, 15, 16, 17, 18, 19, 20, 22, 23, 31, 33, 36, 37, 40, 41, 42, 43, 44, 45, 46, 49, 50, 58, 59, 60, 63, 64, 65, 68, 69, 70, 73, 74, 77, 78, 81, 82, 85, 125, 126, 129, 130, 131, 132, 133, 134, 137, 145, 146, 149, 155, 156, 157, 158, 160, 161, 164, 165, 168, 169, 170, 171, 172, 173, 174, 175, 176, 177, 178, 179, 181, 187, 188, 190, 191, 193, 194, 197, 200, 201, 202, 203, 204, 205, 207, 208, 209, 210, 211, 212, 215, 216, 217, 226, 227, 234, 235, 236, 239, 268, 270, 271, 272, 273, 274, 275, 276, 277, 278, 279, 280, 281, 282, 283, 284, 287, 301, 303, 304, 305, 306, 307, 308, 309, 310, 311, 312, 315, 318, 319, 320, 321, 322, 323, 324, 327, 328, 331, 332, 333, 334, 337, 338, 339, 340, 341, 344, 345, 346, 347, 350, 351, 352, 353, 355, 358, 360, 362, 363, 364, 366, 368, 370, 371, 372, 373, 374, 375, 376], "summary": {"covered_lines": 169, "num_statements": 210, "percent_covered": 80.47619047619048, "percent_covered_display": "80", "missing_lines": 41, "excluded_lines": 0, "percent_statements_covered": 80.47619047619048, "percent_statements_covered_display": "80"}, "missing_lines": [25, 26, 27, 29, 147, 150, 151, 152, 153, 218, 219, 220, 221, 222, 223, 228, 229, 230, 231, 232, 241, 242, 243, 245, 246, 247, 249, 250, 251, 260, 261, 262, 263, 265, 289, 290, 291, 361, 365, 367, 369], "excluded_lines": [], "functions": {"normalize_litellm_base_url": {"executed_lines": [145, 146, 149, 155, 156, 157, 158, 160, 161], "summary": {"covered_lines": 9, "num_statements": 14, "percent_covered": 64.28571428571429, "percent_covered_display": "64", "missing_lines": 5, "excluded_lines": 0, "percent_statements_covered": 64.28571428571429, "percent_statements_covered_display": "64"}, "missing_lines": [147, 150, 151, 152, 153], "excluded_lines": [], "start_line": 137}, "LlxConfig.__post_init__": {"executed_lines": [188], "summary": {"covered_lines": 1, "num_statements": 1, "percent_covered": 100.0, "percent_covered_display": "100", "missing_lines": 0, "excluded_lines": 0, "percent_statements_covered": 100.0, "percent_statements_covered_display": "100"}, "missing_lines": [], "excluded_lines": [], "start_line": 187}, "LlxConfig.load": {"executed_lines": [193, 194, 197, 200, 201, 202, 203, 204, 205, 207, 208, 209, 210, 211, 212, 215, 216, 217, 226, 227, 234, 235, 236], "summary": {"covered_lines": 23, "num_statements": 34, "percent_covered": 67.6470588235294, "percent_covered_display": "68", "missing_lines": 11, "excluded_lines": 0, "percent_statements_covered": 67.6470588235294, "percent_statements_covered_display": "68"}, "missing_lines": [218, 219, 220, 221, 222, 223, 228, 229, 230, 231, 232], "excluded_lines": [], "start_line": 191}, "_apply_toml": {"executed_lines": [], "summary": {"covered_lines": 0, "num_statements": 14, "percent_covered": 0.0, "percent_covered_display": "0", "missing_lines": 14, "excluded_lines": 0, "percent_statements_covered": 0.0, "percent_statements_covered_display": "0"}, "missing_lines": [241, 242, 243, 245, 246, 247, 249, 250, 251, 260, 261, 262, 263, 265], "excluded_lines": [], "start_line": 239}, "_apply_yaml_thresholds": {"executed_lines": [270, 271, 272, 273, 274, 275, 276, 277, 278, 279, 280, 281, 282, 283, 284], "summary": {"covered_lines": 15, "num_statements": 15, "percent_covered": 100.0, "percent_covered_display": "100", "missing_lines": 0, "excluded_lines": 0, "percent_statements_covered": 100.0, "percent_statements_covered_display": "100"}, "missing_lines": [], "excluded_lines": [], "start_line": 268}, "_apply_yaml_models": {"executed_lines": [], "summary": {"covered_lines": 0, "num_statements": 3, "percent_covered": 0.0, "percent_covered_display": "0", "missing_lines": 3, "excluded_lines": 0, "percent_statements_covered": 0.0, "percent_statements_covered_display": "0"}, "missing_lines": [289, 290, 291], "excluded_lines": [], "start_line": 287}, "_apply_yaml_proxy": {"executed_lines": [303, 304, 305, 306, 307, 308, 309, 310, 311, 312], "summary": {"covered_lines": 10, "num_statements": 10, "percent_covered": 100.0, "percent_covered_display": "100", "missing_lines": 0, "excluded_lines": 0, "percent_statements_covered": 100.0, "percent_statements_covered_display": "100"}, "missing_lines": [], "excluded_lines": [], "start_line": 301}, "_apply_yaml": {"executed_lines": [318, 319, 320, 321, 322, 323, 324, 327, 328, 331, 332, 333, 334, 337, 338, 339, 340, 341, 344, 345, 346, 347, 350, 351, 352, 353, 355], "summary": {"covered_lines": 27, "num_statements": 27, "percent_covered": 100.0, "percent_covered_display": "100", "missing_lines": 0, "excluded_lines": 0, "percent_statements_covered": 100.0, "percent_statements_covered_display": "100"}, "missing_lines": [], "excluded_lines": [], "start_line": 315}, "_apply_env": {"executed_lines": [360, 362, 363, 364, 366, 368, 370, 371, 372, 373, 374, 375, 376], "summary": {"covered_lines": 13, "num_statements": 17, "percent_covered": 76.47058823529412, "percent_covered_display": "76", "missing_lines": 4, "excluded_lines": 0, "percent_statements_covered": 76.47058823529412, "percent_statements_covered_display": "76"}, "missing_lines": [361, 365, 367, 369], "excluded_lines": [], "start_line": 358}, "": {"executed_lines": [13, 15, 16, 17, 18, 19, 20, 22, 23, 31, 33, 36, 37, 40, 41, 42, 43, 44, 45, 46, 49, 50, 58, 59, 60, 63, 64, 65, 68, 69, 70, 73, 74, 77, 78, 81, 82, 85, 125, 126, 129, 130, 131, 132, 133, 134, 137, 164, 165, 168, 169, 170, 171, 172, 173, 174, 175, 176, 177, 178, 179, 181, 187, 190, 191, 239, 268, 287, 301, 315, 358], "summary": {"covered_lines": 71, "num_statements": 75, "percent_covered": 94.66666666666667, "percent_covered_display": "95", "missing_lines": 4, "excluded_lines": 0, "percent_statements_covered": 94.66666666666667, "percent_statements_covered_display": "95"}, "missing_lines": [25, 26, 27, 29], "excluded_lines": [], "start_line": 1}}, "classes": {"ModelConfig": {"executed_lines": [], "summary": {"covered_lines": 0, "num_statements": 0, "percent_covered": 100.0, "percent_covered_display": "100", "missing_lines": 0, "excluded_lines": 0, "percent_statements_covered": 100.0, "percent_statements_covered_display": "100"}, "missing_lines": [], "excluded_lines": [], "start_line": 37}, "TierThresholds": {"executed_lines": [], "summary": {"covered_lines": 0, "num_statements": 0, "percent_covered": 100.0, "percent_covered_display": "100", "missing_lines": 0, "excluded_lines": 0, "percent_statements_covered": 100.0, "percent_statements_covered_display": "100"}, "missing_lines": [], "excluded_lines": [], "start_line": 50}, "ProxyConfig": {"executed_lines": [], "summary": {"covered_lines": 0, "num_statements": 0, "percent_covered": 100.0, "percent_covered_display": "100", "missing_lines": 0, "excluded_lines": 0, "percent_statements_covered": 100.0, "percent_statements_covered_display": "100"}, "missing_lines": [], "excluded_lines": [], "start_line": 126}, "LlxConfig": {"executed_lines": [188, 193, 194, 197, 200, 201, 202, 203, 204, 205, 207, 208, 209, 210, 211, 212, 215, 216, 217, 226, 227, 234, 235, 236], "summary": {"covered_lines": 24, "num_statements": 35, "percent_covered": 68.57142857142857, "percent_covered_display": "69", "missing_lines": 11, "excluded_lines": 0, "percent_statements_covered": 68.57142857142857, "percent_statements_covered_display": "69"}, "missing_lines": [218, 219, 220, 221, 222, 223, 228, 229, 230, 231, 232], "excluded_lines": [], "start_line": 165}, "": {"executed_lines": [13, 15, 16, 17, 18, 19, 20, 22, 23, 31, 33, 36, 37, 40, 41, 42, 43, 44, 45, 46, 49, 50, 58, 59, 60, 63, 64, 65, 68, 69, 70, 73, 74, 77, 78, 81, 82, 85, 125, 126, 129, 130, 131, 132, 133, 134, 137, 145, 146, 149, 155, 156, 157, 158, 160, 161, 164, 165, 168, 169, 170, 171, 172, 173, 174, 175, 176, 177, 178, 179, 181, 187, 190, 191, 239, 268, 270, 271, 272, 273, 274, 275, 276, 277, 278, 279, 280, 281, 282, 283, 284, 287, 301, 303, 304, 305, 306, 307, 308, 309, 310, 311, 312, 315, 318, 319, 320, 321, 322, 323, 324, 327, 328, 331, 332, 333, 334, 337, 338, 339, 340, 341, 344, 345, 346, 347, 350, 351, 352, 353, 355, 358, 360, 362, 363, 364, 366, 368, 370, 371, 372, 373, 374, 375, 376], "summary": {"covered_lines": 145, "num_statements": 175, "percent_covered": 82.85714285714286, "percent_covered_display": "83", "missing_lines": 30, "excluded_lines": 0, "percent_statements_covered": 82.85714285714286, "percent_statements_covered_display": "83"}, "missing_lines": [25, 26, 27, 29, 147, 150, 151, 152, 153, 241, 242, 243, 245, 246, 247, 249, 250, 251, 260, 261, 262, 263, 265, 289, 290, 291, 361, 365, 367, 369], "excluded_lines": [], "start_line": 1}}}, "llx/detection/__init__.py": {"executed_lines": [3, 5], "summary": {"covered_lines": 2, "num_statements": 2, "percent_covered": 100.0, "percent_covered_display": "100", "missing_lines": 0, "excluded_lines": 0, "percent_statements_covered": 100.0, "percent_statements_covered_display": "100"}, "missing_lines": [], "excluded_lines": [], "functions": {"": {"executed_lines": [3, 5], "summary": {"covered_lines": 2, "num_statements": 2, "percent_covered": 100.0, "percent_covered_display": "100", "missing_lines": 0, "excluded_lines": 0, "percent_statements_covered": 100.0, "percent_statements_covered_display": "100"}, "missing_lines": [], "excluded_lines": [], "start_line": 1}}, "classes": {"": {"executed_lines": [3, 5], "summary": {"covered_lines": 2, "num_statements": 2, "percent_covered": 100.0, "percent_covered_display": "100", "missing_lines": 0, "excluded_lines": 0, "percent_statements_covered": 100.0, "percent_statements_covered_display": "100"}, "missing_lines": [], "excluded_lines": [], "start_line": 1}}}, "llx/detection/detector.py": {"executed_lines": [3, 4, 5, 6, 9, 12, 14, 15, 16, 18, 20, 22, 23, 25, 26, 27, 29, 31, 34, 35, 38, 39, 40, 41, 42, 47, 48, 49, 50, 51, 56, 57, 58, 59, 62, 63, 65, 67, 69, 70, 71, 72, 73, 74, 78, 80, 82, 84, 86, 88, 91, 92, 93, 95, 96, 97, 99, 100, 104], "summary": {"covered_lines": 59, "num_statements": 66, "percent_covered": 89.39393939393939, "percent_covered_display": "89", "missing_lines": 7, "excluded_lines": 0, "percent_statements_covered": 89.39393939393939, "percent_statements_covered_display": "89"}, "missing_lines": [43, 44, 52, 53, 75, 76, 101], "excluded_lines": [], "functions": {"ProjectTypeDetector.__init__": {"executed_lines": [14, 15, 16], "summary": {"covered_lines": 3, "num_statements": 3, "percent_covered": 100.0, "percent_covered_display": "100", "missing_lines": 0, "excluded_lines": 0, "percent_statements_covered": 100.0, "percent_statements_covered_display": "100"}, "missing_lines": [], "excluded_lines": [], "start_line": 12}, "ProjectTypeDetector.detect_from_path": {"executed_lines": [20, 22, 23, 25, 26, 27, 29], "summary": {"covered_lines": 7, "num_statements": 7, "percent_covered": 100.0, "percent_covered_display": "100", "missing_lines": 0, "excluded_lines": 0, "percent_statements_covered": 100.0, "percent_statements_covered_display": "100"}, "missing_lines": [], "excluded_lines": [], "start_line": 18}, "ProjectTypeDetector.detect_from_files": {"executed_lines": [34, 35, 38, 39, 40, 41, 42, 47, 48, 49, 50, 51, 56, 57, 58, 59, 62, 63, 65], "summary": {"covered_lines": 19, "num_statements": 23, "percent_covered": 82.6086956521739, "percent_covered_display": "83", "missing_lines": 4, "excluded_lines": 0, "percent_statements_covered": 82.6086956521739, "percent_statements_covered_display": "83"}, "missing_lines": [43, 44, 52, 53], "excluded_lines": [], "start_line": 31}, "ProjectTypeDetector.detect_from_config": {"executed_lines": [69, 70, 71, 72, 73, 74, 78], "summary": {"covered_lines": 7, "num_statements": 9, "percent_covered": 77.77777777777777, "percent_covered_display": "78", "missing_lines": 2, "excluded_lines": 0, "percent_statements_covered": 77.77777777777777, "percent_statements_covered_display": "78"}, "missing_lines": [75, 76], "excluded_lines": [], "start_line": 67}, "ProjectTypeDetector.get_project_config": {"executed_lines": [82], "summary": {"covered_lines": 1, "num_statements": 1, "percent_covered": 100.0, "percent_covered_display": "100", "missing_lines": 0, "excluded_lines": 0, "percent_statements_covered": 100.0, "percent_statements_covered_display": "100"}, "missing_lines": [], "excluded_lines": [], "start_line": 80}, "ProjectTypeDetector.get_all_types": {"executed_lines": [86], "summary": {"covered_lines": 1, "num_statements": 1, "percent_covered": 100.0, "percent_covered_display": "100", "missing_lines": 0, "excluded_lines": 0, "percent_statements_covered": 100.0, "percent_statements_covered_display": "100"}, "missing_lines": [], "excluded_lines": [], "start_line": 84}, "ProjectTypeDetector.detect": {"executed_lines": [91, 92, 93, 95, 96, 97, 99, 100, 104], "summary": {"covered_lines": 9, "num_statements": 10, "percent_covered": 90.0, "percent_covered_display": "90", "missing_lines": 1, "excluded_lines": 0, "percent_statements_covered": 90.0, "percent_statements_covered_display": "90"}, "missing_lines": [101], "excluded_lines": [], "start_line": 88}, "": {"executed_lines": [3, 4, 5, 6, 9, 12, 18, 31, 67, 80, 84, 88], "summary": {"covered_lines": 12, "num_statements": 12, "percent_covered": 100.0, "percent_covered_display": "100", "missing_lines": 0, "excluded_lines": 0, "percent_statements_covered": 100.0, "percent_statements_covered_display": "100"}, "missing_lines": [], "excluded_lines": [], "start_line": 1}}, "classes": {"ProjectTypeDetector": {"executed_lines": [14, 15, 16, 20, 22, 23, 25, 26, 27, 29, 34, 35, 38, 39, 40, 41, 42, 47, 48, 49, 50, 51, 56, 57, 58, 59, 62, 63, 65, 69, 70, 71, 72, 73, 74, 78, 82, 86, 91, 92, 93, 95, 96, 97, 99, 100, 104], "summary": {"covered_lines": 47, "num_statements": 54, "percent_covered": 87.03703703703704, "percent_covered_display": "87", "missing_lines": 7, "excluded_lines": 0, "percent_statements_covered": 87.03703703703704, "percent_statements_covered_display": "87"}, "missing_lines": [43, 44, 52, 53, 75, 76, 101], "excluded_lines": [], "start_line": 9}, "": {"executed_lines": [3, 4, 5, 6, 9, 12, 18, 31, 67, 80, 84, 88], "summary": {"covered_lines": 12, "num_statements": 12, "percent_covered": 100.0, "percent_covered_display": "100", "missing_lines": 0, "excluded_lines": 0, "percent_statements_covered": 100.0, "percent_statements_covered_display": "100"}, "missing_lines": [], "excluded_lines": [], "start_line": 1}}}, "llx/integrations/__init__.py": {"executed_lines": [], "summary": {"covered_lines": 0, "num_statements": 0, "percent_covered": 100.0, "percent_covered_display": "100", "missing_lines": 0, "excluded_lines": 0, "percent_statements_covered": 100.0, "percent_statements_covered_display": "100"}, "missing_lines": [], "excluded_lines": [], "functions": {"": {"executed_lines": [], "summary": {"covered_lines": 0, "num_statements": 0, "percent_covered": 100.0, "percent_covered_display": "100", "missing_lines": 0, "excluded_lines": 0, "percent_statements_covered": 100.0, "percent_statements_covered_display": "100"}, "missing_lines": [], "excluded_lines": [], "start_line": 1}}, "classes": {"": {"executed_lines": [], "summary": {"covered_lines": 0, "num_statements": 0, "percent_covered": 100.0, "percent_covered_display": "100", "missing_lines": 0, "excluded_lines": 0, "percent_statements_covered": 100.0, "percent_statements_covered_display": "100"}, "missing_lines": [], "excluded_lines": [], "start_line": 1}}}, "llx/integrations/context_builder.py": {"executed_lines": [], "summary": {"covered_lines": 0, "num_statements": 89, "percent_covered": 0.0, "percent_covered_display": "0", "missing_lines": 89, "excluded_lines": 0, "percent_statements_covered": 0.0, "percent_statements_covered_display": "0"}, "missing_lines": [8, 10, 11, 13, 15, 16, 19, 39, 40, 43, 46, 47, 48, 49, 52, 53, 54, 55, 57, 58, 59, 62, 63, 65, 68, 69, 70, 72, 73, 75, 78, 80, 93, 94, 95, 96, 97, 100, 102, 103, 104, 105, 107, 108, 109, 110, 111, 112, 113, 116, 118, 120, 122, 123, 124, 125, 126, 127, 128, 129, 130, 131, 132, 134, 137, 139, 141, 142, 143, 144, 145, 146, 147, 148, 149, 151, 154, 156, 163, 165, 166, 168, 169, 170, 171, 172, 173, 174, 175], "excluded_lines": [], "functions": {"build_context": {"executed_lines": [], "summary": {"covered_lines": 0, "num_statements": 23, "percent_covered": 0.0, "percent_covered_display": "0", "missing_lines": 23, "excluded_lines": 0, "percent_statements_covered": 0.0, "percent_statements_covered_display": "0"}, "missing_lines": [39, 40, 43, 46, 47, 48, 49, 52, 53, 54, 55, 57, 58, 59, 62, 63, 65, 68, 69, 70, 72, 73, 75], "excluded_lines": [], "start_line": 19}, "_build_summary": {"executed_lines": [], "summary": {"covered_lines": 0, "num_statements": 6, "percent_covered": 0.0, "percent_covered_display": "0", "missing_lines": 6, "excluded_lines": 0, "percent_statements_covered": 0.0, "percent_statements_covered_display": "0"}, "missing_lines": [80, 93, 94, 95, 96, 97], "excluded_lines": [], "start_line": 78}, "_format_health": {"executed_lines": [], "summary": {"covered_lines": 0, "num_statements": 11, "percent_covered": 0.0, "percent_covered_display": "0", "missing_lines": 11, "excluded_lines": 0, "percent_statements_covered": 0.0, "percent_statements_covered_display": "0"}, "missing_lines": [102, 103, 104, 105, 107, 108, 109, 110, 111, 112, 113], "excluded_lines": [], "start_line": 100}, "_format_evolution": {"executed_lines": [], "summary": {"covered_lines": 0, "num_statements": 14, "percent_covered": 0.0, "percent_covered_display": "0", "missing_lines": 14, "excluded_lines": 0, "percent_statements_covered": 0.0, "percent_statements_covered_display": "0"}, "missing_lines": [118, 120, 122, 123, 124, 125, 126, 127, 128, 129, 130, 131, 132, 134], "excluded_lines": [], "start_line": 116}, "_format_map_details": {"executed_lines": [], "summary": {"covered_lines": 0, "num_statements": 11, "percent_covered": 0.0, "percent_covered_display": "0", "missing_lines": 11, "excluded_lines": 0, "percent_statements_covered": 0.0, "percent_statements_covered_display": "0"}, "missing_lines": [139, 141, 142, 143, 144, 145, 146, 147, 148, 149, 151], "excluded_lines": [], "start_line": 137}, "_format_duplication": {"executed_lines": [], "summary": {"covered_lines": 0, "num_statements": 1, "percent_covered": 0.0, "percent_covered_display": "0", "missing_lines": 1, "excluded_lines": 0, "percent_statements_covered": 0.0, "percent_statements_covered_display": "0"}, "missing_lines": [156], "excluded_lines": [], "start_line": 154}, "_load_toon": {"executed_lines": [], "summary": {"covered_lines": 0, "num_statements": 10, "percent_covered": 0.0, "percent_covered_display": "0", "missing_lines": 10, "excluded_lines": 0, "percent_statements_covered": 0.0, "percent_statements_covered_display": "0"}, "missing_lines": [165, 166, 168, 169, 170, 171, 172, 173, 174, 175], "excluded_lines": [], "start_line": 163}, "": {"executed_lines": [], "summary": {"covered_lines": 0, "num_statements": 13, "percent_covered": 0.0, "percent_covered_display": "0", "missing_lines": 13, "excluded_lines": 0, "percent_statements_covered": 0.0, "percent_statements_covered_display": "0"}, "missing_lines": [8, 10, 11, 13, 15, 16, 19, 78, 100, 116, 137, 154, 163], "excluded_lines": [], "start_line": 1}}, "classes": {"": {"executed_lines": [], "summary": {"covered_lines": 0, "num_statements": 89, "percent_covered": 0.0, "percent_covered_display": "0", "missing_lines": 89, "excluded_lines": 0, "percent_statements_cov
[...]
13, 114, 116, 118, 119], "excluded_lines": [], "start_line": 106}, "VSCodeManager.check_vscode_health": {"executed_lines": [], "summary": {"covered_lines": 0, "num_statements": 5, "percent_covered": 0.0, "percent_covered_display": "0", "missing_lines": 5, "excluded_lines": 0, "percent_statements_covered": 0.0, "percent_statements_covered_display": "0"}, "missing_lines": [123, 124, 125, 126, 127], "excluded_lines": [], "start_line": 121}, "VSCodeManager.get_vscode_url": {"executed_lines": [], "summary": {"covered_lines": 0, "num_statements": 1, "percent_covered": 0.0, "percent_covered_display": "0", "missing_lines": 1, "excluded_lines": 0, "percent_statements_covered": 0.0, "percent_statements_covered_display": "0"}, "missing_lines": [131], "excluded_lines": [], "start_line": 129}, "VSCodeManager.get_vscode_password": {"executed_lines": [], "summary": {"covered_lines": 0, "num_statements": 1, "percent_covered": 0.0, "percent_covered_display": "0", "missing_lines": 1, "excluded_lines": 0, "percent_statements_covered": 0.0, "percent_statements_covered_display": "0"}, "missing_lines": [135], "excluded_lines": [], "start_line": 133}, "VSCodeManager.install_extensions": {"executed_lines": [], "summary": {"covered_lines": 0, "num_statements": 31, "percent_covered": 0.0, "percent_covered_display": "0", "missing_lines": 31, "excluded_lines": 0, "percent_statements_covered": 0.0, "percent_statements_covered_display": "0"}, "missing_lines": [139, 140, 141, 143, 144, 146, 148, 149, 151, 152, 154, 155, 161, 162, 163, 165, 166, 168, 169, 170, 171, 172, 173, 175, 176, 177, 179, 180, 181, 182, 184], "excluded_lines": [], "start_line": 137}, "VSCodeManager.list_installed_extensions": {"executed_lines": [], "summary": {"covered_lines": 0, "num_statements": 9, "percent_covered": 0.0, "percent_covered_display": "0", "missing_lines": 9, "excluded_lines": 0, "percent_statements_covered": 0.0, "percent_statements_covered_display": "0"}, "missing_lines": [188, 189, 191, 192, 196, 197, 199, 200, 202], "excluded_lines": [], "start_line": 186}, "VSCodeManager.uninstall_extension": {"executed_lines": [], "summary": {"covered_lines": 0, "num_statements": 13, "percent_covered": 0.0, "percent_covered_display": "0", "missing_lines": 13, "excluded_lines": 0, "percent_statements_covered": 0.0, "percent_statements_covered_display": "0"}, "missing_lines": [206, 207, 208, 210, 211, 217, 218, 219, 221, 222, 224, 225, 226], "excluded_lines": [], "start_line": 204}, "VSCodeManager.update_extensions": {"executed_lines": [], "summary": {"covered_lines": 0, "num_statements": 14, "percent_covered": 0.0, "percent_covered_display": "0", "missing_lines": 14, "excluded_lines": 0, "percent_statements_covered": 0.0, "percent_statements_covered_display": "0"}, "missing_lines": [230, 231, 232, 234, 236, 237, 241, 242, 243, 245, 246, 248, 249, 250], "excluded_lines": [], "start_line": 228}, "VSCodeManager.get_vscode_logs": {"executed_lines": [], "summary": {"covered_lines": 0, "num_statements": 1, "percent_covered": 0.0, "percent_covered_display": "0", "missing_lines": 1, "excluded_lines": 0, "percent_statements_covered": 0.0, "percent_statements_covered_display": "0"}, "missing_lines": [254], "excluded_lines": [], "start_line": 252}, "VSCodeManager.configure_roocode": {"executed_lines": [], "summary": {"covered_lines": 0, "num_statements": 24, "percent_covered": 0.0, "percent_covered_display": "0", "missing_lines": 24, "excluded_lines": 0, "percent_statements_covered": 0.0, "percent_statements_covered_display": "0"}, "missing_lines": [258, 259, 260, 263, 289, 291, 293, 297, 298, 299, 300, 301, 303, 306, 309, 312, 313, 315, 317, 319, 320, 322, 323, 324], "excluded_lines": [], "start_line": 256}, "VSCodeManager.create_workspace_tasks": {"executed_lines": [], "summary": {"covered_lines": 0, "num_statements": 16, "percent_covered": 0.0, "percent_covered_display": "0", "missing_lines": 16, "excluded_lines": 0, "percent_statements_covered": 0.0, "percent_statements_covered_display": "0"}, "missing_lines": [328, 329, 330, 332, 409, 410, 412, 414, 415, 417, 419, 421, 422, 424, 425, 426], "excluded_lines": [], "start_line": 326}, "VSCodeManager.create_launch_config": {"executed_lines": [], "summary": {"covered_lines": 0, "num_statements": 16, "percent_covered": 0.0, "percent_covered_display": "0", "missing_lines": 16, "excluded_lines": 0, "percent_statements_covered": 0.0, "percent_statements_covered_display": "0"}, "missing_lines": [430, 431, 432, 434, 471, 472, 474, 476, 477, 479, 481, 483, 484, 486, 487, 488], "excluded_lines": [], "start_line": 428}, "VSCodeManager.backup_settings": {"executed_lines": [], "summary": {"covered_lines": 0, "num_statements": 20, "percent_covered": 0.0, "percent_covered_display": "0", "missing_lines": 20, "excluded_lines": 0, "percent_statements_covered": 0.0, "percent_statements_covered_display": "0"}, "missing_lines": [492, 493, 494, 496, 497, 499, 500, 502, 505, 506, 507, 511, 512, 513, 516, 517, 518, 519, 521, 522], "excluded_lines": [], "start_line": 490}, "VSCodeManager.restore_settings": {"executed_lines": [], "summary": {"covered_lines": 0, "num_statements": 23, "percent_covered": 0.0, "percent_covered_display": "0", "missing_lines": 23, "excluded_lines": 0, "percent_statements_covered": 0.0, "percent_statements_covered_display": "0"}, "missing_lines": [526, 527, 528, 530, 531, 532, 533, 535, 538, 539, 540, 541, 545, 546, 547, 550, 551, 552, 553, 555, 556, 558, 559], "excluded_lines": [], "start_line": 524}, "VSCodeManager.get_status": {"executed_lines": [], "summary": {"covered_lines": 0, "num_statements": 6, "percent_covered": 0.0, "percent_covered_display": "0", "missing_lines": 6, "excluded_lines": 0, "percent_statements_covered": 0.0, "percent_statements_covered_display": "0"}, "missing_lines": [563, 572, 573, 574, 575, 577], "excluded_lines": [], "start_line": 561}, "VSCodeManager.print_status_summary": {"executed_lines": [], "summary": {"covered_lines": 0, "num_statements": 20, "percent_covered": 0.0, "percent_covered_display": "0", "missing_lines": 20, "excluded_lines": 0, "percent_statements_covered": 0.0, "percent_statements_covered_display": "0"}, "missing_lines": [581, 582, 584, 587, 588, 590, 592, 593, 596, 597, 600, 603, 604, 607, 608, 609, 610, 611, 612, 614], "excluded_lines": [], "start_line": 579}, "VSCodeManager.print_quick_start": {"executed_lines": [], "summary": {"covered_lines": 0, "num_statements": 36, "percent_covered": 0.0, "percent_covered_display": "0", "missing_lines": 36, "excluded_lines": 0, "percent_statements_covered": 0.0, "percent_statements_covered_display": "0"}, "missing_lines": [618, 619, 620, 622, 623, 624, 625, 627, 628, 629, 630, 632, 633, 634, 635, 637, 638, 639, 640, 641, 642, 643, 645, 646, 647, 648, 649, 650, 651, 653, 654, 655, 656, 657, 658, 659], "excluded_lines": [], "start_line": 616}, "_cmd_start": {"executed_lines": [], "summary": {"covered_lines": 0, "num_statements": 1, "percent_covered": 0.0, "percent_covered_display": "0", "missing_lines": 1, "excluded_lines": 0, "percent_statements_covered": 0.0, "percent_statements_covered_display": "0"}, "missing_lines": [671], "excluded_lines": [], "start_line": 670}, "_cmd_stop": {"executed_lines": [], "summary": {"covered_lines": 0, "num_statements": 1, "percent_covered": 0.0, "percent_covered_display": "0", "missing_lines": 1, "excluded_lines": 0, "percent_statements_covered": 0.0, "percent_statements_covered_display": "0"}, "missing_lines": [675], "excluded_lines": [], "start_line": 674}, "_cmd_restart": {"executed_lines": [], "summary": {"covered_lines": 0, "num_statements": 1, "percent_covered": 0.0, "percent_covered_display": "0", "missing_lines": 1, "excluded_lines": 0, "percent_statements_covered": 0.0, "percent_statements_covered_display": "0"}, "missing_lines": [679], "excluded_lines": [], "start_line": 678}, "_cmd_status": {"executed_lines": [], "summary": {"covered_lines": 0, "num_statements": 2, "percent_covered": 0.0, "percent_covered_display": "0", "missing_lines": 2, "excluded_lines": 0, "percent_statements_covered": 0.0, "percent_statements_covered_display": "0"}, "missing_lines": [683, 684], "excluded_lines": [], "start_line": 682}, "_cmd_logs": {"executed_lines": [], "summary": {"covered_lines": 0, "num_statements": 3, "percent_covered": 0.0, "percent_covered_display": "0", "missing_lines": 3, "excluded_lines": 0, "percent_statements_covered": 0.0, "percent_statements_covered_display": "0"}, "missing_lines": [688, 689, 690], "excluded_lines": [], "start_line": 687}, "_cmd_install_extensions": {"executed_lines": [], "summary": {"covered_lines": 0, "num_statements": 1, "percent_covered": 0.0, "percent_covered_display": "0", "missing_lines": 1, "excluded_lines": 0, "percent_statements_covered": 0.0, "percent_statements_covered_display": "0"}, "missing_lines": [694], "excluded_lines": [], "start_line": 693}, "_cmd_list_extensions": {"executed_lines": [], "summary": {"covered_lines": 0, "num_statements": 5, "percent_covered": 0.0, "percent_covered_display": "0", "missing_lines": 5, "excluded_lines": 0, "percent_statements_covered": 0.0, "percent_statements_covered_display": "0"}, "missing_lines": [698, 699, 700, 701, 702], "excluded_lines": [], "start_line": 697}, "_cmd_update_extensions": {"executed_lines": [], "summary": {"covered_lines": 0, "num_statements": 1, "percent_covered": 0.0, "percent_covered_display": "0", "missing_lines": 1, "excluded_lines": 0, "percent_statements_covered": 0.0, "percent_statements_covered_display": "0"}, "missing_lines": [714], "excluded_lines": [], "start_line": 713}, "_cmd_configure_roocode": {"executed_lines": [], "summary": {"covered_lines": 0, "num_statements": 1, "percent_covered": 0.0, "percent_covered_display": "0", "missing_lines": 1, "excluded_lines": 0, "percent_statements_covered": 0.0, "percent_statements_covered_display": "0"}, "missing_lines": [718], "excluded_lines": [], "start_line": 717}, "_cmd_create_tasks": {"executed_lines": [], "summary": {"covered_lines": 0, "num_statements": 1, "percent_covered": 0.0, "percent_covered_display": "0", "missing_lines": 1, "excluded_lines": 0, "percent_statements_covered": 0.0, "percent_statements_covered_display": "0"}, "missing_lines": [722], "excluded_lines": [], "start_line": 721}, "_cmd_create_launch": {"executed_lines": [], "summary": {"covered_lines": 0, "num_statements": 1, "percent_covered": 0.0, "percent_covered_display": "0", "missing_lines": 1, "excluded_lines": 0, "percent_statements_covered": 0.0, "percent_statements_covered_display": "0"}, "missing_lines": [726], "excluded_lines": [], "start_line": 725}, "_cmd_backup": {"executed_lines": [], "summary": {"covered_lines": 0, "num_statements": 1, "percent_covered": 0.0, "percent_covered_display": "0", "missing_lines": 1, "excluded_lines": 0, "percent_statements_covered": 0.0, "percent_statements_covered_display": "0"}, "missing_lines": [730], "excluded_lines": [], "start_line": 729}, "_cmd_quick_start": {"executed_lines": [], "summary": {"covered_lines": 0, "num_statements": 2, "percent_covered": 0.0, "percent_covered_display": "0", "missing_lines": 2, "excluded_lines": 0, "percent_statements_covered": 0.0, "percent_statements_covered_display": "0"}, "missing_lines": [742, 743], "excluded_lines": [], "start_line": 741}, "_build_parser": {"executed_lines": [], "summary": {"covered_lines": 0, "num_statements": 6, "percent_covered": 0.0, "percent_covered_display": "0", "missing_lines": 6, "excluded_lines": 0, "percent_statements_covered": 0.0, "percent_statements_covered_display": "0"}, "missing_lines": [767, 768, 769, 770, 771, 772], "excluded_lines": [], "start_line": 766}, "_dispatch": {"executed_lines": [], "summary": {"covered_lines": 0, "num_statements": 4, "percent_covered": 0.0, "percent_covered_display": "0", "missing_lines": 4, "excluded_lines": 0, "percent_statements_covered": 0.0, "percent_statements_covered_display": "0"}, "missing_lines": [780, 781, 782, 783], "excluded_lines": [], "start_line": 775}, "main": {"executed_lines": [], "summary": {"covered_lines": 0, "num_statements": 1, "percent_covered": 0.0, "percent_covered_display": "0", "missing_lines": 1, "excluded_lines": 0, "percent_statements_covered": 0.0, "percent_statements_covered_display": "0"}, "missing_lines": [788], "excluded_lines": [], "start_line": 786}, "": {"executed_lines": [], "summary": {"covered_lines": 0, "num_statements": 59, "percent_covered": 0.0, "percent_covered_display": "0", "missing_lines": 59, "excluded_lines": 0, "percent_statements_covered": 0.0, "percent_statements_covered_display": "0"}, "missing_lines": [6, 7, 8, 9, 10, 11, 12, 13, 14, 15, 16, 17, 20, 23, 53, 57, 80, 96, 106, 121, 129, 133, 137, 186, 204, 228, 252, 256, 326, 428, 490, 524, 561, 579, 616, 664, 665, 667, 670, 674, 678, 682, 687, 693, 697, 706, 713, 717, 721, 725, 729, 734, 741, 747, 766, 775, 786, 791, 792], "excluded_lines": [], "start_line": 1}}, "classes": {"VSCodeManager": {"executed_lines": [], "summary": {"covered_lines": 0, "num_statements": 282, "percent_covered": 0.0, "percent_covered_display": "0", "missing_lines": 282, "excluded_lines": 0, "percent_statements_covered": 0.0, "percent_statements_covered_display": "0"}, "missing_lines": [24, 25, 26, 27, 28, 31, 55, 59, 60, 62, 63, 64, 66, 67, 68, 69, 71, 72, 74, 76, 77, 78, 82, 83, 85, 86, 87, 89, 90, 92, 93, 94, 98, 100, 101, 103, 104, 108, 110, 111, 112, 113, 114, 116, 118, 119, 123, 124, 125, 126, 127, 131, 135, 139, 140, 141, 143, 144, 146, 148, 149, 151, 152, 154, 155, 161, 162, 163, 165, 166, 168, 169, 170, 171, 172, 173, 175, 176, 177, 179, 180, 181, 182, 184, 188, 189, 191, 192, 196, 197, 199, 200, 202, 206, 207, 208, 210, 211, 217, 218, 219, 221, 222, 224, 225, 226, 230, 231, 232, 234, 236, 237, 241, 242, 243, 245, 246, 248, 249, 250, 254, 258, 259, 260, 263, 289, 291, 293, 297, 298, 299, 300, 301, 303, 306, 309, 312, 313, 315, 317, 319, 320, 322, 323, 324, 328, 329, 330, 332, 409, 410, 412, 414, 415, 417, 419, 421, 422, 424, 425, 426, 430, 431, 432, 434, 471, 472, 474, 476, 477, 479, 481, 483, 484, 486, 487, 488, 492, 493, 494, 496, 497, 499, 500, 502, 505, 506, 507, 511, 512, 513, 516, 517, 518, 519, 521, 522, 526, 527, 528, 530, 531, 532, 533, 535, 538, 539, 540, 541, 545, 546, 547, 550, 551, 552, 553, 555, 556, 558, 559, 563, 572, 573, 574, 575, 577, 581, 582, 584, 587, 588, 590, 592, 593, 596, 597, 600, 603, 604, 607, 608, 609, 610, 611, 612, 614, 618, 619, 620, 622, 623, 624, 625, 627, 628, 629, 630, 632, 633, 634, 635, 637, 638, 639, 640, 641, 642, 643, 645, 646, 647, 648, 649, 650, 651, 653, 654, 655, 656, 657, 658, 659], "excluded_lines": [], "start_line": 20}, "": {"executed_lines": [], "summary": {"covered_lines": 0, "num_statements": 91, "percent_covered": 0.0, "percent_covered_display": "0", "missing_lines": 91, "excluded_lines": 0, "percent_statements_covered": 0.0, "percent_statements_covered_display": "0"}, "missing_lines": [6, 7, 8, 9, 10, 11, 12, 13, 14, 15, 16, 17, 20, 23, 53, 57, 80, 96, 106, 121, 129, 133, 137, 186, 204, 228, 252, 256, 326, 428, 490, 524, 561, 579, 616, 664, 665, 667, 670, 671, 674, 675, 678, 679, 682, 683, 684, 687, 688, 689, 690, 693, 694, 697, 698, 699, 700, 701, 702, 706, 713, 714, 717, 718, 721, 722, 725, 726, 729, 730, 734, 741, 742, 743, 747, 766, 767, 768, 769, 770, 771, 772, 775, 780, 781, 782, 783, 786, 788, 791, 792], "excluded_lines": [], "start_line": 1}}}, "llx/utils/issues.py": {"executed_lines": [8, 10, 11, 12, 13, 15, 17, 18, 24, 57, 94, 116, 146, 157], "summary": {"covered_lines": 14, "num_statements": 96, "percent_covered": 14.583333333333334, "percent_covered_display": "15", "missing_lines": 82, "excluded_lines": 0, "percent_statements_covered": 14.583333333333334, "percent_statements_covered_display": "15"}, "missing_lines": [35, 36, 38, 39, 41, 42, 43, 44, 46, 47, 48, 49, 50, 51, 52, 53, 54, 65, 66, 67, 68, 70, 71, 72, 73, 74, 76, 77, 78, 79, 87, 89, 91, 100, 101, 103, 104, 105, 106, 107, 108, 110, 118, 119, 120, 121, 122, 123, 124, 125, 126, 127, 128, 129, 130, 131, 132, 133, 134, 135, 136, 137, 138, 139, 140, 148, 154, 165, 166, 167, 168, 169, 170, 171, 173, 174, 175, 177, 178, 180, 181, 183], "excluded_lines": [], "functions": {"load_issue_source": {"executed_lines": [], "summary": {"covered_lines": 0, "num_statements": 17, "percent_covered": 0.0, "percent_covered_display": "0", "missing_lines": 17, "excluded_lines": 0, "percent_statements_covered": 0.0, "percent_statements_covered_display": "0"}, "missing_lines": [35, 36, 38, 39, 41, 42, 43, 44, 46, 47, 48, 49, 50, 51, 52, 53, 54], "excluded_lines": [], "start_line": 24}, "load_todo_markdown": {"executed_lines": [], "summary": {"covered_lines": 0, "num_statements": 16, "percent_covered": 0.0, "percent_covered_display": "0", "missing_lines": 16, "excluded_lines": 0, "percent_statements_covered": 0.0, "percent_statements_covered_display": "0"}, "missing_lines": [65, 66, 67, 68, 70, 71, 72, 73, 74, 76, 77, 78, 79, 87, 89, 91], "excluded_lines": [], "start_line": 57}, "resolve_issue_source": {"executed_lines": [], "summary": {"covered_lines": 0, "num_statements": 9, "percent_covered": 0.0, "percent_covered_display": "0", "missing_lines": 9, "excluded_lines": 0, "percent_statements_covered": 0.0, "percent_statements_covered_display": "0"}, "missing_lines": [100, 101, 103, 104, 105, 106, 107, 108, 110], "excluded_lines": [], "start_line": 94}, "issue_text": {"executed_lines": [], "summary": {"covered_lines": 0, "num_statements": 23, "percent_covered": 0.0, "percent_covered_display": "0", "missing_lines": 23, "excluded_lines": 0, "percent_statements_covered": 0.0, "percent_statements_covered_display": "0"}, "missing_lines": [118, 119, 120, 121, 122, 123, 124, 125, 126, 127, 128, 129, 130, 131, 132, 133, 134, 135, 136, 137, 138, 139, 140], "excluded_lines": [], "start_line": 116}, "task_prompt_label": {"executed_lines": [], "summary": {"covered_lines": 0, "num_statements": 2, "percent_covered": 0.0, "percent_covered_display": "0", "missing_lines": 2, "excluded_lines": 0, "percent_statements_covered": 0.0, "percent_statements_covered_display": "0"}, "missing_lines": [148, 154], "excluded_lines": [], "start_line": 146}, "build_fix_prompt": {"executed_lines": [], "summary": {"covered_lines": 0, "num_statements": 15, "percent_covered": 0.0, "percent_covered_display": "0", "missing_lines": 15, "excluded_lines": 0, "percent_statements_covered": 0.0, "percent_statements_covered_display": "0"}, "missing_lines": [165, 166, 167, 168, 169, 170, 171, 173, 174, 175, 177, 178, 180, 181, 183], "excluded_lines": [], "start_line": 157}, "": {"executed_lines": [8, 10, 11, 12, 13, 15, 17, 18, 24, 57, 94, 116, 146, 157], "summary": {"covered_lines": 14, "num_statements": 14, "percent_covered": 100.0, "percent_covered_display": "100", "missing_lines": 0, "excluded_lines": 0, "percent_statements_covered": 100.0, "percent_statements_covered_display": "100"}, "missing_lines": [], "excluded_lines": [], "start_line": 1}}, "classes": {"": {"executed_lines": [8, 10, 11, 12, 13, 15, 17, 18, 24, 57, 94, 116, 146, 157], "summary": {"covered_lines": 14, "num_statements": 96, "percent_covered": 14.583333333333334, "percent_covered_display": "15", "missing_lines": 82, "excluded_lines": 0, "percent_statements_covered": 14.583333333333334, "percent_statements_covered_display": "15"}, "missing_lines": [35, 36, 38, 39, 41, 42, 43, 44, 46, 47, 48, 49, 50, 51, 52, 53, 54, 65, 66, 67, 68, 70, 71, 72, 73, 74, 76, 77, 78, 79, 87, 89, 91, 100, 101, 103, 104, 105, 106, 107, 108, 110, 118, 119, 120, 121, 122, 123, 124, 125, 126, 127, 128, 129, 130, 131, 132, 133, 134, 135, 136, 137, 138, 139, 140, 148, 154, 165, 166, 167, 168, 169, 170, 171, 173, 174, 175, 177, 178, 180, 181, 183], "excluded_lines": [], "start_line": 1}}}}, "totals": {"covered_lines": 2947, "num_statements": 14418, "percent_covered": 20.43972811763074, "percent_covered_display": "20", "missing_lines": 11471, "excluded_lines": 11, "percent_statements_covered": 20.43972811763074, "percent_statements_covered_display": "20"}}